Files already downloaded and verified
Epoch 0 started
Epoch 0, Loss: 0.1024200311934948
Epoch 1 started
Epoch 1, Loss: 0.050894763317108155
Epoch 2 started
Epoch 2, Loss: 0.04530283589363098
Epoch 3 started
Epoch 3, Loss: 0.042895737442970275
Epoch 4 started
Epoch 4, Loss: 0.04185702100038528
Epoch 5 started
Epoch 5, Loss: 0.04006802759051323
Epoch 6 started
Epoch 6, Loss: 0.039545243576169016
Epoch 7 started
Epoch 7, Loss: 0.0384289641559124
Epoch 8 started
Epoch 8, Loss: 0.03832571875572205
Epoch 9 started
Epoch 9, Loss: 0.03810080226957798
Epoch 10 started
Epoch 10, Loss: 0.036959286972284316
Epoch 11 started
Epoch 11, Loss: 0.03701823119044304
Epoch 12 started
Epoch 12, Loss: 0.03726675080060959
Epoch 13 started
Epoch 13, Loss: 0.036057856729030606
Epoch 14 started
Epoch 14, Loss: 0.036221706978082656
Epoch 15 started
Epoch 15, Loss: 0.0356347731077671
Epoch 16 started
Epoch 16, Loss: 0.035647879832983016
Epoch 17 started
Epoch 17, Loss: 0.035459930565357206
Epoch 18 started
Epoch 18, Loss: 0.03553554940342903
Epoch 19 started
Epoch 19, Loss: 0.03495146479547024
Epoch 20 started
Epoch 20, Loss: 0.035014758366346356
Epoch 21 started
Epoch 21, Loss: 0.03525513038158417
Epoch 22 started
Epoch 22, Loss: 0.034798253977298736
Epoch 23 started
Epoch 23, Loss: 0.03445057421803475
Epoch 24 started
Epoch 24, Loss: 0.03451210342884064
Epoch 25 started
Epoch 25, Loss: 0.0343755407845974
Epoch 26 started
Epoch 26, Loss: 0.03437604026794434
Epoch 27 started
Epoch 27, Loss: 0.03398146909415722
Epoch 28 started
Epoch 28, Loss: 0.03409808629989624
Epoch 29 started
Epoch 29, Loss: 0.033697851910591124
Epoch 30 started
Epoch 30, Loss: 0.03379362583875656
Epoch 31 started
Epoch 31, Loss: 0.03386658814907074
Epoch 32 started
Epoch 32, Loss: 0.033905158805847165
Epoch 33 started
Epoch 33, Loss: 0.03403345444560051
Epoch 34 started
Epoch 34, Loss: 0.033698281054496765
Epoch 35 started
Epoch 35, Loss: 0.03353408458709717
Epoch 36 started
Epoch 36, Loss: 0.033651368132829665
Epoch 37 started
Epoch 37, Loss: 0.03322929686188698
Epoch 38 started
Epoch 38, Loss: 0.03306480380415917
Epoch 39 started
Epoch 39, Loss: 0.03322470121741295
Epoch 40 started
Epoch 40, Loss: 0.033530445226430894
Epoch 41 started
Epoch 41, Loss: 0.03343947776556015
Epoch 42 started
Epoch 42, Loss: 0.0330437418615818
Epoch 43 started
Epoch 43, Loss: 0.03290820773243904
Epoch 44 started
Epoch 44, Loss: 0.03352435318231583
Epoch 45 started
Epoch 45, Loss: 0.03311162896871567
Epoch 46 started
Epoch 46, Loss: 0.03249640431046486
Epoch 47 started
Epoch 47, Loss: 0.033007110565900805
Epoch 48 started
Epoch 48, Loss: 0.032488573101758955
Epoch 49 started
Epoch 49, Loss: 0.03338501405596733
Epoch 50 started
Epoch 50, Loss: 0.03184862186908722
Epoch 51 started
Epoch 51, Loss: 0.032805079002380375
Epoch 52 started
Epoch 52, Loss: 0.03272008271098137
Epoch 53 started
Epoch 53, Loss: 0.03280043280243874
Epoch 54 started
Epoch 54, Loss: 0.032011004644632336
Epoch 55 started
Epoch 55, Loss: 0.03319336314439773
Epoch 56 started
Epoch 56, Loss: 0.03253098944067955
Epoch 57 started
Epoch 57, Loss: 0.03294965463280678
Epoch 58 started
Epoch 58, Loss: 0.03223590168237686
Epoch 59 started
Epoch 59, Loss: 0.03243322435498237
Epoch 60 started
Epoch 60, Loss: 0.03216237971067429
Epoch 61 started
Epoch 61, Loss: 0.03234753641247749
Epoch 62 started
Epoch 62, Loss: 0.03250396222829819
Epoch 63 started
Epoch 63, Loss: 0.03289666259527206
Epoch 64 started
Epoch 64, Loss: 0.03265942827224731
Epoch 65 started
Epoch 65, Loss: 0.032495087475776674
Epoch 66 started
Epoch 66, Loss: 0.032191872551441195
Epoch 67 started
Epoch 67, Loss: 0.031321101574897765
Epoch 68 started
Epoch 68, Loss: 0.031981469002962115
Epoch 69 started
Epoch 69, Loss: 0.032825158767700195
Epoch 70 started
Epoch 70, Loss: 0.032283288605213165
Epoch 71 started
Epoch 71, Loss: 0.0330618176651001
Epoch 72 started
Epoch 72, Loss: 0.03189153057694435
Epoch 73 started
Epoch 73, Loss: 0.031936504083275793
Epoch 74 started
Epoch 74, Loss: 0.03184135272145271
Epoch 75 started
Epoch 75, Loss: 0.03210141263842583
Epoch 76 started
Epoch 76, Loss: 0.032380749528408054
Epoch 77 started
Epoch 77, Loss: 0.0319836980342865
Epoch 78 started
Epoch 78, Loss: 0.03234151463508606
Epoch 79 started
Epoch 79, Loss: 0.0320365215754509
Epoch 80 started
Epoch 80, Loss: 0.03135461485266686
Epoch 81 started
Epoch 81, Loss: 0.03196207421541214
Epoch 82 started
Epoch 82, Loss: 0.03158489298820496
Epoch 83 started
Epoch 83, Loss: 0.03189652214884758
Epoch 84 started
Epoch 84, Loss: 0.03238693465292454
Epoch 85 started
Epoch 85, Loss: 0.03210386997520923
Epoch 86 started
Epoch 86, Loss: 0.03209114381849766
Epoch 87 started
Epoch 87, Loss: 0.032013509929180145
Epoch 88 started
Epoch 88, Loss: 0.031778262439966204
Epoch 89 started
Epoch 89, Loss: 0.031577277466058734
Epoch 90 started
Epoch 90, Loss: 0.03209362476825714
Epoch 91 started
Epoch 91, Loss: 0.031313883031606676
Epoch 92 started
Epoch 92, Loss: 0.03145059047937393
Epoch 93 started
Epoch 93, Loss: 0.03201850682497025
Epoch 94 started
Epoch 94, Loss: 0.03203541494846344
Epoch 95 started
Epoch 95, Loss: 0.03172029998660088
Epoch 96 started
Epoch 96, Loss: 0.03160843741595745
Epoch 97 started
Epoch 97, Loss: 0.031841163356900216
Epoch 98 started
Epoch 98, Loss: 0.03164996347784996
Epoch 99 started
Epoch 99, Loss: 0.03194793904185295
Epoch 100 started
Epoch 100, Loss: 0.03177452096819878
Epoch 101 started
Epoch 101, Loss: 0.03121885535478592
Epoch 102 started
Epoch 102, Loss: 0.03176464368700981
Epoch 103 started
Epoch 103, Loss: 0.0313792362678051
Epoch 104 started
Epoch 104, Loss: 0.03144763528585434
Epoch 105 started
Epoch 105, Loss: 0.031039833122491835
Epoch 106 started
Epoch 106, Loss: 0.03129628586888313
Epoch 107 started
Epoch 107, Loss: 0.03192462530195713
Epoch 108 started
Epoch 108, Loss: 0.03177702509462833
Epoch 109 started
Epoch 109, Loss: 0.031498874246478084
Epoch 110 started
Epoch 110, Loss: 0.03167211260437965
Epoch 111 started
Epoch 111, Loss: 0.0318623628616333
Epoch 112 started
Epoch 112, Loss: 0.03174829258084297
Epoch 113 started
Epoch 113, Loss: 0.03155870522141457
Epoch 114 started
Epoch 114, Loss: 0.03153969427227974
Epoch 115 started
Epoch 115, Loss: 0.03120496067881584
Epoch 116 started
Epoch 116, Loss: 0.03150221844553947
Epoch 117 started
Epoch 117, Loss: 0.031637040697336194
Epoch 118 started
Epoch 118, Loss: 0.03119228196263313
Epoch 119 started
Epoch 119, Loss: 0.031811660881638525
Epoch 120 started
Epoch 120, Loss: 0.03199838805913925
Epoch 121 started
Epoch 121, Loss: 0.031778748911619185
Epoch 122 started
Epoch 122, Loss: 0.031275352162122724
Epoch 123 started
Epoch 123, Loss: 0.03139547301769256
Epoch 124 started
Epoch 124, Loss: 0.03109092022538185
Epoch 125 started
Epoch 125, Loss: 0.03204496522426605
Epoch 126 started
Epoch 126, Loss: 0.031103039804697037
Epoch 127 started
Epoch 127, Loss: 0.031699623345136645
Epoch 128 started
Epoch 128, Loss: 0.03161127017974853
Epoch 129 started
Epoch 129, Loss: 0.031129725422859193
Epoch 130 started
Epoch 130, Loss: 0.03141915385365486
Epoch 131 started
Epoch 131, Loss: 0.03131524380207062
Epoch 132 started
Epoch 132, Loss: 0.031030339094400405
Epoch 133 started
Epoch 133, Loss: 0.03157963360190392
Epoch 134 started
Epoch 134, Loss: 0.031140107514858247
Epoch 135 started
Epoch 135, Loss: 0.031222610067129133
Epoch 136 started
Epoch 136, Loss: 0.031168769708275795
Epoch 137 started
Epoch 137, Loss: 0.03160738813698292
Epoch 138 started
Epoch 138, Loss: 0.03136445748209953
Epoch 139 started
Epoch 139, Loss: 0.031164023822546006
Epoch 140 started
Epoch 140, Loss: 0.03134107905268669
Epoch 141 started
Epoch 141, Loss: 0.03104054320573807
Epoch 142 started
Epoch 142, Loss: 0.031376290657520296
Epoch 143 started
Epoch 143, Loss: 0.031244911087155342
Epoch 144 started
Epoch 144, Loss: 0.03182095699429512
Epoch 145 started
Epoch 145, Loss: 0.031201313486099242
Epoch 146 started
Epoch 146, Loss: 0.03126322075426578
Epoch 147 started
Epoch 147, Loss: 0.03132988902449608
Epoch 148 started
Epoch 148, Loss: 0.031516010345220564
Epoch 149 started
Epoch 149, Loss: 0.030910112649202348
Epoch 150 started
Epoch 150, Loss: 0.031722683089971546
Epoch 151 started
Epoch 151, Loss: 0.03089787334084511
Epoch 152 started
Epoch 152, Loss: 0.030921896364092826
Epoch 153 started
Epoch 153, Loss: 0.0315051586329937
Epoch 154 started
Epoch 154, Loss: 0.03178856138706207
Epoch 155 started
Epoch 155, Loss: 0.03065954306960106
Epoch 156 started
Epoch 156, Loss: 0.030795198687314985
Epoch 157 started
Epoch 157, Loss: 0.031165125453472137
Epoch 158 started
Epoch 158, Loss: 0.03131789102852345
Epoch 159 started
Epoch 159, Loss: 0.03076856343984604
Epoch 160 started
Epoch 160, Loss: 0.031096931364536284
Epoch 161 started
Epoch 161, Loss: 0.030973532846570014
Epoch 162 started
Epoch 162, Loss: 0.0315595135474205
Epoch 163 started
Epoch 163, Loss: 0.030826076740026475
Epoch 164 started
Epoch 164, Loss: 0.031781158475279805
Epoch 165 started
Epoch 165, Loss: 0.03106322011113167
Epoch 166 started
Epoch 166, Loss: 0.03088654605984688
Epoch 167 started
Epoch 167, Loss: 0.030678339980244638
Epoch 168 started
Epoch 168, Loss: 0.030809141981601715
Epoch 169 started
Epoch 169, Loss: 0.030982444006204604
Epoch 170 started
Epoch 170, Loss: 0.031212764286398888
Epoch 171 started
Epoch 171, Loss: 0.030878344498872758
Epoch 172 started
Epoch 172, Loss: 0.030757875196933748
Epoch 173 started
Epoch 173, Loss: 0.030615216522812842
Epoch 174 started
Epoch 174, Loss: 0.03100317970752716
Epoch 175 started
Epoch 175, Loss: 0.03129631357371807
Epoch 176 started
Epoch 176, Loss: 0.030753363488316535
Epoch 177 started
Epoch 177, Loss: 0.030572377007603645
Epoch 178 started
Epoch 178, Loss: 0.030793178377747536
Epoch 179 started
Epoch 179, Loss: 0.030565686106681825
Epoch 180 started
Epoch 180, Loss: 0.03062469863831997
Epoch 181 started
Epoch 181, Loss: 0.030832357724308968
Epoch 182 started
Epoch 182, Loss: 0.030825322306752206
Epoch 183 started
Epoch 183, Loss: 0.030710525121092798
Epoch 184 started
Epoch 184, Loss: 0.031070581306219102
Epoch 185 started
Epoch 185, Loss: 0.03096251329898834
Epoch 186 started
Epoch 186, Loss: 0.03083164330124855
Epoch 187 started
Epoch 187, Loss: 0.031672294915914535
Epoch 188 started
Epoch 188, Loss: 0.03118209662914276
Epoch 189 started
Epoch 189, Loss: 0.031166707100868225
Epoch 190 started
Epoch 190, Loss: 0.03138230432510376
Epoch 191 started
Epoch 191, Loss: 0.030794652973413467
Epoch 192 started
Epoch 192, Loss: 0.03135863779842853
Epoch 193 started
Epoch 193, Loss: 0.030681626408100127
Epoch 194 started
Epoch 194, Loss: 0.031064014484882354
Epoch 195 started
Epoch 195, Loss: 0.030750635330677033
Epoch 196 started
Epoch 196, Loss: 0.031194767609238623
Epoch 197 started
Epoch 197, Loss: 0.030869216693639755
Epoch 198 started
Epoch 198, Loss: 0.030887703297138216
Epoch 199 started
Epoch 199, Loss: 0.03125310434103012
Epoch 200 started
Epoch 200, Loss: 0.03159773025929928
Epoch 201 started
Epoch 201, Loss: 0.030668567731380464
Epoch 202 started
Epoch 202, Loss: 0.030892257788181304
Epoch 203 started
Epoch 203, Loss: 0.0314882135283947
Epoch 204 started
Epoch 204, Loss: 0.031050771332383157
Epoch 205 started
Epoch 205, Loss: 0.03090040984630585
Epoch 206 started
Epoch 206, Loss: 0.030367979443073272
Epoch 207 started
Epoch 207, Loss: 0.03156752384543419
Epoch 208 started
Epoch 208, Loss: 0.030591848512887956
Epoch 209 started
Epoch 209, Loss: 0.03133024195075035
Epoch 210 started
Epoch 210, Loss: 0.030504547007083892
Epoch 211 started
Epoch 211, Loss: 0.030936425370574
Epoch 212 started
Epoch 212, Loss: 0.03125903625249863
Epoch 213 started
Epoch 213, Loss: 0.030970471336245538
Epoch 214 started
Epoch 214, Loss: 0.03070147333562374
Epoch 215 started
Epoch 215, Loss: 0.030554854530096053
Epoch 216 started
Epoch 216, Loss: 0.030845657283067703
Epoch 217 started
Epoch 217, Loss: 0.030898403872847556
Epoch 218 started
Epoch 218, Loss: 0.031119431096315382
Epoch 219 started
Epoch 219, Loss: 0.030631474847197533
Epoch 220 started
Epoch 220, Loss: 0.030644174221754073
Epoch 221 started
Epoch 221, Loss: 0.031054536081552505
Epoch 222 started
Epoch 222, Loss: 0.030993232221007347
Epoch 223 started
Epoch 223, Loss: 0.030329403191804886
Epoch 224 started
Epoch 224, Loss: 0.030447661156654357
Epoch 225 started
Epoch 225, Loss: 0.030944700949788094
Epoch 226 started
Epoch 226, Loss: 0.03093992802321911
Epoch 227 started
Epoch 227, Loss: 0.03044463102340698
Epoch 228 started
Epoch 228, Loss: 0.03132312096118927
Epoch 229 started
Epoch 229, Loss: 0.03080337636232376
Epoch 230 started
Epoch 230, Loss: 0.030146587128043176
Epoch 231 started
Epoch 231, Loss: 0.030973120007514954
Epoch 232 started
Epoch 232, Loss: 0.030218969072103502
Epoch 233 started
Epoch 233, Loss: 0.0309582210457325
Epoch 234 started
Epoch 234, Loss: 0.030914782462120056
Epoch 235 started
Epoch 235, Loss: 0.030771727805137636
Epoch 236 started
Epoch 236, Loss: 0.03154902082145214
Epoch 237 started
Epoch 237, Loss: 0.03052595847249031
Epoch 238 started
Epoch 238, Loss: 0.030553751269578933
Epoch 239 started
Epoch 239, Loss: 0.030854768446683882
Epoch 240 started
Epoch 240, Loss: 0.030577437940835953
Epoch 241 started
Epoch 241, Loss: 0.03107922115802765
Epoch 242 started
Epoch 242, Loss: 0.030428204858899115
Epoch 243 started
Epoch 243, Loss: 0.030409173370599746
Epoch 244 started
Epoch 244, Loss: 0.03094074586391449
Epoch 245 started
Epoch 245, Loss: 0.030568055132627486
Epoch 246 started
Epoch 246, Loss: 0.03066782040953636
Epoch 247 started
Epoch 247, Loss: 0.0307425764220953
Epoch 248 started
Epoch 248, Loss: 0.0303682741856575
Epoch 249 started
Epoch 249, Loss: 0.03036994259476662
Epoch 250 started
Epoch 250, Loss: 0.030421241405010225
Epoch 251 started
Epoch 251, Loss: 0.03132270778298378
Epoch 252 started
Epoch 252, Loss: 0.03072895400583744
Epoch 253 started
Epoch 253, Loss: 0.031072288551330568
Epoch 254 started
Epoch 254, Loss: 0.03086668980538845
Epoch 255 started
Epoch 255, Loss: 0.031066912926435472
Epoch 256 started
Epoch 256, Loss: 0.03021325253367424
Epoch 257 started
Epoch 257, Loss: 0.0313326576757431
Epoch 258 started
Epoch 258, Loss: 0.0304330315387249
Epoch 259 started
Epoch 259, Loss: 0.031209214655160904
Epoch 260 started
Epoch 260, Loss: 0.03083499458372593
Epoch 261 started
Epoch 261, Loss: 0.030698551394343375
Epoch 262 started
Epoch 262, Loss: 0.030198253227472306
Epoch 263 started
Epoch 263, Loss: 0.030714090418815614
Epoch 264 started
Epoch 264, Loss: 0.030666163029670717
Epoch 265 started
Epoch 265, Loss: 0.030790155505537986
Epoch 266 started
Epoch 266, Loss: 0.03078021486878395
Epoch 267 started
Epoch 267, Loss: 0.030251022171378136
Epoch 268 started
Epoch 268, Loss: 0.030480371809601784
Epoch 269 started
Epoch 269, Loss: 0.030155124050974844
Epoch 270 started
Epoch 270, Loss: 0.030623654062747956
Epoch 271 started
Epoch 271, Loss: 0.03100550012588501
Epoch 272 started
Epoch 272, Loss: 0.03036736976146698
Epoch 273 started
Epoch 273, Loss: 0.030561010605096816
Epoch 274 started
Epoch 274, Loss: 0.030606545574665068
Epoch 275 started
Epoch 275, Loss: 0.030388092122077943
Epoch 276 started
Epoch 276, Loss: 0.03057430668592453
Epoch 277 started
Epoch 277, Loss: 0.030676586298942567
Epoch 278 started
Epoch 278, Loss: 0.030625333346128464
Epoch 279 started
Epoch 279, Loss: 0.030842883372306822
Epoch 280 started
Epoch 280, Loss: 0.030289896520376204
Epoch 281 started
Epoch 281, Loss: 0.030786759879589082
Epoch 282 started
Epoch 282, Loss: 0.030401344882249833
Epoch 283 started
Epoch 283, Loss: 0.03051894901037216
Epoch 284 started
Epoch 284, Loss: 0.031121975601315497
Epoch 285 started
Epoch 285, Loss: 0.03034019213795662
Epoch 286 started
Epoch 286, Loss: 0.03071877532362938
Epoch 287 started
Epoch 287, Loss: 0.030415279837846757
Epoch 288 started
Epoch 288, Loss: 0.030348667761087418
Epoch 289 started
Epoch 289, Loss: 0.030642139580249788
Epoch 290 started
Epoch 290, Loss: 0.030539245492219924
Epoch 291 started
Epoch 291, Loss: 0.030269221653342247
Epoch 292 started
Epoch 292, Loss: 0.030003210627734662
Epoch 293 started
Epoch 293, Loss: 0.030798482571840285
Epoch 294 started
Epoch 294, Loss: 0.030327523480057718
Epoch 295 started
Epoch 295, Loss: 0.03007909004330635
Epoch 296 started
Epoch 296, Loss: 0.0303879329931736
Epoch 297 started
Epoch 297, Loss: 0.031113303258419038
Epoch 298 started
Epoch 298, Loss: 0.03098374635517597
Epoch 299 started
Epoch 299, Loss: 0.030395903339385986
Epoch 300 started
Epoch 300, Loss: 0.03033309750497341
Epoch 301 started
Epoch 301, Loss: 0.030323974792957308
Epoch 302 started
Epoch 302, Loss: 0.030199386684298515
Epoch 303 started
Epoch 303, Loss: 0.03020899895787239
Epoch 304 started
Epoch 304, Loss: 0.030839598451852798
Epoch 305 started
Epoch 305, Loss: 0.031040740486979485
Epoch 306 started
Epoch 306, Loss: 0.030170108798742296
Epoch 307 started
Epoch 307, Loss: 0.03064086909890175
Epoch 308 started
Epoch 308, Loss: 0.03025334526360035
Epoch 309 started
Epoch 309, Loss: 0.03021293918967247
Epoch 310 started
Epoch 310, Loss: 0.030397553983330727
Epoch 311 started
Epoch 311, Loss: 0.030623967145681382
Epoch 312 started
Epoch 312, Loss: 0.03046187227845192
Epoch 313 started
Epoch 313, Loss: 0.030495501159727573
Epoch 314 started
Epoch 314, Loss: 0.0302919539809227
Epoch 315 started
Epoch 315, Loss: 0.030581506400704384
Epoch 316 started
Epoch 316, Loss: 0.030481656134128572
Epoch 317 started
Epoch 317, Loss: 0.030261669352054595
Epoch 318 started
Epoch 318, Loss: 0.030858448086977006
Epoch 319 started
Epoch 319, Loss: 0.030678547039031983
Epoch 320 started
Epoch 320, Loss: 0.030196232270002364
Epoch 321 started
Epoch 321, Loss: 0.030477055323123933
Epoch 322 started
Epoch 322, Loss: 0.030559798604846002
Epoch 323 started
Epoch 323, Loss: 0.030938146880269052
Epoch 324 started
Epoch 324, Loss: 0.03064548788189888
Epoch 325 started
Epoch 325, Loss: 0.031046094645261764
Epoch 326 started
Epoch 326, Loss: 0.030550207899808883
Epoch 327 started
Epoch 327, Loss: 0.030375048969984053
Epoch 328 started
Epoch 328, Loss: 0.030652715603709222
Epoch 329 started
Epoch 329, Loss: 0.030177711304426192
Epoch 330 started
Epoch 330, Loss: 0.030610757170915603
Epoch 331 started
Epoch 331, Loss: 0.030356709640026094
Epoch 332 started
Epoch 332, Loss: 0.03034133382678032
Epoch 333 started
Epoch 333, Loss: 0.030480731059908867
Epoch 334 started
Epoch 334, Loss: 0.030585225499868394
Epoch 335 started
Epoch 335, Loss: 0.03059589716076851
Epoch 336 started
Epoch 336, Loss: 0.029846229531764985
Epoch 337 started
Epoch 337, Loss: 0.030320785020589828
Epoch 338 started
Epoch 338, Loss: 0.03068939824640751
Epoch 339 started
Epoch 339, Loss: 0.030338817260861396
Epoch 340 started
Epoch 340, Loss: 0.03070329949617386
Epoch 341 started
Epoch 341, Loss: 0.0305958752900362
Epoch 342 started
Epoch 342, Loss: 0.030654179037213326
Epoch 343 started
Epoch 343, Loss: 0.030222300499677657
Epoch 344 started
Epoch 344, Loss: 0.02995987957715988
Epoch 345 started
Epoch 345, Loss: 0.030295464836359025
Epoch 346 started
Epoch 346, Loss: 0.030486588302850722
Epoch 347 started
Epoch 347, Loss: 0.03082356355667114
Epoch 348 started
Epoch 348, Loss: 0.03041694985985756
Epoch 349 started
Epoch 349, Loss: 0.030233458872437478
Epoch 350 started
Epoch 350, Loss: 0.030279334507584573
Epoch 351 started
Epoch 351, Loss: 0.03034560360789299
Epoch 352 started
Epoch 352, Loss: 0.03035072838783264
Epoch 353 started
Epoch 353, Loss: 0.030415059296488762
Epoch 354 started
Epoch 354, Loss: 0.030060342489480973
Epoch 355 started
Epoch 355, Loss: 0.03042515938282013
Epoch 356 started
Epoch 356, Loss: 0.030385299501419067
Epoch 357 started
Epoch 357, Loss: 0.030267930052280425
Epoch 358 started
Epoch 358, Loss: 0.030481518805623053
Epoch 359 started
Epoch 359, Loss: 0.030210348942279815
Epoch 360 started
Epoch 360, Loss: 0.03043274575650692
Epoch 361 started
Epoch 361, Loss: 0.03023156616151333
Epoch 362 started
Epoch 362, Loss: 0.030929824759960176
Epoch 363 started
Epoch 363, Loss: 0.030582046780586243
Epoch 364 started
Epoch 364, Loss: 0.030688284071683884
Epoch 365 started
Epoch 365, Loss: 0.030676708672046662
Epoch 366 started
Epoch 366, Loss: 0.03036430201292038
Epoch 367 started
Epoch 367, Loss: 0.02955136268019676
Epoch 368 started
Epoch 368, Loss: 0.03032125078558922
Epoch 369 started
Epoch 369, Loss: 0.030294828915596008
Epoch 370 started
Epoch 370, Loss: 0.03053663358569145
Epoch 371 started
Epoch 371, Loss: 0.030480585989952087
Epoch 372 started
Epoch 372, Loss: 0.02990398232936859
Epoch 373 started
Epoch 373, Loss: 0.03084269839525223
Epoch 374 started
Epoch 374, Loss: 0.030332931591272354
Epoch 375 started
Epoch 375, Loss: 0.029463639106154443
Epoch 376 started
Epoch 376, Loss: 0.03050310102522373
Epoch 377 started
Epoch 377, Loss: 0.030197365237474443
Epoch 378 started
Epoch 378, Loss: 0.03075380331158638
Epoch 379 started
Epoch 379, Loss: 0.030203073766231537
Epoch 380 started
Epoch 380, Loss: 0.030335479976534845
Epoch 381 started
Epoch 381, Loss: 0.03062279430985451
Epoch 382 started
Epoch 382, Loss: 0.030161266226768492
Epoch 383 started
Epoch 383, Loss: 0.030838520421385764
Epoch 384 started
Epoch 384, Loss: 0.030387877728939056
Epoch 385 started
Epoch 385, Loss: 0.030473915519118308
Epoch 386 started
Epoch 386, Loss: 0.03045658567070961
Epoch 387 started
Epoch 387, Loss: 0.02997780723810196
Epoch 388 started
Epoch 388, Loss: 0.03029918434739113
Epoch 389 started
Epoch 389, Loss: 0.030058827006816863
Epoch 390 started
Epoch 390, Loss: 0.029873456985354423
Epoch 391 started
Epoch 391, Loss: 0.030663435530662538
Epoch 392 started
Epoch 392, Loss: 0.030099974912405014
Epoch 393 started
Epoch 393, Loss: 0.030477088406085966
Epoch 394 started
Epoch 394, Loss: 0.030481595927476884
Epoch 395 started
Epoch 395, Loss: 0.03044090200483799
Epoch 396 started
Epoch 396, Loss: 0.030264454951286317
Epoch 397 started
Epoch 397, Loss: 0.030481607149839402
Epoch 398 started
Epoch 398, Loss: 0.030537509087324142
Epoch 399 started
Epoch 399, Loss: 0.030644763770699503
Epoch 400 started
Epoch 400, Loss: 0.030696809368133546
Epoch 401 started
Epoch 401, Loss: 0.030364977395534516
Epoch 402 started
Epoch 402, Loss: 0.030036000318527222
Epoch 403 started
Epoch 403, Loss: 0.030425589673519136
Epoch 404 started
Epoch 404, Loss: 0.0303027235019207
Epoch 405 started
Epoch 405, Loss: 0.030385154875516893
Epoch 406 started
Epoch 406, Loss: 0.030509392111301423
Epoch 407 started
Epoch 407, Loss: 0.03040337085723877
Epoch 408 started
Epoch 408, Loss: 0.030144710161685944
Epoch 409 started
Epoch 409, Loss: 0.030659158697128295
Epoch 410 started
Epoch 410, Loss: 0.030149172397255897
Epoch 411 started
Epoch 411, Loss: 0.03004124435544014
Epoch 412 started
Epoch 412, Loss: 0.03091953499674797
Epoch 413 started
Epoch 413, Loss: 0.03050208618760109
Epoch 414 started
Epoch 414, Loss: 0.03002805064857006
Epoch 415 started
Epoch 415, Loss: 0.030216165211200713
Epoch 416 started
Epoch 416, Loss: 0.0301856636929512
Epoch 417 started
Epoch 417, Loss: 0.030744067065119743
Epoch 418 started
Epoch 418, Loss: 0.029985294495820998
Epoch 419 started
Epoch 419, Loss: 0.030463132103681564
Epoch 420 started
Epoch 420, Loss: 0.030469527212381362
Epoch 421 started
Epoch 421, Loss: 0.030448897395133973
Epoch 422 started
Epoch 422, Loss: 0.03010395711898804
Epoch 423 started
Epoch 423, Loss: 0.030395676260590553
Epoch 424 started
Epoch 424, Loss: 0.030248993898034097
Epoch 425 started
Epoch 425, Loss: 0.030004916545152666
Epoch 426 started
Epoch 426, Loss: 0.03054505849599838
Epoch 427 started
Epoch 427, Loss: 0.030303878715634346
Epoch 428 started
Epoch 428, Loss: 0.03066455402970314
Epoch 429 started
Epoch 429, Loss: 0.030193413648605345
Epoch 430 started
Epoch 430, Loss: 0.030305369272828103
Epoch 431 started
Epoch 431, Loss: 0.030647006986141204
Epoch 432 started
Epoch 432, Loss: 0.030105166338086128
Epoch 433 started
Epoch 433, Loss: 0.03041576689839363
Epoch 434 started
Epoch 434, Loss: 0.029489714974164964
Epoch 435 started
Epoch 435, Loss: 0.030127947105765343
Epoch 436 started
Epoch 436, Loss: 0.030401730021834373
Epoch 437 started
Epoch 437, Loss: 0.03081167098701
Epoch 438 started
Epoch 438, Loss: 0.03071205303788185
Epoch 439 started
Epoch 439, Loss: 0.030648631872534752
Epoch 440 started
Epoch 440, Loss: 0.030260824999809265
Epoch 441 started
Epoch 441, Loss: 0.030386829037666322
Epoch 442 started
Epoch 442, Loss: 0.03066682192206383
Epoch 443 started
Epoch 443, Loss: 0.030320471589565277
Epoch 444 started
Epoch 444, Loss: 0.030634824969768524
Epoch 445 started
Epoch 445, Loss: 0.029805476043224335
Epoch 446 started
Epoch 446, Loss: 0.029619931171536447
Epoch 447 started
Epoch 447, Loss: 0.030198455579280855
Epoch 448 started
Epoch 448, Loss: 0.030485990381240845
Epoch 449 started
Epoch 449, Loss: 0.030061230835914613
Epoch 450 started
Epoch 450, Loss: 0.03056824937045574
Epoch 451 started
Epoch 451, Loss: 0.03044135548353195
Epoch 452 started
Epoch 452, Loss: 0.03028633830666542
Epoch 453 started
Epoch 453, Loss: 0.030014154646396635
Epoch 454 started
Epoch 454, Loss: 0.030367753571271895
Epoch 455 started
Epoch 455, Loss: 0.030673609557151794
Epoch 456 started
Epoch 456, Loss: 0.030243811264038085
Epoch 457 started
Epoch 457, Loss: 0.030264485936760902
Epoch 458 started
Epoch 458, Loss: 0.029875033852458
Epoch 459 started
Epoch 459, Loss: 0.03045385069668293
Epoch 460 started
Epoch 460, Loss: 0.02990338712334633
Epoch 461 started
Epoch 461, Loss: 0.030083744046092032
Epoch 462 started
Epoch 462, Loss: 0.030400491584539415
Epoch 463 started
Epoch 463, Loss: 0.03030440166592598
Epoch 464 started
Epoch 464, Loss: 0.03005215957403183
Epoch 465 started
Epoch 465, Loss: 0.029675407542586327
Epoch 466 started
Epoch 466, Loss: 0.030344746595025063
Epoch 467 started
Epoch 467, Loss: 0.03056738676071167
Epoch 468 started
Epoch 468, Loss: 0.030258321523666382
Epoch 469 started
Epoch 469, Loss: 0.030398740110397338
Epoch 470 started
Epoch 470, Loss: 0.030306989896297456
Epoch 471 started
Epoch 471, Loss: 0.03054266378045082
Epoch 472 started
Epoch 472, Loss: 0.030140352150201798
Epoch 473 started
Epoch 473, Loss: 0.030244862751960755
Epoch 474 started
Epoch 474, Loss: 0.030011430993080138
Epoch 475 started
Epoch 475, Loss: 0.03052384107887745
Epoch 476 started
Epoch 476, Loss: 0.029951185982227325
Epoch 477 started
Epoch 477, Loss: 0.030837857222557066
Epoch 478 started
Epoch 478, Loss: 0.03027117576241493
Epoch 479 started
Epoch 479, Loss: 0.03065807639837265
Epoch 480 started
Epoch 480, Loss: 0.02963830235660076
Epoch 481 started
Epoch 481, Loss: 0.030364514880180358
Epoch 482 started
Epoch 482, Loss: 0.029864288668036462
Epoch 483 started
Epoch 483, Loss: 0.02980151274085045
Epoch 484 started
Epoch 484, Loss: 0.03010932210326195
Epoch 485 started
Epoch 485, Loss: 0.029900144687891008
Epoch 486 started
Epoch 486, Loss: 0.03004513200044632
Epoch 487 started
Epoch 487, Loss: 0.030144387142658234
Epoch 488 started
Epoch 488, Loss: 0.030097802217006683
Epoch 489 started
Epoch 489, Loss: 0.0299282601416111
Epoch 490 started
Epoch 490, Loss: 0.029748506565093993
Epoch 491 started
Epoch 491, Loss: 0.02976926209926605
Epoch 492 started
Epoch 492, Loss: 0.03065173032939434
Epoch 493 started
Epoch 493, Loss: 0.030401669785976408
Epoch 494 started
Epoch 494, Loss: 0.030117015632390977
Epoch 495 started
Epoch 495, Loss: 0.030107545993328093
Epoch 496 started
Epoch 496, Loss: 0.02961293655395508
Epoch 497 started
Epoch 497, Loss: 0.030274751680493355
Epoch 498 started
Epoch 498, Loss: 0.029753193376064302
Epoch 499 started
Epoch 499, Loss: 0.029835262492895125
Training complete.

------------------------------------------------------------
Sender: LSF System <lsfadmin@hpc.dtu.dk>
Subject: Job 23247762: <mnist_training> in cluster <dcc> Done

Job <mnist_training> was submitted from host <n-62-12-19> by user <s204427> in cluster <dcc> at Sun Nov 24 15:54:58 2024
Job was executed on host(s) <4*n-62-12-21>, in queue <gpua100>, as user <s204427> in cluster <dcc> at Sun Nov 24 15:55:00 2024
</zhome/1a/a/156609> was used as the home directory.
</zhome/1a/a/156609/project/path> was used as the working directory.
Started at Sun Nov 24 15:55:00 2024
Terminated at Sun Nov 24 19:44:07 2024
Results reported at Sun Nov 24 19:44:07 2024

Your job looked like:

------------------------------------------------------------
# LSBATCH: User input
# mnist_job.sh
#!/bin/bash
#BSUB -J mnist_training           # Job name
#BSUB -q gpua100                   # Queue name for Tesla A10 GPUs
#BSUB -gpu "num=1"                # Request 1 GPU in exclusive mode
#BSUB -n 4                        # Request 4 CPU cores (required)
#BSUB -R "span[hosts=1]"          # Ensure resources are on a single node
#BSUB -W 48:00                    # Walltime (1 hour)
#BSUB -R "rusage[mem=4096]"       # Request 4GB of system memory
#BSUB -o ./logs/outputLogs/output_%J.log            # Output file
#BSUB -e ./logs/errorLogs/error_%J.log             # Error file

# Load necessary modules
module load python3/3.10.12
module load cuda/12.1

# Set W&B API key (replace with your actual key)
export WANDB_API_KEY="6ecda4c80f57815b4ff4780014d596e19617454c"

# Activate virtual environment
source /zhome/1a/a/156609/project/path/.venv/bin/activate

# Run the PyTorch training script
python3 mainUNet.py

------------------------------------------------------------

Successfully completed.

Resource usage summary:

    CPU time :                                   13596.00 sec.
    Max Memory :                                 1185 MB
    Average Memory :                             1171.20 MB
    Total Requested Memory :                     16384.00 MB
    Delta Memory :                               15199.00 MB
    Max Swap :                                   -
    Max Processes :                              4
    Max Threads :                                10
    Run time :                                   13747 sec.
    Turnaround time :                            13749 sec.

The output (if any) is above this job summary.



PS:

Read file <./logs/errorLogs/error_23247762.log> for stderr output of this job.

