Epoch 0 started
Epoch 0, Loss: 0.08197506350080172
Epoch 1 started
Epoch 1, Loss: 0.04307293451229731
Epoch 2 started
Epoch 2, Loss: 0.03639101272821427
Epoch 3 started
Epoch 3, Loss: 0.03247745491762956
Epoch 4 started
Epoch 4, Loss: 0.030315367058912912
Epoch 5 started
Epoch 5, Loss: 0.028382622585693996
Epoch 6 started
Epoch 6, Loss: 0.02693448217511177
Epoch 7 started
Epoch 7, Loss: 0.026379258902867634
Epoch 8 started
Epoch 8, Loss: 0.025163417241970697
Epoch 9 started
Epoch 9, Loss: 0.024627712121605874
Epoch 10 started
Epoch 10, Loss: 0.024192646090189614
Epoch 11 started
Epoch 11, Loss: 0.02371668481330077
Epoch 12 started
Epoch 12, Loss: 0.023282035390535992
Epoch 13 started
Epoch 13, Loss: 0.022953813844919204
Epoch 14 started
Epoch 14, Loss: 0.022561077052354814
Epoch 15 started
Epoch 15, Loss: 0.02222999030749003
Epoch 16 started
Epoch 16, Loss: 0.02199260124564171
Epoch 17 started
Epoch 17, Loss: 0.02170040793120861
Epoch 18 started
Epoch 18, Loss: 0.021728419923782348
Epoch 19 started
Epoch 19, Loss: 0.021272976975639662
Epoch 20 started
Epoch 20, Loss: 0.02102621874709924
Epoch 21 started
Epoch 21, Loss: 0.02082339522242546
Epoch 22 started
Epoch 22, Loss: 0.02081413417458534
Epoch 23 started
Epoch 23, Loss: 0.020942048080762228
Epoch 24 started
Epoch 24, Loss: 0.02073686323861281
Epoch 25 started
Epoch 25, Loss: 0.02055030141174793
Epoch 26 started
Epoch 26, Loss: 0.02047970466117064
Epoch 27 started
Epoch 27, Loss: 0.020348887399832406
Epoch 28 started
Epoch 28, Loss: 0.020322007829944293
Epoch 29 started
Epoch 29, Loss: 0.020390715436140697
Epoch 30 started
Epoch 30, Loss: 0.020085512682795525
Epoch 31 started
Epoch 31, Loss: 0.019812021547555923
Epoch 32 started
Epoch 32, Loss: 0.019875622137387593
Epoch 33 started
Epoch 33, Loss: 0.020044820194443067
Epoch 34 started
Epoch 34, Loss: 0.019902839183807374
Epoch 35 started
Epoch 35, Loss: 0.01981352796256542
Epoch 36 started
Epoch 36, Loss: 0.01970937355955442
Epoch 37 started
Epoch 37, Loss: 0.019744797427455583
Epoch 38 started
Epoch 38, Loss: 0.019601889089743297
Epoch 39 started
Epoch 39, Loss: 0.019348252194126447
Epoch 40 started
Epoch 40, Loss: 0.019678833730022112
Epoch 41 started
Epoch 41, Loss: 0.0192078487376372
Epoch 42 started
Epoch 42, Loss: 0.019279692775011063
Epoch 43 started
Epoch 43, Loss: 0.01917233026822408
Epoch 44 started
Epoch 44, Loss: 0.019411144105593362
Epoch 45 started
Epoch 45, Loss: 0.019147956816355387
Epoch 46 started
Epoch 46, Loss: 0.019052960421641667
Epoch 47 started
Epoch 47, Loss: 0.01922114758292834
Epoch 48 started
Epoch 48, Loss: 0.019024293106794356
Epoch 49 started
Epoch 49, Loss: 0.01892368257145087
Epoch 50 started
Epoch 50, Loss: 0.01885617482662201
Epoch 51 started
Epoch 51, Loss: 0.018942709887524445
Epoch 52 started
Epoch 52, Loss: 0.018718706370393436
Epoch 53 started
Epoch 53, Loss: 0.019039542864759763
Epoch 54 started
Epoch 54, Loss: 0.018622995363672575
Epoch 55 started
Epoch 55, Loss: 0.018705490253369015
Epoch 56 started
Epoch 56, Loss: 0.018705137362082798
Epoch 57 started
Epoch 57, Loss: 0.01880044191281001
Epoch 58 started
Epoch 58, Loss: 0.018576631942391397
Epoch 59 started
Epoch 59, Loss: 0.01871680161555608
Epoch 60 started
Epoch 60, Loss: 0.018711518018444378
Epoch 61 started
Epoch 61, Loss: 0.018587522093454996
Epoch 62 started
Epoch 62, Loss: 0.01862319369415442
Epoch 63 started
Epoch 63, Loss: 0.01862624785900116
Epoch 64 started
Epoch 64, Loss: 0.01847948518494765
Epoch 65 started
Epoch 65, Loss: 0.018644888983170193
Epoch 66 started
Epoch 66, Loss: 0.01862549977352222
Epoch 67 started
Epoch 67, Loss: 0.018396984960635503
Epoch 68 started
Epoch 68, Loss: 0.018499943950772285
Epoch 69 started
Epoch 69, Loss: 0.01835307960311572
Epoch 70 started
Epoch 70, Loss: 0.018445584562420844
Epoch 71 started
Epoch 71, Loss: 0.01844720782538255
Epoch 72 started
Epoch 72, Loss: 0.018428696851432322
Epoch 73 started
Epoch 73, Loss: 0.01823239597082138
Epoch 74 started
Epoch 74, Loss: 0.018366058866182963
Epoch 75 started
Epoch 75, Loss: 0.01843010158042113
Epoch 76 started
Epoch 76, Loss: 0.018452413152654966
Epoch 77 started
Epoch 77, Loss: 0.018368632010618845
Epoch 78 started
Epoch 78, Loss: 0.01837338333527247
Epoch 79 started
Epoch 79, Loss: 0.01828036034554243
Epoch 80 started
Epoch 80, Loss: 0.018258064459760984
Epoch 81 started
Epoch 81, Loss: 0.018055508106946946
Epoch 82 started
Epoch 82, Loss: 0.01822447929183642
Epoch 83 started
Epoch 83, Loss: 0.01818217847744624
Epoch 84 started
Epoch 84, Loss: 0.018344997209310532
Epoch 85 started
Epoch 85, Loss: 0.018128339511156083
Epoch 86 started
Epoch 86, Loss: 0.018110487765073777
Epoch 87 started
Epoch 87, Loss: 0.018264209802945453
Epoch 88 started
Epoch 88, Loss: 0.018031896378596625
Epoch 89 started
Epoch 89, Loss: 0.018134639481703442
Epoch 90 started
Epoch 90, Loss: 0.017917587673664092
Epoch 91 started
Epoch 91, Loss: 0.017899906024336814
Epoch 92 started
Epoch 92, Loss: 0.018317134034633635
Epoch 93 started
Epoch 93, Loss: 0.018028048504392307
Epoch 94 started
Epoch 94, Loss: 0.017869121984640756
Epoch 95 started
Epoch 95, Loss: 0.01793933285276095
Epoch 96 started
Epoch 96, Loss: 0.01797515055835247
Epoch 97 started
Epoch 97, Loss: 0.0179423229376475
Epoch 98 started
Epoch 98, Loss: 0.01806132438580195
Epoch 99 started
Epoch 99, Loss: 0.018007142718633014
Epoch 100 started
Epoch 100, Loss: 0.018105248811841012
Epoch 101 started
Epoch 101, Loss: 0.017839609571297963
Epoch 102 started
Epoch 102, Loss: 0.017541926911473275
Epoch 103 started
Epoch 103, Loss: 0.017975198984146117
Epoch 104 started
Epoch 104, Loss: 0.01789603112737338
Epoch 105 started
Epoch 105, Loss: 0.017813559392094613
Epoch 106 started
Epoch 106, Loss: 0.017829995398720107
Epoch 107 started
Epoch 107, Loss: 0.017849758664766947
Epoch 108 started
Epoch 108, Loss: 0.017702851857741675
Epoch 109 started
Epoch 109, Loss: 0.017844246089458466
Epoch 110 started
Epoch 110, Loss: 0.017827050600449243
Epoch 111 started
Epoch 111, Loss: 0.01782179595033328
Epoch 112 started
Epoch 112, Loss: 0.01764747367699941
Epoch 113 started
Epoch 113, Loss: 0.017839561543862025
Epoch 114 started
Epoch 114, Loss: 0.017641411232948302
Epoch 115 started
Epoch 115, Loss: 0.017746398050586382
Epoch 116 started
Epoch 116, Loss: 0.0175521511276563
Epoch 117 started
Epoch 117, Loss: 0.017603117658694586
Epoch 118 started
Epoch 118, Loss: 0.017677313833435376
Epoch 119 started
Epoch 119, Loss: 0.01768666583796342
Epoch 120 started
Epoch 120, Loss: 0.017579471512635548
Epoch 121 started
Epoch 121, Loss: 0.017825757615764937
Epoch 122 started
Epoch 122, Loss: 0.01756850898961226
Epoch 123 started
Epoch 123, Loss: 0.017757940609256426
Epoch 124 started
Epoch 124, Loss: 0.017676169957717258
Epoch 125 started
Epoch 125, Loss: 0.01762757590909799
Epoch 126 started
Epoch 126, Loss: 0.01759515583515167
Epoch 127 started
Epoch 127, Loss: 0.017549731177588304
Epoch 128 started
Epoch 128, Loss: 0.017414679021636646
Epoch 129 started
Epoch 129, Loss: 0.01751293223798275
Epoch 130 started
Epoch 130, Loss: 0.01768887820839882
Epoch 131 started
Epoch 131, Loss: 0.017601781211296717
Epoch 132 started
Epoch 132, Loss: 0.017450152866045635
Epoch 133 started
Epoch 133, Loss: 0.017563362033168474
Epoch 134 started
Epoch 134, Loss: 0.017484665098786354
Epoch 135 started
Epoch 135, Loss: 0.017425458709398906
Epoch 136 started
Epoch 136, Loss: 0.017607169593373936
Epoch 137 started
Epoch 137, Loss: 0.017710115310549737
Epoch 138 started
Epoch 138, Loss: 0.01757250048518181
Epoch 139 started
Epoch 139, Loss: 0.017526991444826126
Epoch 140 started
Epoch 140, Loss: 0.017521862830718358
Epoch 141 started
Epoch 141, Loss: 0.01743444701830546
Epoch 142 started
Epoch 142, Loss: 0.017488490825891496
Epoch 143 started
Epoch 143, Loss: 0.017525874823331834
Epoch 144 started
Epoch 144, Loss: 0.01748653541256984
Epoch 145 started
Epoch 145, Loss: 0.017576067701975506
Epoch 146 started
Epoch 146, Loss: 0.01731806141535441
Epoch 147 started
Epoch 147, Loss: 0.01743038955926895
Epoch 148 started
Epoch 148, Loss: 0.017489993076523144
Epoch 149 started
Epoch 149, Loss: 0.017548960388700168
Epoch 150 started
Epoch 150, Loss: 0.0173362551232179
Epoch 151 started
Epoch 151, Loss: 0.017435093454519907
Epoch 152 started
Epoch 152, Loss: 0.017300188503662745
Epoch 153 started
Epoch 153, Loss: 0.017375523293018343
Epoch 154 started
Epoch 154, Loss: 0.017290117240945497
Epoch 155 started
Epoch 155, Loss: 0.017183116920789082
Epoch 156 started
Epoch 156, Loss: 0.017113966671625774
Epoch 157 started
Epoch 157, Loss: 0.017395060548186302
Epoch 158 started
Epoch 158, Loss: 0.017395044865210853
Epoch 159 started
Epoch 159, Loss: 0.017383934824665388
Epoch 160 started
Epoch 160, Loss: 0.017387256809075675
Epoch 161 started
Epoch 161, Loss: 0.017292611033717792
Epoch 162 started
Epoch 162, Loss: 0.01732366252541542
Epoch 163 started
Epoch 163, Loss: 0.01730031308780114
Epoch 164 started
Epoch 164, Loss: 0.01735262981156508
Epoch 165 started
Epoch 165, Loss: 0.017537164464592934
Epoch 166 started
Epoch 166, Loss: 0.017325327666600544
Epoch 167 started
Epoch 167, Loss: 0.017295669240752855
Epoch 168 started
Epoch 168, Loss: 0.017326432426770528
Epoch 169 started
Epoch 169, Loss: 0.017304867657025654
Epoch 170 started
Epoch 170, Loss: 0.017355815310279528
Epoch 171 started
Epoch 171, Loss: 0.017505484038591385
Epoch 172 started
Epoch 172, Loss: 0.01722365762591362
Epoch 173 started
Epoch 173, Loss: 0.017446334542830785
Epoch 174 started
Epoch 174, Loss: 0.017149499867359797
Epoch 175 started
Epoch 175, Loss: 0.017115342768033344
Epoch 176 started
Epoch 176, Loss: 0.017237675140301386
Epoch 177 started
Epoch 177, Loss: 0.017332696877916654
Epoch 178 started
Epoch 178, Loss: 0.017239168174068134
Epoch 179 started
Epoch 179, Loss: 0.017381796974937122
Epoch 180 started
Epoch 180, Loss: 0.01724466696381569
Epoch 181 started
Epoch 181, Loss: 0.017102798396348953
Epoch 182 started
Epoch 182, Loss: 0.01724544801612695
Epoch 183 started
Epoch 183, Loss: 0.017147546994686128
Epoch 184 started
Epoch 184, Loss: 0.01705695446928342
Epoch 185 started
Epoch 185, Loss: 0.01701502166191737
Epoch 186 started
Epoch 186, Loss: 0.01704118867913882
Epoch 187 started
Epoch 187, Loss: 0.017096227411429087
Epoch 188 started
Epoch 188, Loss: 0.01723258310655753
Epoch 189 started
Epoch 189, Loss: 0.017181430013974507
Epoch 190 started
Epoch 190, Loss: 0.017124503777424496
Epoch 191 started
Epoch 191, Loss: 0.017439843262235324
Epoch 192 started
Epoch 192, Loss: 0.017001847319801647
Epoch 193 started
Epoch 193, Loss: 0.017216434464852014
Epoch 194 started
Epoch 194, Loss: 0.017242977127432824
Epoch 195 started
Epoch 195, Loss: 0.01726911337773005
Epoch 196 started
Epoch 196, Loss: 0.01691023332476616
Epoch 197 started
Epoch 197, Loss: 0.017145711930592854
Epoch 198 started
Epoch 198, Loss: 0.01727277547121048
Epoch 199 started
Epoch 199, Loss: 0.01709656681418419
Epoch 200 started
Epoch 200, Loss: 0.017194846641023952
Epoch 201 started
Epoch 201, Loss: 0.017088939968744915
Epoch 202 started
Epoch 202, Loss: 0.017103211549917858
Epoch 203 started
Epoch 203, Loss: 0.017227248628934225
Epoch 204 started
Epoch 204, Loss: 0.017098388387759525
Epoch 205 started
Epoch 205, Loss: 0.01727951415379842
Epoch 206 started
Epoch 206, Loss: 0.01703417483170827
Epoch 207 started
Epoch 207, Loss: 0.017107197563846908
Epoch 208 started
Epoch 208, Loss: 0.017294727571805318
Epoch 209 started
Epoch 209, Loss: 0.01691045928001404
Epoch 210 started
Epoch 210, Loss: 0.01703570274313291
Epoch 211 started
Epoch 211, Loss: 0.0170387977540493
Epoch 212 started
Epoch 212, Loss: 0.016923736687501273
Epoch 213 started
Epoch 213, Loss: 0.01705016573270162
Epoch 214 started
Epoch 214, Loss: 0.017004521104693412
Epoch 215 started
Epoch 215, Loss: 0.016986290902396044
Epoch 216 started
Epoch 216, Loss: 0.017215196294585865
Epoch 217 started
Epoch 217, Loss: 0.017047032352288563
Epoch 218 started
Epoch 218, Loss: 0.017083220025897027
Epoch 219 started
Epoch 219, Loss: 0.017112154261767865
Epoch 220 started
Epoch 220, Loss: 0.016949491822719574
Epoch 221 started
Epoch 221, Loss: 0.01709038652976354
Epoch 222 started
Epoch 222, Loss: 0.017077188792824743
Epoch 223 started
Epoch 223, Loss: 0.01711594472328822
Epoch 224 started
Epoch 224, Loss: 0.01704737373193105
Epoch 225 started
Epoch 225, Loss: 0.01686532959540685
Epoch 226 started
Epoch 226, Loss: 0.016850035086274147
Epoch 227 started
Epoch 227, Loss: 0.0168931232213974
Epoch 228 started
Epoch 228, Loss: 0.01689318758050601
Epoch 229 started
Epoch 229, Loss: 0.01679501784493526
Epoch 230 started
Epoch 230, Loss: 0.017026749460895857
Epoch 231 started
Epoch 231, Loss: 0.017028180280327796
Epoch 232 started
Epoch 232, Loss: 0.016761499923467635
Epoch 233 started
Epoch 233, Loss: 0.017035442928473154
Epoch 234 started
Epoch 234, Loss: 0.01697389005422592
Epoch 235 started
Epoch 235, Loss: 0.016901699156562488
Epoch 236 started
Epoch 236, Loss: 0.016850571982065837
Epoch 237 started
Epoch 237, Loss: 0.01714827771981557
Epoch 238 started
Epoch 238, Loss: 0.016955926167964937
Epoch 239 started
Epoch 239, Loss: 0.016935209382573764
Epoch 240 started
Epoch 240, Loss: 0.017016798356175422
Epoch 241 started
Epoch 241, Loss: 0.01682474824587504
Epoch 242 started
Epoch 242, Loss: 0.016945996076862018
Epoch 243 started
Epoch 243, Loss: 0.017065150270859402
Epoch 244 started
Epoch 244, Loss: 0.016973202298084893
Epoch 245 started
Epoch 245, Loss: 0.01700468804637591
Epoch 246 started
Epoch 246, Loss: 0.016879443662365278
Epoch 247 started
Epoch 247, Loss: 0.016991528035203617
Epoch 248 started
Epoch 248, Loss: 0.01683928729792436
Epoch 249 started
Epoch 249, Loss: 0.016942092275619505
Epoch 250 started
Epoch 250, Loss: 0.01692119542459647
Epoch 251 started
Epoch 251, Loss: 0.017050292523701986
Epoch 252 started
Epoch 252, Loss: 0.01683086949388186
Epoch 253 started
Epoch 253, Loss: 0.016909094245235127
Epoch 254 started
Epoch 254, Loss: 0.016959555514653522
Epoch 255 started
Epoch 255, Loss: 0.017008724483847618
Epoch 256 started
Epoch 256, Loss: 0.0168591299255689
Epoch 257 started
Epoch 257, Loss: 0.016958778012295565
Epoch 258 started
Epoch 258, Loss: 0.01695351425508658
Epoch 259 started
Epoch 259, Loss: 0.016917589104672275
Epoch 260 started
Epoch 260, Loss: 0.01707205642958482
Epoch 261 started
Epoch 261, Loss: 0.01683784325371186
Epoch 262 started
Epoch 262, Loss: 0.01682219998538494
Epoch 263 started
Epoch 263, Loss: 0.016771828150749207
Epoch 264 started
Epoch 264, Loss: 0.016902458371718724
Epoch 265 started
Epoch 265, Loss: 0.016881311397751172
Epoch 266 started
Epoch 266, Loss: 0.017083610552549363
Epoch 267 started
Epoch 267, Loss: 0.01698994580010573
Epoch 268 started
Epoch 268, Loss: 0.01673500562707583
Epoch 269 started
Epoch 269, Loss: 0.01672690307199955
Epoch 270 started
Epoch 270, Loss: 0.016791144375006357
Epoch 271 started
Epoch 271, Loss: 0.016885973757505418
Epoch 272 started
Epoch 272, Loss: 0.01698225821554661
Epoch 273 started
Epoch 273, Loss: 0.016655024765928585
Epoch 274 started
Epoch 274, Loss: 0.016936881548166274
Epoch 275 started
Epoch 275, Loss: 0.01688369104862213
Epoch 276 started
Epoch 276, Loss: 0.016813318766156833
Epoch 277 started
Epoch 277, Loss: 0.016956475076079367
Epoch 278 started
Epoch 278, Loss: 0.016789972283442815
Epoch 279 started
Epoch 279, Loss: 0.016790583662192028
Epoch 280 started
Epoch 280, Loss: 0.0167788747270902
Epoch 281 started
Epoch 281, Loss: 0.01696425849000613
Epoch 282 started
Epoch 282, Loss: 0.01696548791031043
Epoch 283 started
Epoch 283, Loss: 0.0167471847375234
Epoch 284 started
Epoch 284, Loss: 0.016866671977440517
Epoch 285 started
Epoch 285, Loss: 0.016819850691159568
Epoch 286 started
Epoch 286, Loss: 0.016790332573652266
Epoch 287 started
Epoch 287, Loss: 0.016787590963641803
Epoch 288 started
Epoch 288, Loss: 0.016821881388624508
Epoch 289 started
Epoch 289, Loss: 0.01673787465194861
Epoch 290 started
Epoch 290, Loss: 0.016813552136222522
Epoch 291 started
Epoch 291, Loss: 0.016758944739898047
Epoch 292 started
Epoch 292, Loss: 0.01694559860229492
Epoch 293 started
Epoch 293, Loss: 0.016797328000267345
Epoch 294 started
Epoch 294, Loss: 0.01693971567451954
Epoch 295 started
Epoch 295, Loss: 0.01653578645388285
Epoch 296 started
Epoch 296, Loss: 0.01679667476216952
Epoch 297 started
Epoch 297, Loss: 0.016720884146293004
Epoch 298 started
Epoch 298, Loss: 0.01670332597196102
Epoch 299 started
Epoch 299, Loss: 0.016726718067129453
Epoch 300 started
Epoch 300, Loss: 0.016676667301853496
Epoch 301 started
Epoch 301, Loss: 0.016642377597093583
Epoch 302 started
Epoch 302, Loss: 0.016846122745672862
Epoch 303 started
Epoch 303, Loss: 0.016858534054954848
Epoch 304 started
Epoch 304, Loss: 0.016868328340848286
Epoch 305 started
Epoch 305, Loss: 0.016643201632301013
Epoch 306 started
Epoch 306, Loss: 0.01688675928413868
Epoch 307 started
Epoch 307, Loss: 0.01684283974568049
Epoch 308 started
Epoch 308, Loss: 0.016538798340658346
Epoch 309 started
Epoch 309, Loss: 0.016881787530581158
Epoch 310 started
Epoch 310, Loss: 0.01662359877626101
Epoch 311 started
Epoch 311, Loss: 0.0169222366074721
Epoch 312 started
Epoch 312, Loss: 0.016605198159317176
Epoch 313 started
Epoch 313, Loss: 0.016963805305957796
Epoch 314 started
Epoch 314, Loss: 0.016670914260546368
Epoch 315 started
Epoch 315, Loss: 0.016723311868309974
Epoch 316 started
Epoch 316, Loss: 0.01669171585838
Epoch 317 started
Epoch 317, Loss: 0.01677052805821101
Epoch 318 started
Epoch 318, Loss: 0.01684518932700157
Epoch 319 started
Epoch 319, Loss: 0.016557814944287142
Epoch 320 started
Epoch 320, Loss: 0.01665729311108589
Epoch 321 started
Epoch 321, Loss: 0.016807196805874506
Epoch 322 started
Epoch 322, Loss: 0.01663017161091169
Epoch 323 started
Epoch 323, Loss: 0.01676302151978016
Epoch 324 started
Epoch 324, Loss: 0.016688915297389032
Epoch 325 started
Epoch 325, Loss: 0.016705372376243272
Epoch 326 started
Epoch 326, Loss: 0.016885360956688723
Epoch 327 started
Epoch 327, Loss: 0.016754151259859403
Epoch 328 started
Epoch 328, Loss: 0.01671284148891767
Epoch 329 started
Epoch 329, Loss: 0.01663076326350371
Epoch 330 started
Epoch 330, Loss: 0.01666164892713229
Epoch 331 started
Epoch 331, Loss: 0.01660342358450095
Epoch 332 started
Epoch 332, Loss: 0.0168583979750673
Epoch 333 started
Epoch 333, Loss: 0.016593928096691767
Epoch 334 started
Epoch 334, Loss: 0.016726788282891116
Epoch 335 started
Epoch 335, Loss: 0.016609388101100922
Epoch 336 started
Epoch 336, Loss: 0.01671746541261673
Epoch 337 started
Epoch 337, Loss: 0.016770007783174515
Epoch 338 started
Epoch 338, Loss: 0.01668226817647616
Epoch 339 started
Epoch 339, Loss: 0.016661422963937123
Epoch 340 started
Epoch 340, Loss: 0.016432279500365257
Epoch 341 started
Epoch 341, Loss: 0.016651061837375164
Epoch 342 started
Epoch 342, Loss: 0.01676819031437238
Epoch 343 started
Epoch 343, Loss: 0.016726153177022935
Epoch 344 started
Epoch 344, Loss: 0.016698879848917325
Epoch 345 started
Epoch 345, Loss: 0.01664043606420358
Epoch 346 started
Epoch 346, Loss: 0.016610639695823194
Epoch 347 started
Epoch 347, Loss: 0.016496559832493464
Epoch 348 started
Epoch 348, Loss: 0.016643976796666782
Epoch 349 started
Epoch 349, Loss: 0.01667120869557063
Epoch 350 started
Epoch 350, Loss: 0.016675120276212693
Epoch 351 started
Epoch 351, Loss: 0.016626450449228287
Epoch 352 started
Epoch 352, Loss: 0.01674607915878296
Epoch 353 started
Epoch 353, Loss: 0.016831423511107762
Epoch 354 started
Epoch 354, Loss: 0.01645666263749202
Epoch 355 started
Epoch 355, Loss: 0.01663504851957162
Epoch 356 started
Epoch 356, Loss: 0.01666548903485139
Epoch 357 started
Epoch 357, Loss: 0.016689105171958606
Epoch 358 started
Epoch 358, Loss: 0.016581046211719512
Epoch 359 started
Epoch 359, Loss: 0.016825364636381467
Epoch 360 started
Epoch 360, Loss: 0.01670983107338349
Epoch 361 started
Epoch 361, Loss: 0.016709463453789552
Epoch 362 started
Epoch 362, Loss: 0.016643618100881576
Epoch 363 started
Epoch 363, Loss: 0.01656274503072103
Epoch 364 started
Epoch 364, Loss: 0.01650924994001786
Epoch 365 started
Epoch 365, Loss: 0.016470447048544883
Epoch 366 started
Epoch 366, Loss: 0.016662840730448564
Epoch 367 started
Epoch 367, Loss: 0.01659005825618903
Epoch 368 started
Epoch 368, Loss: 0.016631627669930458
Epoch 369 started
Epoch 369, Loss: 0.016596510737140975
Epoch 370 started
Epoch 370, Loss: 0.016678074504931768
Epoch 371 started
Epoch 371, Loss: 0.016591401277979215
Epoch 372 started
Epoch 372, Loss: 0.016541933367649714
Epoch 373 started
Epoch 373, Loss: 0.01665255820850531
Epoch 374 started
Epoch 374, Loss: 0.016853020311395326
Epoch 375 started
Epoch 375, Loss: 0.016606549868981045
Epoch 376 started
Epoch 376, Loss: 0.016504635190963745
Epoch 377 started
Epoch 377, Loss: 0.016478053893645605
Epoch 378 started
Epoch 378, Loss: 0.016483866807818413
Epoch 379 started
Epoch 379, Loss: 0.016738252953688304
Epoch 380 started
Epoch 380, Loss: 0.016787101888656616
Epoch 381 started
Epoch 381, Loss: 0.01660187914768855
Epoch 382 started
Epoch 382, Loss: 0.01664764794409275
Epoch 383 started
Epoch 383, Loss: 0.01639502254029115
Epoch 384 started
Epoch 384, Loss: 0.01654560621380806
Epoch 385 started
Epoch 385, Loss: 0.0165220234811306
Epoch 386 started
Epoch 386, Loss: 0.016457121402521927
Epoch 387 started
Epoch 387, Loss: 0.016548455955584844
Epoch 388 started
Epoch 388, Loss: 0.016706433359781902
Epoch 389 started
Epoch 389, Loss: 0.016562973528107008
Epoch 390 started
Epoch 390, Loss: 0.016586345555384952
Epoch 391 started
Epoch 391, Loss: 0.01644703733374675
Epoch 392 started
Epoch 392, Loss: 0.01664361946284771
Epoch 393 started
Epoch 393, Loss: 0.01668804870049159
Epoch 394 started
Epoch 394, Loss: 0.016532460743188857
Epoch 395 started
Epoch 395, Loss: 0.016530077399810154
Epoch 396 started
Epoch 396, Loss: 0.016415380476911864
Epoch 397 started
Epoch 397, Loss: 0.016621477608879408
Epoch 398 started
Epoch 398, Loss: 0.0165028794636329
Epoch 399 started
Epoch 399, Loss: 0.016405391424894333
Epoch 400 started
Epoch 400, Loss: 0.01647454485197862
Epoch 401 started
Epoch 401, Loss: 0.01658871688445409
Epoch 402 started
Epoch 402, Loss: 0.016523844863971075
Epoch 403 started
Epoch 403, Loss: 0.016711916689078014
Epoch 404 started
Epoch 404, Loss: 0.016472361928224565
Epoch 405 started
Epoch 405, Loss: 0.016499898891647657
Epoch 406 started
Epoch 406, Loss: 0.01648697448770205
Epoch 407 started
Epoch 407, Loss: 0.016392645015815895
Epoch 408 started
Epoch 408, Loss: 0.01635320979853471
Epoch 409 started
Epoch 409, Loss: 0.016525093856453895
Epoch 410 started
Epoch 410, Loss: 0.016768859994908174
Epoch 411 started
Epoch 411, Loss: 0.01654355837504069
Epoch 412 started
Epoch 412, Loss: 0.016507169168194134
Epoch 413 started
Epoch 413, Loss: 0.01658490843375524
Epoch 414 started
Epoch 414, Loss: 0.01649654985467593
Epoch 415 started
Epoch 415, Loss: 0.016319912948211033
Epoch 416 started
Epoch 416, Loss: 0.016482646497090657
Epoch 417 started
Epoch 417, Loss: 0.016437384537855784
Epoch 418 started
Epoch 418, Loss: 0.016389424871404965
Epoch 419 started
Epoch 419, Loss: 0.01666602819164594
Epoch 420 started
Epoch 420, Loss: 0.0166187847673893
Epoch 421 started
Epoch 421, Loss: 0.016590620511770248
Epoch 422 started
Epoch 422, Loss: 0.016617542867859204
Epoch 423 started
Epoch 423, Loss: 0.016493756419420243
Epoch 424 started
Epoch 424, Loss: 0.016455638728539147
Epoch 425 started
Epoch 425, Loss: 0.016327198739846546
Epoch 426 started
Epoch 426, Loss: 0.016651638689637184
Epoch 427 started
Epoch 427, Loss: 0.016606495390335718
Epoch 428 started
Epoch 428, Loss: 0.016386286158363024
Epoch 429 started
Epoch 429, Loss: 0.01659650515516599
Epoch 430 started
Epoch 430, Loss: 0.016413735086719197
Epoch 431 started
Epoch 431, Loss: 0.01643060110261043
Epoch 432 started
Epoch 432, Loss: 0.016535781741142272
Epoch 433 started
Epoch 433, Loss: 0.016466461232304573
Epoch 434 started
Epoch 434, Loss: 0.016382983929415545
Epoch 435 started
Epoch 435, Loss: 0.01660668991059065
Epoch 436 started
Epoch 436, Loss: 0.016620501645902792
Epoch 437 started
Epoch 437, Loss: 0.0166054471001029
Epoch 438 started
Epoch 438, Loss: 0.01650658533871174
Epoch 439 started
Epoch 439, Loss: 0.016433943367004395
Epoch 440 started
Epoch 440, Loss: 0.016544811284542084
Epoch 441 started
Epoch 441, Loss: 0.01644793308575948
Epoch 442 started
Epoch 442, Loss: 0.016391992316643397
Epoch 443 started
Epoch 443, Loss: 0.016571679139137267
Epoch 444 started
Epoch 444, Loss: 0.016398616270224254
Epoch 445 started
Epoch 445, Loss: 0.01643840700040261
Epoch 446 started
Epoch 446, Loss: 0.016432692097624144
Epoch 447 started
Epoch 447, Loss: 0.016556484378377596
Epoch 448 started
Epoch 448, Loss: 0.016348458061615626
Epoch 449 started
Epoch 449, Loss: 0.016537414044638474
Epoch 450 started
Epoch 450, Loss: 0.016494976852337518
Epoch 451 started
Epoch 451, Loss: 0.016443923234939574
Epoch 452 started
Epoch 452, Loss: 0.01650024803529183
Epoch 453 started
Epoch 453, Loss: 0.01660451382994652
Epoch 454 started
Epoch 454, Loss: 0.01652970690528552
Epoch 455 started
Epoch 455, Loss: 0.01638292864660422
Epoch 456 started
Epoch 456, Loss: 0.01657967971165975
Epoch 457 started
Epoch 457, Loss: 0.016341083936889968
Epoch 458 started
Epoch 458, Loss: 0.01662991601874431
Epoch 459 started
Epoch 459, Loss: 0.01646496574083964
Epoch 460 started
Epoch 460, Loss: 0.016458753049373626
Epoch 461 started
Epoch 461, Loss: 0.016374678819378218
Epoch 462 started
Epoch 462, Loss: 0.016432643908262254
Epoch 463 started
Epoch 463, Loss: 0.01655996608932813
Epoch 464 started
Epoch 464, Loss: 0.016496685334046683
Epoch 465 started
Epoch 465, Loss: 0.016510744486252466
Epoch 466 started
Epoch 466, Loss: 0.0164712073802948
Epoch 467 started
Epoch 467, Loss: 0.016488763781885307
Epoch 468 started
Epoch 468, Loss: 0.016478860208392142
Epoch 469 started
Epoch 469, Loss: 0.01627463732858499
Epoch 470 started
Epoch 470, Loss: 0.01663384243150552
Epoch 471 started
Epoch 471, Loss: 0.01637706771492958
Epoch 472 started
Epoch 472, Loss: 0.01652468296488126
Epoch 473 started
Epoch 473, Loss: 0.016378441631793975
Epoch 474 started
Epoch 474, Loss: 0.01648478260288636
Epoch 475 started
Epoch 475, Loss: 0.01625722789665063
Epoch 476 started
Epoch 476, Loss: 0.016499711380402248
Epoch 477 started
Epoch 477, Loss: 0.016323407428960005
Epoch 478 started
Epoch 478, Loss: 0.016458246112366518
Epoch 479 started
Epoch 479, Loss: 0.016391564337909222
Epoch 480 started
Epoch 480, Loss: 0.016433737355967364
Epoch 481 started
Epoch 481, Loss: 0.016454149468739826
Epoch 482 started
Epoch 482, Loss: 0.0164722359786431
Epoch 483 started
Epoch 483, Loss: 0.01617146916190783
Epoch 484 started
Epoch 484, Loss: 0.016349029846986135
Epoch 485 started
Epoch 485, Loss: 0.016467063834766548
Epoch 486 started
Epoch 486, Loss: 0.016486765173077584
Epoch 487 started
Epoch 487, Loss: 0.01646397750377655
Epoch 488 started
Epoch 488, Loss: 0.01635985176016887
Epoch 489 started
Epoch 489, Loss: 0.016355105353395145
Epoch 490 started
Epoch 490, Loss: 0.016369269037246705
Epoch 491 started
Epoch 491, Loss: 0.016468442712227502
Epoch 492 started
Epoch 492, Loss: 0.016471667913595837
Epoch 493 started
Epoch 493, Loss: 0.01625303934911887
Epoch 494 started
Epoch 494, Loss: 0.016376086220145226
Epoch 495 started
Epoch 495, Loss: 0.01639604822496573
Epoch 496 started
Epoch 496, Loss: 0.016498037951191265
Epoch 497 started
Epoch 497, Loss: 0.016368839968244234
Epoch 498 started
Epoch 498, Loss: 0.01635991907417774
Epoch 499 started
Epoch 499, Loss: 0.01641873427927494
Training complete.

------------------------------------------------------------
Sender: LSF System <lsfadmin@hpc.dtu.dk>
Subject: Job 23248697: <mnist_training> in cluster <dcc> Done

Job <mnist_training> was submitted from host <n-62-12-19> by user <s204427> in cluster <dcc> at Sun Nov 24 21:53:21 2024
Job was executed on host(s) <4*n-62-12-24>, in queue <gpua100>, as user <s204427> in cluster <dcc> at Mon Nov 25 03:37:53 2024
</zhome/1a/a/156609> was used as the home directory.
</zhome/1a/a/156609/project/path> was used as the working directory.
Started at Mon Nov 25 03:37:53 2024
Terminated at Mon Nov 25 07:57:35 2024
Results reported at Mon Nov 25 07:57:35 2024

Your job looked like:

------------------------------------------------------------
# LSBATCH: User input
# mnist_job.sh
#!/bin/bash
#BSUB -J mnist_training           # Job name
#BSUB -q gpua100                   # Queue name for Tesla A10 GPUs
#BSUB -gpu "num=1"                # Request 1 GPU in exclusive mode
#BSUB -n 4                        # Request 4 CPU cores (required)
#BSUB -R "span[hosts=1]"          # Ensure resources are on a single node
#BSUB -W 48:00                    # Walltime (1 hour)
#BSUB -R "rusage[mem=4096]"       # Request 4GB of system memory
#BSUB -o ./logs/outputLogs/output_%J.log            # Output file
#BSUB -e ./logs/errorLogs/error_%J.log             # Error file

# Load necessary modules
module load python3/3.10.12
module load cuda/12.1

# Set W&B API key (replace with your actual key)
export WANDB_API_KEY="6ecda4c80f57815b4ff4780014d596e19617454c"

# Activate virtual environment
source /zhome/1a/a/156609/project/path/.venv/bin/activate

# Run the PyTorch training script
python3 mainUNet.py

------------------------------------------------------------

Successfully completed.

Resource usage summary:

    CPU time :                                   15326.00 sec.
    Max Memory :                                 1141 MB
    Average Memory :                             1104.39 MB
    Total Requested Memory :                     16384.00 MB
    Delta Memory :                               15243.00 MB
    Max Swap :                                   -
    Max Processes :                              4
    Max Threads :                                10
    Run time :                                   15582 sec.
    Turnaround time :                            36254 sec.

The output (if any) is above this job summary.



PS:

Read file <./logs/errorLogs/error_23248697.log> for stderr output of this job.

