Loading 10000 samples from cropped_celeba_bin/data_batch_1
Epoch 0 started
Epoch 0, Loss: 0.14095985287427903
Epoch 1 started
Epoch 1, Loss: 0.05933273648619652
Epoch 2 started
Epoch 2, Loss: 0.04793150041103363
Epoch 3 started
Epoch 3, Loss: 0.04144781292676926
Epoch 4 started
Epoch 4, Loss: 0.037146556258201596
Epoch 5 started
Epoch 5, Loss: 0.034876834166049954
Epoch 6 started
Epoch 6, Loss: 0.0327171546548605
Epoch 7 started
Epoch 7, Loss: 0.030018127831816673
Epoch 8 started
Epoch 8, Loss: 0.027826737511157988
Epoch 9 started
Epoch 9, Loss: 0.025608190262317657
Epoch 10 started
Epoch 10, Loss: 0.02592993213534355
Epoch 11 started
Epoch 11, Loss: 0.024280784606933593
Epoch 12 started
Epoch 12, Loss: 0.022958740893006323
Epoch 13 started
Epoch 13, Loss: 0.02284231116771698
Epoch 14 started
Epoch 14, Loss: 0.02216250215023756
Epoch 15 started
Epoch 15, Loss: 0.022707537949085234
Epoch 16 started
Epoch 16, Loss: 0.020076104298233987
Epoch 17 started
Epoch 17, Loss: 0.020641874077916147
Epoch 18 started
Epoch 18, Loss: 0.020532231411337854
Epoch 19 started
Epoch 19, Loss: 0.019931612730026246
Epoch 20 started
Epoch 20, Loss: 0.019237045043706893
Epoch 21 started
Epoch 21, Loss: 0.019288307183980943
Epoch 22 started
Epoch 22, Loss: 0.01971598753333092
Epoch 23 started
Epoch 23, Loss: 0.019779393470287322
Epoch 24 started
Epoch 24, Loss: 0.01907673270404339
Epoch 25 started
Epoch 25, Loss: 0.018545257860422135
Epoch 26 started
Epoch 26, Loss: 0.018403409016132355
Epoch 27 started
Epoch 27, Loss: 0.018880649077892303
Epoch 28 started
Epoch 28, Loss: 0.018533865359425545
Epoch 29 started
Epoch 29, Loss: 0.018240797418355943
Epoch 30 started
Epoch 30, Loss: 0.018464979246258735
Epoch 31 started
Epoch 31, Loss: 0.01747356879711151
Epoch 32 started
Epoch 32, Loss: 0.017351922696828843
Epoch 33 started
Epoch 33, Loss: 0.017652197371423244
Epoch 34 started
Epoch 34, Loss: 0.017150171214342116
Epoch 35 started
Epoch 35, Loss: 0.01773807294815779
Epoch 36 started
Epoch 36, Loss: 0.017053812676668167
Epoch 37 started
Epoch 37, Loss: 0.01734017445445061
Epoch 38 started
Epoch 38, Loss: 0.017289388316869735
Epoch 39 started
Epoch 39, Loss: 0.016264964628219605
Epoch 40 started
Epoch 40, Loss: 0.01693570026680827
Epoch 41 started
Epoch 41, Loss: 0.017176895362138747
Epoch 42 started
Epoch 42, Loss: 0.016509940147399902
Epoch 43 started
Epoch 43, Loss: 0.0165841660797596
Epoch 44 started
Epoch 44, Loss: 0.016560153684020043
Epoch 45 started
Epoch 45, Loss: 0.016376818661391734
Epoch 46 started
Epoch 46, Loss: 0.0167567136362195
Epoch 47 started
Epoch 47, Loss: 0.016431917047500612
Epoch 48 started
Epoch 48, Loss: 0.016621956458687782
Epoch 49 started
Epoch 49, Loss: 0.015947208218276502
Epoch 50 started
Epoch 50, Loss: 0.015787910716980696
Epoch 51 started
Epoch 51, Loss: 0.015918588620424272
Epoch 52 started
Epoch 52, Loss: 0.016394561825692655
Epoch 53 started
Epoch 53, Loss: 0.016391634225845338
Epoch 54 started
Epoch 54, Loss: 0.015369333791732788
Epoch 55 started
Epoch 55, Loss: 0.015782561813294887
Epoch 56 started
Epoch 56, Loss: 0.015160775581002236
Epoch 57 started
Epoch 57, Loss: 0.016753766041994095
Epoch 58 started
Epoch 58, Loss: 0.01594047945737839
Epoch 59 started
Epoch 59, Loss: 0.015472545999288559
Epoch 60 started
Epoch 60, Loss: 0.015586650708317757
Epoch 61 started
Epoch 61, Loss: 0.015463324695825576
Epoch 62 started
Epoch 62, Loss: 0.01608173117786646
Epoch 63 started
Epoch 63, Loss: 0.016484901836514472
Epoch 64 started
Epoch 64, Loss: 0.01586993074119091
Epoch 65 started
Epoch 65, Loss: 0.01571750380694866
Epoch 66 started
Epoch 66, Loss: 0.015058014866709709
Epoch 67 started
Epoch 67, Loss: 0.015286514973640442
Epoch 68 started
Epoch 68, Loss: 0.015051585021615028
Epoch 69 started
Epoch 69, Loss: 0.015401671434938908
Epoch 70 started
Epoch 70, Loss: 0.014950990942120553
Epoch 71 started
Epoch 71, Loss: 0.015384150514006614
Epoch 72 started
Epoch 72, Loss: 0.01501425863802433
Epoch 73 started
Epoch 73, Loss: 0.015061146941781045
Epoch 74 started
Epoch 74, Loss: 0.015490298417210578
Epoch 75 started
Epoch 75, Loss: 0.015380513793230056
Epoch 76 started
Epoch 76, Loss: 0.014771737346053124
Epoch 77 started
Epoch 77, Loss: 0.014839413085579872
Epoch 78 started
Epoch 78, Loss: 0.015033381263911724
Epoch 79 started
Epoch 79, Loss: 0.014486112426221371
Epoch 80 started
Epoch 80, Loss: 0.014410637214779854
Epoch 81 started
Epoch 81, Loss: 0.014906223898380994
Epoch 82 started
Epoch 82, Loss: 0.015563618475198746
Epoch 83 started
Epoch 83, Loss: 0.015163186326622963
Epoch 84 started
Epoch 84, Loss: 0.014561170715093613
Epoch 85 started
Epoch 85, Loss: 0.014976210039854049
Epoch 86 started
Epoch 86, Loss: 0.014793618209660053
Epoch 87 started
Epoch 87, Loss: 0.015321744048595428
Epoch 88 started
Epoch 88, Loss: 0.014610157176852226
Epoch 89 started
Epoch 89, Loss: 0.015111535869538784
Epoch 90 started
Epoch 90, Loss: 0.014053298181295394
Epoch 91 started
Epoch 91, Loss: 0.014594186985492707
Epoch 92 started
Epoch 92, Loss: 0.014664432016015052
Epoch 93 started
Epoch 93, Loss: 0.014268130114674569
Epoch 94 started
Epoch 94, Loss: 0.014814847753942012
Epoch 95 started
Epoch 95, Loss: 0.01522755924165249
Epoch 96 started
Epoch 96, Loss: 0.015064514908194541
Epoch 97 started
Epoch 97, Loss: 0.01402389336824417
Epoch 98 started
Epoch 98, Loss: 0.014438550658524037
Epoch 99 started
Epoch 99, Loss: 0.014372518742084504
Epoch 100 started
Epoch 100, Loss: 0.014602925875782966
Epoch 101 started
Epoch 101, Loss: 0.014386091973632574
Epoch 102 started
Epoch 102, Loss: 0.015044223323464393
Epoch 103 started
Epoch 103, Loss: 0.014906283089518546
Epoch 104 started
Epoch 104, Loss: 0.014454934486746788
Epoch 105 started
Epoch 105, Loss: 0.013712676894664764
Epoch 106 started
Epoch 106, Loss: 0.01554220276772976
Epoch 107 started
Epoch 107, Loss: 0.014930256491899491
Epoch 108 started
Epoch 108, Loss: 0.014463421538472175
Epoch 109 started
Epoch 109, Loss: 0.014879775281995534
Epoch 110 started
Epoch 110, Loss: 0.014813477465510368
Epoch 111 started
Epoch 111, Loss: 0.014435150563716888
Epoch 112 started
Epoch 112, Loss: 0.014897789254784584
Epoch 113 started
Epoch 113, Loss: 0.014308242970705033
Epoch 114 started
Epoch 114, Loss: 0.014932656571269035
Epoch 115 started
Epoch 115, Loss: 0.014419519740343095
Epoch 116 started
Epoch 116, Loss: 0.014613095659017562
Epoch 117 started
Epoch 117, Loss: 0.014630618652701377
Epoch 118 started
Epoch 118, Loss: 0.01391500101685524
Epoch 119 started
Epoch 119, Loss: 0.014516350626945496
Epoch 120 started
Epoch 120, Loss: 0.014529377937316894
Epoch 121 started
Epoch 121, Loss: 0.01386510124951601
Epoch 122 started
Epoch 122, Loss: 0.014658207705616952
Epoch 123 started
Epoch 123, Loss: 0.014335547509789466
Epoch 124 started
Epoch 124, Loss: 0.01401746891438961
Epoch 125 started
Epoch 125, Loss: 0.014198744890093803
Epoch 126 started
Epoch 126, Loss: 0.014089830473065376
Epoch 127 started
Epoch 127, Loss: 0.014852640368044377
Epoch 128 started
Epoch 128, Loss: 0.014313827645778656
Epoch 129 started
Epoch 129, Loss: 0.01387684733569622
Epoch 130 started
Epoch 130, Loss: 0.01405884099304676
Epoch 131 started
Epoch 131, Loss: 0.01375729417912662
Epoch 132 started
Epoch 132, Loss: 0.01458774382174015
Epoch 133 started
Epoch 133, Loss: 0.01389928705841303
Epoch 134 started
Epoch 134, Loss: 0.014904802873730659
Epoch 135 started
Epoch 135, Loss: 0.013856945283710956
Epoch 136 started
Epoch 136, Loss: 0.013623954346776008
Epoch 137 started
Epoch 137, Loss: 0.014463557374477387
Epoch 138 started
Epoch 138, Loss: 0.013657115219533443
Epoch 139 started
Epoch 139, Loss: 0.013647874468564988
Epoch 140 started
Epoch 140, Loss: 0.013691209113225342
Epoch 141 started
Epoch 141, Loss: 0.014131609003990889
Epoch 142 started
Epoch 142, Loss: 0.01381545589864254
Epoch 143 started
Epoch 143, Loss: 0.0131384397149086
Epoch 144 started
Epoch 144, Loss: 0.01339465423822403
Epoch 145 started
Epoch 145, Loss: 0.01422327900826931
Epoch 146 started
Epoch 146, Loss: 0.013631500320136547
Epoch 147 started
Epoch 147, Loss: 0.0136214877307415
Epoch 148 started
Epoch 148, Loss: 0.013892173105478287
Epoch 149 started
Epoch 149, Loss: 0.013803108739852906
Epoch 150 started
Epoch 150, Loss: 0.013560738256573676
Epoch 151 started
Epoch 151, Loss: 0.014572669151425362
Epoch 152 started
Epoch 152, Loss: 0.014364454698562621
Epoch 153 started
Epoch 153, Loss: 0.013820035381615163
Epoch 154 started
Epoch 154, Loss: 0.014118549591302872
Epoch 155 started
Epoch 155, Loss: 0.013706669510900974
Epoch 156 started
Epoch 156, Loss: 0.013921948665380478
Epoch 157 started
Epoch 157, Loss: 0.013845718070864677
Epoch 158 started
Epoch 158, Loss: 0.013863056470453739
Epoch 159 started
Epoch 159, Loss: 0.013486168250441551
Epoch 160 started
Epoch 160, Loss: 0.013339348205924034
Epoch 161 started
Epoch 161, Loss: 0.013711041349172592
Epoch 162 started
Epoch 162, Loss: 0.014061117497086524
Epoch 163 started
Epoch 163, Loss: 0.013627687281370163
Epoch 164 started
Epoch 164, Loss: 0.013249593067169189
Epoch 165 started
Epoch 165, Loss: 0.013704002946615218
Epoch 166 started
Epoch 166, Loss: 0.013556070056557656
Epoch 167 started
Epoch 167, Loss: 0.01434473803192377
Epoch 168 started
Epoch 168, Loss: 0.013144473201036453
Epoch 169 started
Epoch 169, Loss: 0.013010252779722214
Epoch 170 started
Epoch 170, Loss: 0.013650176772475243
Epoch 171 started
Epoch 171, Loss: 0.014092763683199883
Epoch 172 started
Epoch 172, Loss: 0.01375526494383812
Epoch 173 started
Epoch 173, Loss: 0.013815459296107292
Epoch 174 started
Epoch 174, Loss: 0.013775840577483177
Epoch 175 started
Epoch 175, Loss: 0.013606042131781577
Epoch 176 started
Epoch 176, Loss: 0.013652199976146221
Epoch 177 started
Epoch 177, Loss: 0.014340988740324974
Epoch 178 started
Epoch 178, Loss: 0.013948444038629533
Epoch 179 started
Epoch 179, Loss: 0.013720424202084542
Epoch 180 started
Epoch 180, Loss: 0.013789133842289449
Epoch 181 started
Epoch 181, Loss: 0.01355937216281891
Epoch 182 started
Epoch 182, Loss: 0.013511269283294677
Epoch 183 started
Epoch 183, Loss: 0.013691390818357468
Epoch 184 started
Epoch 184, Loss: 0.013744483505189418
Epoch 185 started
Epoch 185, Loss: 0.013538818457722665
Epoch 186 started
Epoch 186, Loss: 0.013631158486008644
Epoch 187 started
Epoch 187, Loss: 0.013388393673300743
Epoch 188 started
Epoch 188, Loss: 0.013355649536848068
Epoch 189 started
Epoch 189, Loss: 0.013956913763284683
Epoch 190 started
Epoch 190, Loss: 0.014078558921813965
Epoch 191 started
Epoch 191, Loss: 0.013341101178526878
Epoch 192 started
Epoch 192, Loss: 0.013815107005089521
Epoch 193 started
Epoch 193, Loss: 0.013998473958671093
Epoch 194 started
Epoch 194, Loss: 0.01385338086783886
Epoch 195 started
Epoch 195, Loss: 0.013638919287919998
Epoch 196 started
Epoch 196, Loss: 0.013576963417232036
Epoch 197 started
Epoch 197, Loss: 0.014060934567451477
Epoch 198 started
Epoch 198, Loss: 0.012772438788414001
Epoch 199 started
Epoch 199, Loss: 0.013518398807942868
Epoch 200 started
Epoch 200, Loss: 0.013776429915428162
Epoch 201 started
Epoch 201, Loss: 0.013718261390924453
Epoch 202 started
Epoch 202, Loss: 0.013406888735294342
Epoch 203 started
Epoch 203, Loss: 0.013398437258601188
Epoch 204 started
Epoch 204, Loss: 0.013180860158801079
Epoch 205 started
Epoch 205, Loss: 0.013259066697955131
Epoch 206 started
Epoch 206, Loss: 0.013328335905075074
Epoch 207 started
Epoch 207, Loss: 0.013105266224592925
Epoch 208 started
Epoch 208, Loss: 0.013366386127471925
Epoch 209 started
Epoch 209, Loss: 0.01323900471329689
Epoch 210 started
Epoch 210, Loss: 0.01328884343802929
Epoch 211 started
Epoch 211, Loss: 0.013392437881231309
Epoch 212 started
Epoch 212, Loss: 0.013642706015706062
Epoch 213 started
Epoch 213, Loss: 0.013324216276407242
Epoch 214 started
Epoch 214, Loss: 0.01372626414000988
Epoch 215 started
Epoch 215, Loss: 0.012937400902807712
Epoch 216 started
Epoch 216, Loss: 0.013326804264634848
Epoch 217 started
Epoch 217, Loss: 0.013117834159731865
Epoch 218 started
Epoch 218, Loss: 0.013297113333642483
Epoch 219 started
Epoch 219, Loss: 0.013023280879855156
Epoch 220 started
Epoch 220, Loss: 0.012629506422579288
Epoch 221 started
Epoch 221, Loss: 0.013257167775928974
Epoch 222 started
Epoch 222, Loss: 0.013765442967414856
Epoch 223 started
Epoch 223, Loss: 0.01340001078993082
Epoch 224 started
Epoch 224, Loss: 0.013645150190591811
Epoch 225 started
Epoch 225, Loss: 0.013385265044867992
Epoch 226 started
Epoch 226, Loss: 0.012878117471933365
Epoch 227 started
Epoch 227, Loss: 0.013910433349013328
Epoch 228 started
Epoch 228, Loss: 0.013261461516469716
Epoch 229 started
Epoch 229, Loss: 0.012870393207669258
Epoch 230 started
Epoch 230, Loss: 0.013288677267730236
Epoch 231 started
Epoch 231, Loss: 0.012969029527902604
Epoch 232 started
Epoch 232, Loss: 0.013617658513784409
Epoch 233 started
Epoch 233, Loss: 0.01286106407865882
Epoch 234 started
Epoch 234, Loss: 0.013637123443186284
Epoch 235 started
Epoch 235, Loss: 0.012727333834767342
Epoch 236 started
Epoch 236, Loss: 0.013020640271902084
Epoch 237 started
Epoch 237, Loss: 0.013243130078911782
Epoch 238 started
Epoch 238, Loss: 0.01303586227595806
Epoch 239 started
Epoch 239, Loss: 0.012874745474755764
Epoch 240 started
Epoch 240, Loss: 0.012927063201367855
Epoch 241 started
Epoch 241, Loss: 0.01318086911737919
Epoch 242 started
Epoch 242, Loss: 0.012883473701775073
Epoch 243 started
Epoch 243, Loss: 0.013403318133950234
Epoch 244 started
Epoch 244, Loss: 0.013212654474377632
Epoch 245 started
Epoch 245, Loss: 0.012892505803704261
Epoch 246 started
Epoch 246, Loss: 0.013080384540557861
Epoch 247 started
Epoch 247, Loss: 0.013721483615040778
Epoch 248 started
Epoch 248, Loss: 0.013687576988339424
Epoch 249 started
Epoch 249, Loss: 0.013048575815558433
Epoch 250 started
Epoch 250, Loss: 0.013248661988973618
Epoch 251 started
Epoch 251, Loss: 0.013475064983963966
Epoch 252 started
Epoch 252, Loss: 0.013122849373519421
Epoch 253 started
Epoch 253, Loss: 0.013245228186249732
Epoch 254 started
Epoch 254, Loss: 0.013330193170905114
Epoch 255 started
Epoch 255, Loss: 0.012816984048485755
Epoch 256 started
Epoch 256, Loss: 0.01291082348227501
Epoch 257 started
Epoch 257, Loss: 0.013350323352217674
Epoch 258 started
Epoch 258, Loss: 0.012541634030640125
Epoch 259 started
Epoch 259, Loss: 0.013770656481385231
Epoch 260 started
Epoch 260, Loss: 0.013098494529724121
Epoch 261 started
Epoch 261, Loss: 0.012943030720949173
Epoch 262 started
Epoch 262, Loss: 0.013098512180894613
Epoch 263 started
Epoch 263, Loss: 0.013064471332728863
Epoch 264 started
Epoch 264, Loss: 0.012896239107102156
Epoch 265 started
Epoch 265, Loss: 0.013207173644006252
Epoch 266 started
Epoch 266, Loss: 0.013466320991516113
Epoch 267 started
Epoch 267, Loss: 0.013084890413284301
Epoch 268 started
Epoch 268, Loss: 0.013035101248696446
Epoch 269 started
Epoch 269, Loss: 0.01303700297549367
Epoch 270 started
Epoch 270, Loss: 0.01320580357387662
Epoch 271 started
Epoch 271, Loss: 0.01289376719892025
Epoch 272 started
Epoch 272, Loss: 0.012800861056149006
Epoch 273 started
Epoch 273, Loss: 0.013225711807608604
Epoch 274 started
Epoch 274, Loss: 0.013136331777274609
Epoch 275 started
Epoch 275, Loss: 0.013264438626170159
Epoch 276 started
Epoch 276, Loss: 0.013151234667003155
Epoch 277 started
Epoch 277, Loss: 0.013200629971176386
Epoch 278 started
Epoch 278, Loss: 0.013210952183604241
Epoch 279 started
Epoch 279, Loss: 0.01322859393954277
Epoch 280 started
Epoch 280, Loss: 0.013342513236403465
Epoch 281 started
Epoch 281, Loss: 0.012718675418198109
Epoch 282 started
Epoch 282, Loss: 0.01337257290482521
Epoch 283 started
Epoch 283, Loss: 0.012640691778063774
Epoch 284 started
Epoch 284, Loss: 0.013039029097557067
Epoch 285 started
Epoch 285, Loss: 0.013059848250448704
Epoch 286 started
Epoch 286, Loss: 0.013459937316179275
Epoch 287 started
Epoch 287, Loss: 0.012438054098188878
Epoch 288 started
Epoch 288, Loss: 0.013024291096627713
Epoch 289 started
Epoch 289, Loss: 0.013390389573574066
Epoch 290 started
Epoch 290, Loss: 0.013144980677962303
Epoch 291 started
Epoch 291, Loss: 0.013551083789765835
Epoch 292 started
Epoch 292, Loss: 0.012905889426916837
Epoch 293 started
Epoch 293, Loss: 0.013300732611119748
Epoch 294 started
Epoch 294, Loss: 0.012917031422257424
Epoch 295 started
Epoch 295, Loss: 0.013345391587913036
Epoch 296 started
Epoch 296, Loss: 0.012861813974380493
Epoch 297 started
Epoch 297, Loss: 0.013294100250303744
Epoch 298 started
Epoch 298, Loss: 0.013369523341953755
Epoch 299 started
Epoch 299, Loss: 0.01303922317624092
Epoch 300 started
Epoch 300, Loss: 0.013235672375559808
Epoch 301 started
Epoch 301, Loss: 0.013374321088194847
Epoch 302 started
Epoch 302, Loss: 0.012912015110254287
Epoch 303 started
Epoch 303, Loss: 0.012892873924970627
Epoch 304 started
Epoch 304, Loss: 0.013211761033535004
Epoch 305 started
Epoch 305, Loss: 0.013179397028684616
Epoch 306 started
Epoch 306, Loss: 0.01234137042760849
Epoch 307 started
Epoch 307, Loss: 0.013496269862353801
Epoch 308 started
Epoch 308, Loss: 0.013142652776837349
Epoch 309 started
Epoch 309, Loss: 0.013042031779885293
Epoch 310 started
Epoch 310, Loss: 0.012401349544525146
Epoch 311 started
Epoch 311, Loss: 0.013287572503089904
Epoch 312 started
Epoch 312, Loss: 0.01254120812639594
Epoch 313 started
Epoch 313, Loss: 0.013040516236424446
Epoch 314 started
Epoch 314, Loss: 0.012926097929477692
Epoch 315 started
Epoch 315, Loss: 0.013028170512616634
Epoch 316 started
Epoch 316, Loss: 0.013515931528806686
Epoch 317 started
Epoch 317, Loss: 0.012840996000170708
Epoch 318 started
Epoch 318, Loss: 0.012895109631121159
Epoch 319 started
Epoch 319, Loss: 0.013292452670633793
Epoch 320 started
Epoch 320, Loss: 0.01274737153351307
Epoch 321 started
Epoch 321, Loss: 0.012622431355714798
Epoch 322 started
Epoch 322, Loss: 0.013219284042716026
Epoch 323 started
Epoch 323, Loss: 0.013192695893347263
Epoch 324 started
Epoch 324, Loss: 0.012156659498438239
Epoch 325 started
Epoch 325, Loss: 0.013180564537644386
Epoch 326 started
Epoch 326, Loss: 0.0132614376693964
Epoch 327 started
Epoch 327, Loss: 0.01330923776626587
Epoch 328 started
Epoch 328, Loss: 0.012872670622169971
Epoch 329 started
Epoch 329, Loss: 0.013326304984092712
Epoch 330 started
Epoch 330, Loss: 0.013201218850910664
Epoch 331 started
Epoch 331, Loss: 0.013348978248238564
Epoch 332 started
Epoch 332, Loss: 0.01299499417990446
Epoch 333 started
Epoch 333, Loss: 0.013138364943861962
Epoch 334 started
Epoch 334, Loss: 0.012819784182310104
Epoch 335 started
Epoch 335, Loss: 0.012658720234036445
Epoch 336 started
Epoch 336, Loss: 0.01279415798485279
Epoch 337 started
Epoch 337, Loss: 0.012703878870606422
Epoch 338 started
Epoch 338, Loss: 0.013395301516354085
Epoch 339 started
Epoch 339, Loss: 0.012463643081486226
Epoch 340 started
Epoch 340, Loss: 0.012360974054038524
Epoch 341 started
Epoch 341, Loss: 0.012843518975377083
Epoch 342 started
Epoch 342, Loss: 0.012418284910917282
Epoch 343 started
Epoch 343, Loss: 0.012205239546298981
Epoch 344 started
Epoch 344, Loss: 0.0124789369225502
Epoch 345 started
Epoch 345, Loss: 0.013006234863400459
Epoch 346 started
Epoch 346, Loss: 0.012896547284722329
Epoch 347 started
Epoch 347, Loss: 0.012912673088908196
Epoch 348 started
Epoch 348, Loss: 0.013377785104513169
Epoch 349 started
Epoch 349, Loss: 0.013280049858987331
Epoch 350 started
Epoch 350, Loss: 0.012892716136574745
Epoch 351 started
Epoch 351, Loss: 0.013499529728293418
Epoch 352 started
Epoch 352, Loss: 0.012397092536091805
Epoch 353 started
Epoch 353, Loss: 0.013320495986938477
Epoch 354 started
Epoch 354, Loss: 0.012868151178956032
Epoch 355 started
Epoch 355, Loss: 0.012674005754292011
Epoch 356 started
Epoch 356, Loss: 0.012726084994524718
Epoch 357 started
Epoch 357, Loss: 0.013235906164348126
Epoch 358 started
Epoch 358, Loss: 0.012952515631914139
Epoch 359 started
Epoch 359, Loss: 0.012865631273388863
Epoch 360 started
Epoch 360, Loss: 0.012392729604244233
Epoch 361 started
Epoch 361, Loss: 0.013042899058759213
Epoch 362 started
Epoch 362, Loss: 0.013030267126858234
Epoch 363 started
Epoch 363, Loss: 0.012653225903213024
Epoch 364 started
Epoch 364, Loss: 0.012962753266096114
Epoch 365 started
Epoch 365, Loss: 0.01299150778055191
Epoch 366 started
Epoch 366, Loss: 0.013029386134445667
Epoch 367 started
Epoch 367, Loss: 0.013353355833888053
Epoch 368 started
Epoch 368, Loss: 0.013347858014702797
Epoch 369 started
Epoch 369, Loss: 0.012824565885961056
Epoch 370 started
Epoch 370, Loss: 0.013270125345885753
Epoch 371 started
Epoch 371, Loss: 0.01254106933027506
Epoch 372 started
Epoch 372, Loss: 0.012851859357953072
Epoch 373 started
Epoch 373, Loss: 0.013014072692394256
Epoch 374 started
Epoch 374, Loss: 0.012788954110443592
Epoch 375 started
Epoch 375, Loss: 0.012654549419134855
Epoch 376 started
Epoch 376, Loss: 0.012836234042048453
Epoch 377 started
Epoch 377, Loss: 0.012972897312045097
Epoch 378 started
Epoch 378, Loss: 0.012654357916116715
Epoch 379 started
Epoch 379, Loss: 0.013161896043270825
Epoch 380 started
Epoch 380, Loss: 0.012815973829478026
Epoch 381 started
Epoch 381, Loss: 0.012423831436038018
Epoch 382 started
Epoch 382, Loss: 0.012633678196370601
Epoch 383 started
Epoch 383, Loss: 0.012947402587532996
Epoch 384 started
Epoch 384, Loss: 0.013257855003327131
Epoch 385 started
Epoch 385, Loss: 0.012049129652976989
Epoch 386 started
Epoch 386, Loss: 0.012808489414304495
Epoch 387 started
Epoch 387, Loss: 0.012833354918658734
Epoch 388 started
Epoch 388, Loss: 0.01281810635626316
Epoch 389 started
Epoch 389, Loss: 0.012199050083756447
Epoch 390 started
Epoch 390, Loss: 0.01236611483991146
Epoch 391 started
Epoch 391, Loss: 0.012457188978791237
Epoch 392 started
Epoch 392, Loss: 0.012673781245946885
Epoch 393 started
Epoch 393, Loss: 0.012612642422318458
Epoch 394 started
Epoch 394, Loss: 0.012682879802584647
Epoch 395 started
Epoch 395, Loss: 0.012471825005114078
Epoch 396 started
Epoch 396, Loss: 0.013175549817085266
Epoch 397 started
Epoch 397, Loss: 0.012958864477276802
Epoch 398 started
Epoch 398, Loss: 0.01275858541727066
Epoch 399 started
Epoch 399, Loss: 0.012826959860324859
Epoch 400 started
Epoch 400, Loss: 0.012679263806343079
Epoch 401 started
Epoch 401, Loss: 0.013120871108025312
Epoch 402 started
Epoch 402, Loss: 0.013371814006567001
Epoch 403 started
Epoch 403, Loss: 0.013315238609910011
Epoch 404 started
Epoch 404, Loss: 0.013254560911655427
Epoch 405 started
Epoch 405, Loss: 0.013527309717237949
Epoch 406 started
Epoch 406, Loss: 0.013208318474888802
Epoch 407 started
Epoch 407, Loss: 0.0126754899173975
Epoch 408 started
Epoch 408, Loss: 0.013345056994259358
Epoch 409 started
Epoch 409, Loss: 0.013142308712005616
Epoch 410 started
Epoch 410, Loss: 0.013134040495753289
Epoch 411 started
Epoch 411, Loss: 0.012645152193307876
Epoch 412 started
Epoch 412, Loss: 0.01289349237382412
Epoch 413 started
Epoch 413, Loss: 0.012880580556392669
Epoch 414 started
Epoch 414, Loss: 0.012583008654415608
Epoch 415 started
Epoch 415, Loss: 0.012626254710555077
Epoch 416 started
Epoch 416, Loss: 0.01295666076168418
Epoch 417 started
Epoch 417, Loss: 0.012835988949239254
Epoch 418 started
Epoch 418, Loss: 0.012684761354327202
Epoch 419 started
Epoch 419, Loss: 0.013215306042134762
Epoch 420 started
Epoch 420, Loss: 0.012862833160161973
Epoch 421 started
Epoch 421, Loss: 0.012965731133520604
Epoch 422 started
Epoch 422, Loss: 0.012649908375740052
Epoch 423 started
Epoch 423, Loss: 0.012647954845428466
Epoch 424 started
Epoch 424, Loss: 0.013306069585680962
Epoch 425 started
Epoch 425, Loss: 0.012033405824750662
Epoch 426 started
Epoch 426, Loss: 0.012583911430835724
Epoch 427 started
Epoch 427, Loss: 0.012489813412725925
Epoch 428 started
Epoch 428, Loss: 0.012289398291707039
Epoch 429 started
Epoch 429, Loss: 0.013004213151335717
Epoch 430 started
Epoch 430, Loss: 0.012846618521213531
Epoch 431 started
Epoch 431, Loss: 0.012299979808926583
Epoch 432 started
Epoch 432, Loss: 0.013180911952257157
Epoch 433 started
Epoch 433, Loss: 0.012963214024156332
Epoch 434 started
Epoch 434, Loss: 0.012724485167488456
Epoch 435 started
Epoch 435, Loss: 0.014041543826460839
Epoch 436 started
Epoch 436, Loss: 0.012607681020349265
Epoch 437 started
Epoch 437, Loss: 0.01322484551370144
Epoch 438 started
Epoch 438, Loss: 0.012453535421192647
Epoch 439 started
Epoch 439, Loss: 0.012354569461941719
Epoch 440 started
Epoch 440, Loss: 0.012577991870045662
Epoch 441 started
Epoch 441, Loss: 0.01298675079792738
Epoch 442 started
Epoch 442, Loss: 0.012297139431536198
Epoch 443 started
Epoch 443, Loss: 0.013455469931662082
Epoch 444 started
Epoch 444, Loss: 0.012346316259726882
Epoch 445 started
Epoch 445, Loss: 0.012683177483081818
Epoch 446 started
Epoch 446, Loss: 0.013119956909120083
Epoch 447 started
Epoch 447, Loss: 0.012972844755649566
Epoch 448 started
Epoch 448, Loss: 0.01243871132284403
Epoch 449 started
Epoch 449, Loss: 0.012932349225878716
Epoch 450 started
Epoch 450, Loss: 0.012393609173595905
Epoch 451 started
Epoch 451, Loss: 0.013074213552102447
Epoch 452 started
Epoch 452, Loss: 0.012653328453749418
Epoch 453 started
Epoch 453, Loss: 0.012728939872980119
Epoch 454 started
Epoch 454, Loss: 0.013130481873452664
Epoch 455 started
Epoch 455, Loss: 0.011808409877121449
Epoch 456 started
Epoch 456, Loss: 0.012313703456148505
Epoch 457 started
Epoch 457, Loss: 0.01343674449622631
Epoch 458 started
Epoch 458, Loss: 0.01231957952529192
Epoch 459 started
Epoch 459, Loss: 0.013315008419007063
Epoch 460 started
Epoch 460, Loss: 0.012755145964026451
Epoch 461 started
Epoch 461, Loss: 0.012838272033631802
Epoch 462 started
Epoch 462, Loss: 0.013130510026216506
Epoch 463 started
Epoch 463, Loss: 0.012763184951245786
Epoch 464 started
Epoch 464, Loss: 0.012470283781737089
Epoch 465 started
Epoch 465, Loss: 0.01249157115444541
Epoch 466 started
Epoch 466, Loss: 0.012315875972807408
Epoch 467 started
Epoch 467, Loss: 0.013056930339336395
Epoch 468 started
Epoch 468, Loss: 0.012906360706686973
Epoch 469 started
Epoch 469, Loss: 0.012958765081688762
Epoch 470 started
Epoch 470, Loss: 0.012982149404287338
Epoch 471 started
Epoch 471, Loss: 0.012412332591414452
Epoch 472 started
Epoch 472, Loss: 0.012326691237092019
Epoch 473 started
Epoch 473, Loss: 0.01292168677598238
Epoch 474 started
Epoch 474, Loss: 0.012918772783875465
Epoch 475 started
Epoch 475, Loss: 0.01291537735760212
Epoch 476 started
Epoch 476, Loss: 0.013628529750555753
Epoch 477 started
Epoch 477, Loss: 0.013067199552059174
Epoch 478 started
Epoch 478, Loss: 0.012160741589963437
Epoch 479 started
Epoch 479, Loss: 0.013180766288936139
Epoch 480 started
Epoch 480, Loss: 0.013519412830471993
Epoch 481 started
Epoch 481, Loss: 0.01251063349545002
Epoch 482 started
Epoch 482, Loss: 0.012731356567144393
Epoch 483 started
Epoch 483, Loss: 0.012373129279911518
Epoch 484 started
Epoch 484, Loss: 0.013388354690372944
Epoch 485 started
Epoch 485, Loss: 0.012785803696513175
Epoch 486 started
Epoch 486, Loss: 0.013273908364772796
Epoch 487 started
Epoch 487, Loss: 0.012657591927051544
Epoch 488 started
Epoch 488, Loss: 0.012606243121623993
Epoch 489 started
Epoch 489, Loss: 0.012375177910923957
Epoch 490 started
Epoch 490, Loss: 0.013537319940328599
Epoch 491 started
Epoch 491, Loss: 0.0131421891361475
Epoch 492 started
Epoch 492, Loss: 0.01248757801949978
Epoch 493 started
Epoch 493, Loss: 0.013350914216041565
Epoch 494 started
Epoch 494, Loss: 0.013232652570307256
Epoch 495 started
Epoch 495, Loss: 0.013138923920691013
Epoch 496 started
Epoch 496, Loss: 0.01203778818845749
Epoch 497 started
Epoch 497, Loss: 0.012550969327986241
Epoch 498 started
Epoch 498, Loss: 0.012475649559497834
Epoch 499 started
Epoch 499, Loss: 0.012464413614571094
Training complete.

------------------------------------------------------------
Sender: LSF System <lsfadmin@hpc.dtu.dk>
Subject: Job 23249770: <mnist_training> in cluster <dcc> Done

Job <mnist_training> was submitted from host <n-62-12-19> by user <s204427> in cluster <dcc> at Mon Nov 25 08:46:27 2024
Job was executed on host(s) <4*n-62-18-9>, in queue <gpua100>, as user <s204427> in cluster <dcc> at Mon Nov 25 08:46:29 2024
</zhome/1a/a/156609> was used as the home directory.
</zhome/1a/a/156609/project/path> was used as the working directory.
Started at Mon Nov 25 08:46:29 2024
Terminated at Mon Nov 25 15:42:55 2024
Results reported at Mon Nov 25 15:42:55 2024

Your job looked like:

------------------------------------------------------------
# LSBATCH: User input
# mnist_job.sh
#!/bin/bash
#BSUB -J mnist_training           # Job name
#BSUB -q gpua100                   # Queue name for Tesla A10 GPUs
#BSUB -gpu "num=1"                # Request 1 GPU in exclusive mode
#BSUB -n 4                        # Request 4 CPU cores (required)
#BSUB -R "span[hosts=1]"          # Ensure resources are on a single node
#BSUB -W 48:00                    # Walltime (1 hour)
#BSUB -R "rusage[mem=4096]"       # Request 4GB of system memory
#BSUB -o ./logs/outputLogs/output_%J.log            # Output file
#BSUB -e ./logs/errorLogs/error_%J.log             # Error file

# Load necessary modules
module load python3/3.10.12
module load cuda/12.1

# Set W&B API key (replace with your actual key)
export WANDB_API_KEY="6ecda4c80f57815b4ff4780014d596e19617454c"

# Activate virtual environment
source /zhome/1a/a/156609/project/path/.venv/bin/activate

# Run the PyTorch training script
python3 mainUNet.py

------------------------------------------------------------

Successfully completed.

Resource usage summary:

    CPU time :                                   24876.00 sec.
    Max Memory :                                 1502 MB
    Average Memory :                             1493.47 MB
    Total Requested Memory :                     16384.00 MB
    Delta Memory :                               14882.00 MB
    Max Swap :                                   -
    Max Processes :                              4
    Max Threads :                                10
    Run time :                                   25071 sec.
    Turnaround time :                            24988 sec.

The output (if any) is above this job summary.



PS:

Read file <./logs/errorLogs/error_23249770.log> for stderr output of this job.

