Epoch 0 started
Epoch 0, Loss: 0.07503779309988022
Epoch 1 started
Epoch 1, Loss: 0.03100998915632566
Epoch 2 started
Epoch 2, Loss: 0.025061980997522673
Epoch 3 started
Epoch 3, Loss: 0.022527064058184623
Epoch 4 started
Epoch 4, Loss: 0.021261587990323703
Epoch 5 started
Epoch 5, Loss: 0.020451487847169242
Epoch 6 started
Epoch 6, Loss: 0.01943846573928992
Epoch 7 started
Epoch 7, Loss: 0.019296141629417736
Epoch 8 started
Epoch 8, Loss: 0.018602749676505725
Epoch 9 started
Epoch 9, Loss: 0.01815601910005013
Epoch 10 started
Epoch 10, Loss: 0.017831494594117005
Epoch 11 started
Epoch 11, Loss: 0.017932699838280677
Epoch 12 started
Epoch 12, Loss: 0.017699924090504648
Epoch 13 started
Epoch 13, Loss: 0.01736443537771702
Epoch 14 started
Epoch 14, Loss: 0.017105657428503035
Epoch 15 started
Epoch 15, Loss: 0.017130095681548118
Epoch 16 started
Epoch 16, Loss: 0.01703827651143074
Epoch 17 started
Epoch 17, Loss: 0.016681389782826107
Epoch 18 started
Epoch 18, Loss: 0.016514740226169427
Epoch 19 started
Epoch 19, Loss: 0.0167069532006979
Epoch 20 started
Epoch 20, Loss: 0.016608627943197885
Epoch 21 started
Epoch 21, Loss: 0.016596937011182308
Epoch 22 started
Epoch 22, Loss: 0.016369546806812286
Epoch 23 started
Epoch 23, Loss: 0.016114435132344562
Epoch 24 started
Epoch 24, Loss: 0.01623341324975093
Epoch 25 started
Epoch 25, Loss: 0.016075111397107444
Epoch 26 started
Epoch 26, Loss: 0.016062911575039227
Epoch 27 started
Epoch 27, Loss: 0.016138866702715554
Epoch 28 started
Epoch 28, Loss: 0.015885098031163215
Epoch 29 started
Epoch 29, Loss: 0.01596342099805673
Epoch 30 started
Epoch 30, Loss: 0.015863737004001937
Epoch 31 started
Epoch 31, Loss: 0.015912499914566676
Epoch 32 started
Epoch 32, Loss: 0.015859901762008667
Epoch 33 started
Epoch 33, Loss: 0.015733080752690632
Epoch 34 started
Epoch 34, Loss: 0.015608064224322636
Epoch 35 started
Epoch 35, Loss: 0.015755223588148754
Epoch 36 started
Epoch 36, Loss: 0.015779499239722886
Epoch 37 started
Epoch 37, Loss: 0.01553905486514171
Epoch 38 started
Epoch 38, Loss: 0.015436096270879109
Epoch 39 started
Epoch 39, Loss: 0.015613012606898943
Epoch 40 started
Epoch 40, Loss: 0.015408200908700626
Epoch 41 started
Epoch 41, Loss: 0.015477778970698516
Epoch 42 started
Epoch 42, Loss: 0.015703092982371648
Epoch 43 started
Epoch 43, Loss: 0.015517338731884956
Epoch 44 started
Epoch 44, Loss: 0.015461672560870648
Epoch 45 started
Epoch 45, Loss: 0.01544100602567196
Epoch 46 started
Epoch 46, Loss: 0.015272846031188964
Epoch 47 started
Epoch 47, Loss: 0.015489557674527168
Epoch 48 started
Epoch 48, Loss: 0.015420075419048468
Epoch 49 started
Epoch 49, Loss: 0.015279863987366358
Epoch 50 started
Epoch 50, Loss: 0.015078605743249257
Epoch 51 started
Epoch 51, Loss: 0.015238195412357648
Epoch 52 started
Epoch 52, Loss: 0.015239488071203231
Epoch 53 started
Epoch 53, Loss: 0.015107291899124782
Epoch 54 started
Epoch 54, Loss: 0.015161989149451256
Epoch 55 started
Epoch 55, Loss: 0.01500054528216521
Epoch 56 started
Epoch 56, Loss: 0.015249165008465449
Epoch 57 started
Epoch 57, Loss: 0.0150255407979091
Epoch 58 started
Epoch 58, Loss: 0.014884813845157623
Epoch 59 started
Epoch 59, Loss: 0.01499007933785518
Epoch 60 started
Epoch 60, Loss: 0.015053995522360007
Epoch 61 started
Epoch 61, Loss: 0.015157232282559076
Epoch 62 started
Epoch 62, Loss: 0.015175872347752254
Epoch 63 started
Epoch 63, Loss: 0.014887436699867248
Epoch 64 started
Epoch 64, Loss: 0.015016795662045479
Epoch 65 started
Epoch 65, Loss: 0.01488353018561999
Epoch 66 started
Epoch 66, Loss: 0.015071659741799037
Epoch 67 started
Epoch 67, Loss: 0.014884734297792118
Epoch 68 started
Epoch 68, Loss: 0.01483893780608972
Epoch 69 started
Epoch 69, Loss: 0.014920603327949842
Epoch 70 started
Epoch 70, Loss: 0.015150902669131756
Epoch 71 started
Epoch 71, Loss: 0.014830709491173426
Epoch 72 started
Epoch 72, Loss: 0.014957591981689135
Epoch 73 started
Epoch 73, Loss: 0.014685415536165237
Epoch 74 started
Epoch 74, Loss: 0.01482813483774662
Epoch 75 started
Epoch 75, Loss: 0.014845953973134358
Epoch 76 started
Epoch 76, Loss: 0.014819897014896074
Epoch 77 started
Epoch 77, Loss: 0.014889514756202697
Epoch 78 started
Epoch 78, Loss: 0.014774743753671646
Epoch 79 started
Epoch 79, Loss: 0.014733380593856175
Epoch 80 started
Epoch 80, Loss: 0.01465826977690061
Epoch 81 started
Epoch 81, Loss: 0.014846418645977974
Epoch 82 started
Epoch 82, Loss: 0.014807940826316675
Epoch 83 started
Epoch 83, Loss: 0.014771809789538383
Epoch 84 started
Epoch 84, Loss: 0.01471692028492689
Epoch 85 started
Epoch 85, Loss: 0.014572211296856404
Epoch 86 started
Epoch 86, Loss: 0.01477575210928917
Epoch 87 started
Epoch 87, Loss: 0.014537367392579714
Epoch 88 started
Epoch 88, Loss: 0.014569976066549618
Epoch 89 started
Epoch 89, Loss: 0.014549197617173194
Epoch 90 started
Epoch 90, Loss: 0.01458318310379982
Epoch 91 started
Epoch 91, Loss: 0.01459533155709505
Epoch 92 started
Epoch 92, Loss: 0.01473120856086413
Epoch 93 started
Epoch 93, Loss: 0.014561984285712242
Epoch 94 started
Epoch 94, Loss: 0.014583526584506035
Epoch 95 started
Epoch 95, Loss: 0.014691969931125641
Epoch 96 started
Epoch 96, Loss: 0.014636812967558702
Epoch 97 started
Epoch 97, Loss: 0.014624525142709415
Epoch 98 started
Epoch 98, Loss: 0.014665823321044444
Epoch 99 started
Epoch 99, Loss: 0.014485625349978605
Epoch 100 started
Epoch 100, Loss: 0.014815422988931338
Epoch 101 started
Epoch 101, Loss: 0.01465561291327079
Epoch 102 started
Epoch 102, Loss: 0.01450294612844785
Epoch 103 started
Epoch 103, Loss: 0.014540284744898479
Epoch 104 started
Epoch 104, Loss: 0.014608627860744794
Epoch 105 started
Epoch 105, Loss: 0.014678142655889194
Epoch 106 started
Epoch 106, Loss: 0.014697223524252574
Epoch 107 started
Epoch 107, Loss: 0.01456838988562425
Epoch 108 started
Epoch 108, Loss: 0.014400459638734658
Epoch 109 started
Epoch 109, Loss: 0.01464079780826966
Epoch 110 started
Epoch 110, Loss: 0.0146418016821146
Epoch 111 started
Epoch 111, Loss: 0.014417462469140689
Epoch 112 started
Epoch 112, Loss: 0.01458051225543022
Epoch 113 started
Epoch 113, Loss: 0.014347246402005355
Epoch 114 started
Epoch 114, Loss: 0.014603761539359888
Epoch 115 started
Epoch 115, Loss: 0.014548098800579707
Epoch 116 started
Epoch 116, Loss: 0.01447390927573045
Epoch 117 started
Epoch 117, Loss: 0.014695403408507507
Epoch 118 started
Epoch 118, Loss: 0.014492189486821492
Epoch 119 started
Epoch 119, Loss: 0.014410959197084109
Epoch 120 started
Epoch 120, Loss: 0.014451263893644015
Epoch 121 started
Epoch 121, Loss: 0.01431662066479524
Epoch 122 started
Epoch 122, Loss: 0.014427180982132753
Epoch 123 started
Epoch 123, Loss: 0.014415127694110075
Epoch 124 started
Epoch 124, Loss: 0.01439711531897386
Epoch 125 started
Epoch 125, Loss: 0.014296237767736118
Epoch 126 started
Epoch 126, Loss: 0.014508363037308057
Epoch 127 started
Epoch 127, Loss: 0.014265412333607674
Epoch 128 started
Epoch 128, Loss: 0.01436127342035373
Epoch 129 started
Epoch 129, Loss: 0.014411171646912893
Epoch 130 started
Epoch 130, Loss: 0.014375027003884315
Epoch 131 started
Epoch 131, Loss: 0.01440750828385353
Epoch 132 started
Epoch 132, Loss: 0.01440246741125981
Epoch 133 started
Epoch 133, Loss: 0.014315476682782173
Epoch 134 started
Epoch 134, Loss: 0.01443448943545421
Epoch 135 started
Epoch 135, Loss: 0.01433538978099823
Epoch 136 started
Epoch 136, Loss: 0.014353923709690571
Epoch 137 started
Epoch 137, Loss: 0.014279538649320602
Epoch 138 started
Epoch 138, Loss: 0.014324563588202
Epoch 139 started
Epoch 139, Loss: 0.014207700456182162
Epoch 140 started
Epoch 140, Loss: 0.014149169486264388
Epoch 141 started
Epoch 141, Loss: 0.014309805966416995
Epoch 142 started
Epoch 142, Loss: 0.014400642273326715
Epoch 143 started
Epoch 143, Loss: 0.014300007625420889
Epoch 144 started
Epoch 144, Loss: 0.014249331378936768
Epoch 145 started
Epoch 145, Loss: 0.014446845670044423
Epoch 146 started
Epoch 146, Loss: 0.014336452674865722
Epoch 147 started
Epoch 147, Loss: 0.014213710646828016
Epoch 148 started
Epoch 148, Loss: 0.014386255809664726
Epoch 149 started
Epoch 149, Loss: 0.0142362784648935
Epoch 150 started
Epoch 150, Loss: 0.014233144761125246
Epoch 151 started
Epoch 151, Loss: 0.014309876730541389
Epoch 152 started
Epoch 152, Loss: 0.014200304760038853
Epoch 153 started
Epoch 153, Loss: 0.014281483277678489
Epoch 154 started
Epoch 154, Loss: 0.014153588811059792
Epoch 155 started
Epoch 155, Loss: 0.014214982548356056
Epoch 156 started
Epoch 156, Loss: 0.014177001164356868
Epoch 157 started
Epoch 157, Loss: 0.014308602508405844
Epoch 158 started
Epoch 158, Loss: 0.014307443100214005
Epoch 159 started
Epoch 159, Loss: 0.014341194703181584
Epoch 160 started
Epoch 160, Loss: 0.014208366526663303
Epoch 161 started
Epoch 161, Loss: 0.014145456021527449
Epoch 162 started
Epoch 162, Loss: 0.014275448717176915
Epoch 163 started
Epoch 163, Loss: 0.014317937709391116
Epoch 164 started
Epoch 164, Loss: 0.014017561333378156
Epoch 165 started
Epoch 165, Loss: 0.0142127231746912
Epoch 166 started
Epoch 166, Loss: 0.014257653578619162
Epoch 167 started
Epoch 167, Loss: 0.014198726127545039
Epoch 168 started
Epoch 168, Loss: 0.014125067381064097
Epoch 169 started
Epoch 169, Loss: 0.014119107479353746
Epoch 170 started
Epoch 170, Loss: 0.014191816427310308
Epoch 171 started
Epoch 171, Loss: 0.014216471254328887
Epoch 172 started
Epoch 172, Loss: 0.014197232537468274
Epoch 173 started
Epoch 173, Loss: 0.014302716560165088
Epoch 174 started
Epoch 174, Loss: 0.014249066152175268
Epoch 175 started
Epoch 175, Loss: 0.014182796899974346
Epoch 176 started
Epoch 176, Loss: 0.014207915073633195
Epoch 177 started
Epoch 177, Loss: 0.014146739290157953
Epoch 178 started
Epoch 178, Loss: 0.01422244741966327
Epoch 179 started
Epoch 179, Loss: 0.014264171184599399
Epoch 180 started
Epoch 180, Loss: 0.013914391216635704
Epoch 181 started
Epoch 181, Loss: 0.013990833586454391
Epoch 182 started
Epoch 182, Loss: 0.01396576119462649
Epoch 183 started
Epoch 183, Loss: 0.014291372186938921
Epoch 184 started
Epoch 184, Loss: 0.014014079138636589
Epoch 185 started
Epoch 185, Loss: 0.014179934468865394
Epoch 186 started
Epoch 186, Loss: 0.014226148488620917
Epoch 187 started
Epoch 187, Loss: 0.01424966547091802
Epoch 188 started
Epoch 188, Loss: 0.014248493516941865
Epoch 189 started
Epoch 189, Loss: 0.01407634722739458
Epoch 190 started
Epoch 190, Loss: 0.014187283120055993
Epoch 191 started
Epoch 191, Loss: 0.014049882267912229
Epoch 192 started
Epoch 192, Loss: 0.014156733247141043
Epoch 193 started
Epoch 193, Loss: 0.014102696701884269
Epoch 194 started
Epoch 194, Loss: 0.014093828395505745
Epoch 195 started
Epoch 195, Loss: 0.014024857955177624
Epoch 196 started
Epoch 196, Loss: 0.014020389563341935
Epoch 197 started
Epoch 197, Loss: 0.014143093465268613
Epoch 198 started
Epoch 198, Loss: 0.014100910017887752
Epoch 199 started
Epoch 199, Loss: 0.014012195802728335
Epoch 200 started
Epoch 200, Loss: 0.01410447969386975
Epoch 201 started
Epoch 201, Loss: 0.014133423705895742
Epoch 202 started
Epoch 202, Loss: 0.014020655512809753
Epoch 203 started
Epoch 203, Loss: 0.013998098134994507
Epoch 204 started
Epoch 204, Loss: 0.014136487935483456
Epoch 205 started
Epoch 205, Loss: 0.014196713301539422
Epoch 206 started
Epoch 206, Loss: 0.014163986323277155
Epoch 207 started
Epoch 207, Loss: 0.014162701081732908
Epoch 208 started
Epoch 208, Loss: 0.014071047614018123
Epoch 209 started
Epoch 209, Loss: 0.014029247198502223
Epoch 210 started
Epoch 210, Loss: 0.01400660327921311
Epoch 211 started
Epoch 211, Loss: 0.014152990916868051
Epoch 212 started
Epoch 212, Loss: 0.014170939374963443
Epoch 213 started
Epoch 213, Loss: 0.013961126288771629
Epoch 214 started
Epoch 214, Loss: 0.014081431244313717
Epoch 215 started
Epoch 215, Loss: 0.014062567205230395
Epoch 216 started
Epoch 216, Loss: 0.01391959361086289
Epoch 217 started
Epoch 217, Loss: 0.013830775422851245
Epoch 218 started
Epoch 218, Loss: 0.014003046301503976
Epoch 219 started
Epoch 219, Loss: 0.013949045356114706
Epoch 220 started
Epoch 220, Loss: 0.014068604263663293
Epoch 221 started
Epoch 221, Loss: 0.014054218327005704
Epoch 222 started
Epoch 222, Loss: 0.01407728689312935
Epoch 223 started
Epoch 223, Loss: 0.013830613088607788
Epoch 224 started
Epoch 224, Loss: 0.014130360546708107
Epoch 225 started
Epoch 225, Loss: 0.014102906759579977
Epoch 226 started
Epoch 226, Loss: 0.013881054408848285
Epoch 227 started
Epoch 227, Loss: 0.013907062662144502
Epoch 228 started
Epoch 228, Loss: 0.013990136832495531
Epoch 229 started
Epoch 229, Loss: 0.013964677261312803
Epoch 230 started
Epoch 230, Loss: 0.014029752399524052
Epoch 231 started
Epoch 231, Loss: 0.0139070190568765
Epoch 232 started
Epoch 232, Loss: 0.014090725193917752
Epoch 233 started
Epoch 233, Loss: 0.013972113026181857
Epoch 234 started
Epoch 234, Loss: 0.01408575651049614
Epoch 235 started
Epoch 235, Loss: 0.013928937638799349
Epoch 236 started
Epoch 236, Loss: 0.013980882093807061
Epoch 237 started
Epoch 237, Loss: 0.013922139434019725
Epoch 238 started
Epoch 238, Loss: 0.014057319787641366
Epoch 239 started
Epoch 239, Loss: 0.014102519857883453
Epoch 240 started
Epoch 240, Loss: 0.01390386895487706
Epoch 241 started
Epoch 241, Loss: 0.0139139919201533
Epoch 242 started
Epoch 242, Loss: 0.014008397374550502
Epoch 243 started
Epoch 243, Loss: 0.013879881266256174
Epoch 244 started
Epoch 244, Loss: 0.013839325002829235
Epoch 245 started
Epoch 245, Loss: 0.014041535277664661
Epoch 246 started
Epoch 246, Loss: 0.013851437470316887
Epoch 247 started
Epoch 247, Loss: 0.013993190257747968
Epoch 248 started
Epoch 248, Loss: 0.014049704755842685
Epoch 249 started
Epoch 249, Loss: 0.013930007617672284
Epoch 250 started
Epoch 250, Loss: 0.013827388224999109
Epoch 251 started
Epoch 251, Loss: 0.013965895257393519
Epoch 252 started
Epoch 252, Loss: 0.013914481499791145
Epoch 253 started
Epoch 253, Loss: 0.014013326077659925
Epoch 254 started
Epoch 254, Loss: 0.014022908712923526
Epoch 255 started
Epoch 255, Loss: 0.013964142022033532
Epoch 256 started
Epoch 256, Loss: 0.013850119301180045
Epoch 257 started
Epoch 257, Loss: 0.01380018271903197
Epoch 258 started
Epoch 258, Loss: 0.013957222423950831
Epoch 259 started
Epoch 259, Loss: 0.013936715857684613
Epoch 260 started
Epoch 260, Loss: 0.01385026058703661
Epoch 261 started
Epoch 261, Loss: 0.01386086260775725
Epoch 262 started
Epoch 262, Loss: 0.014071331809461117
Epoch 263 started
Epoch 263, Loss: 0.013983660384019216
Epoch 264 started
Epoch 264, Loss: 0.014026158429185549
Epoch 265 started
Epoch 265, Loss: 0.014002136046191056
Epoch 266 started
Epoch 266, Loss: 0.013996120318273703
Epoch 267 started
Epoch 267, Loss: 0.014139109707872072
Epoch 268 started
Epoch 268, Loss: 0.014073777729272843
Epoch 269 started
Epoch 269, Loss: 0.013889557177325089
Epoch 270 started
Epoch 270, Loss: 0.013979102328419686
Epoch 271 started
Epoch 271, Loss: 0.013937623370687166
Epoch 272 started
Epoch 272, Loss: 0.013973917920390764
Epoch 273 started
Epoch 273, Loss: 0.013893257822593054
Epoch 274 started
Epoch 274, Loss: 0.01390979844679435
Epoch 275 started
Epoch 275, Loss: 0.0138239249954621
Epoch 276 started
Epoch 276, Loss: 0.01393065498272578
Epoch 277 started
Epoch 277, Loss: 0.013859146839380264
Epoch 278 started
Epoch 278, Loss: 0.01385531542201837
Epoch 279 started
Epoch 279, Loss: 0.013727142683168252
Epoch 280 started
Epoch 280, Loss: 0.013915186302860578
Epoch 281 started
Epoch 281, Loss: 0.013831832419832548
Epoch 282 started
Epoch 282, Loss: 0.013792565523087979
Epoch 283 started
Epoch 283, Loss: 0.013763459074000518
Epoch 284 started
Epoch 284, Loss: 0.013848486603796482
Epoch 285 started
Epoch 285, Loss: 0.013896362113952636
Epoch 286 started
Epoch 286, Loss: 0.013936907853682836
Epoch 287 started
Epoch 287, Loss: 0.013905113087097803
Epoch 288 started
Epoch 288, Loss: 0.01372088150382042
Epoch 289 started
Epoch 289, Loss: 0.013937176942328612
Epoch 290 started
Epoch 290, Loss: 0.013784975255529085
Epoch 291 started
Epoch 291, Loss: 0.013830712559322516
Epoch 292 started
Epoch 292, Loss: 0.01406781378785769
Epoch 293 started
Epoch 293, Loss: 0.013857698786258697
Epoch 294 started
Epoch 294, Loss: 0.013852802218000095
Epoch 295 started
Epoch 295, Loss: 0.013959150031705697
Epoch 296 started
Epoch 296, Loss: 0.013960818555951118
Epoch 297 started
Epoch 297, Loss: 0.01377913799881935
Epoch 298 started
Epoch 298, Loss: 0.013928555151323477
Epoch 299 started
Epoch 299, Loss: 0.013891185383995374
Epoch 300 started
Epoch 300, Loss: 0.013887285947799683
Epoch 301 started
Epoch 301, Loss: 0.01378313639809688
Epoch 302 started
Epoch 302, Loss: 0.013781285082797209
Epoch 303 started
Epoch 303, Loss: 0.013772228551407655
Epoch 304 started
Epoch 304, Loss: 0.013824342862764995
Epoch 305 started
Epoch 305, Loss: 0.01389051505724589
Epoch 306 started
Epoch 306, Loss: 0.013815447123845418
Epoch 307 started
Epoch 307, Loss: 0.013795946031808852
Epoch 308 started
Epoch 308, Loss: 0.013770253716905911
Epoch 309 started
Epoch 309, Loss: 0.013791798298060895
Epoch 310 started
Epoch 310, Loss: 0.013982083002229532
Epoch 311 started
Epoch 311, Loss: 0.013803788191080094
Epoch 312 started
Epoch 312, Loss: 0.013802698667844136
Epoch 313 started
Epoch 313, Loss: 0.01407840545475483
Epoch 314 started
Epoch 314, Loss: 0.013777149807910125
Epoch 315 started
Epoch 315, Loss: 0.013933984275658926
Epoch 316 started
Epoch 316, Loss: 0.013862610667943955
Epoch 317 started
Epoch 317, Loss: 0.013956222323576609
Epoch 318 started
Epoch 318, Loss: 0.013857041775683561
Epoch 319 started
Epoch 319, Loss: 0.013740845543146134
Epoch 320 started
Epoch 320, Loss: 0.013860143160323302
Epoch 321 started
Epoch 321, Loss: 0.013943547405302525
Epoch 322 started
Epoch 322, Loss: 0.013829612871011098
Epoch 323 started
Epoch 323, Loss: 0.013744314852356911
Epoch 324 started
Epoch 324, Loss: 0.013877838386098544
Epoch 325 started
Epoch 325, Loss: 0.013862774316966534
Epoch 326 started
Epoch 326, Loss: 0.013772336275875569
Epoch 327 started
Epoch 327, Loss: 0.01380709239890178
Epoch 328 started
Epoch 328, Loss: 0.01385605741639932
Epoch 329 started
Epoch 329, Loss: 0.013671542347470918
Epoch 330 started
Epoch 330, Loss: 0.013780671393871307
Epoch 331 started
Epoch 331, Loss: 0.013975403723617394
Epoch 332 started
Epoch 332, Loss: 0.013956020024915536
Epoch 333 started
Epoch 333, Loss: 0.01353034387230873
Epoch 334 started
Epoch 334, Loss: 0.013847913846870263
Epoch 335 started
Epoch 335, Loss: 0.013912640943129858
Epoch 336 started
Epoch 336, Loss: 0.013612082729736965
Epoch 337 started
Epoch 337, Loss: 0.013798148167630036
Epoch 338 started
Epoch 338, Loss: 0.013766039105753103
Epoch 339 started
Epoch 339, Loss: 0.013531474296251933
Epoch 340 started
Epoch 340, Loss: 0.013952322428425153
Epoch 341 started
Epoch 341, Loss: 0.013813511548439662
Epoch 342 started
Epoch 342, Loss: 0.013794536238412062
Epoch 343 started
Epoch 343, Loss: 0.013702003434300423
Epoch 344 started
Epoch 344, Loss: 0.013839392445981502
Epoch 345 started
Epoch 345, Loss: 0.013671321472525597
Epoch 346 started
Epoch 346, Loss: 0.013756326053539911
Epoch 347 started
Epoch 347, Loss: 0.013788373707731566
Epoch 348 started
Epoch 348, Loss: 0.013941549222171307
Epoch 349 started
Epoch 349, Loss: 0.013759917495648066
Epoch 350 started
Epoch 350, Loss: 0.01373950648556153
Epoch 351 started
Epoch 351, Loss: 0.013710597094893456
Epoch 352 started
Epoch 352, Loss: 0.013929303422073522
Epoch 353 started
Epoch 353, Loss: 0.01391389397929112
Epoch 354 started
Epoch 354, Loss: 0.013928784236808617
Epoch 355 started
Epoch 355, Loss: 0.013846949261426926
Epoch 356 started
Epoch 356, Loss: 0.013809160143633684
Epoch 357 started
Epoch 357, Loss: 0.013660606942077477
Epoch 358 started
Epoch 358, Loss: 0.01372702735265096
Epoch 359 started
Epoch 359, Loss: 0.014031660585105419
Epoch 360 started
Epoch 360, Loss: 0.013766123820344606
Epoch 361 started
Epoch 361, Loss: 0.013862488933900992
Epoch 362 started
Epoch 362, Loss: 0.013728794029355049
Epoch 363 started
Epoch 363, Loss: 0.013670180889964103
Epoch 364 started
Epoch 364, Loss: 0.013587988099952538
Epoch 365 started
Epoch 365, Loss: 0.01380252312074105
Epoch 366 started
Epoch 366, Loss: 0.013756674582759539
Epoch 367 started
Epoch 367, Loss: 0.013824456758300463
Epoch 368 started
Epoch 368, Loss: 0.013532971267402173
Epoch 369 started
Epoch 369, Loss: 0.013791449214021366
Epoch 370 started
Epoch 370, Loss: 0.013767107465863227
Epoch 371 started
Epoch 371, Loss: 0.013724349476397037
Epoch 372 started
Epoch 372, Loss: 0.013495738423367341
Epoch 373 started
Epoch 373, Loss: 0.013794485841194788
Epoch 374 started
Epoch 374, Loss: 0.013719546506802242
Epoch 375 started
Epoch 375, Loss: 0.013695504487554232
Epoch 376 started
Epoch 376, Loss: 0.013760926201442878
Epoch 377 started
Epoch 377, Loss: 0.013628003830214341
Epoch 378 started
Epoch 378, Loss: 0.01367646923561891
Epoch 379 started
Epoch 379, Loss: 0.013771603806813557
Epoch 380 started
Epoch 380, Loss: 0.01374786704927683
Epoch 381 started
Epoch 381, Loss: 0.013727217263976733
Epoch 382 started
Epoch 382, Loss: 0.013681138584017753
Epoch 383 started
Epoch 383, Loss: 0.013738358275592328
Epoch 384 started
Epoch 384, Loss: 0.013703692172467708
Epoch 385 started
Epoch 385, Loss: 0.013695694939792157
Epoch 386 started
Epoch 386, Loss: 0.013577604667345682
Epoch 387 started
Epoch 387, Loss: 0.013803270055353641
Epoch 388 started
Epoch 388, Loss: 0.013722543639441332
Epoch 389 started
Epoch 389, Loss: 0.013802912370363872
Epoch 390 started
Epoch 390, Loss: 0.013535631726185481
Epoch 391 started
Epoch 391, Loss: 0.013883905910452207
Epoch 392 started
Epoch 392, Loss: 0.013678890049954255
Epoch 393 started
Epoch 393, Loss: 0.013677979466815789
Epoch 394 started
Epoch 394, Loss: 0.013767555865645409
Epoch 395 started
Epoch 395, Loss: 0.013754831521213054
Epoch 396 started
Epoch 396, Loss: 0.013713601052264372
Epoch 397 started
Epoch 397, Loss: 0.013835668165485064
Epoch 398 started
Epoch 398, Loss: 0.013774608859419822
Epoch 399 started
Epoch 399, Loss: 0.01374833751618862
Epoch 400 started
Epoch 400, Loss: 0.013758685764670372
Epoch 401 started
Epoch 401, Loss: 0.013790742049614588
Epoch 402 started
Epoch 402, Loss: 0.013642239788174628
Epoch 403 started
Epoch 403, Loss: 0.013735788726806641
Epoch 404 started
Epoch 404, Loss: 0.013628754032154878
Epoch 405 started
Epoch 405, Loss: 0.013732251612345378
Epoch 406 started
Epoch 406, Loss: 0.013748495144645373
Epoch 407 started
Epoch 407, Loss: 0.013940746273597081
Epoch 408 started
Epoch 408, Loss: 0.013505417457719644
Epoch 409 started
Epoch 409, Loss: 0.013574259625871976
Epoch 410 started
Epoch 410, Loss: 0.013716615037620068
Epoch 411 started
Epoch 411, Loss: 0.013562494252125423
Epoch 412 started
Epoch 412, Loss: 0.013694661927223205
Epoch 413 started
Epoch 413, Loss: 0.01368480818271637
Epoch 414 started
Epoch 414, Loss: 0.013796763250231743
Epoch 415 started
Epoch 415, Loss: 0.013678046744068464
Epoch 416 started
Epoch 416, Loss: 0.013585200050473213
Epoch 417 started
Epoch 417, Loss: 0.01368521311879158
Epoch 418 started
Epoch 418, Loss: 0.0136828557908535
Epoch 419 started
Epoch 419, Loss: 0.013664335507154464
Epoch 420 started
Epoch 420, Loss: 0.013755135228236516
Epoch 421 started
Epoch 421, Loss: 0.01367302529066801
Epoch 422 started
Epoch 422, Loss: 0.013654842212796212
Epoch 423 started
Epoch 423, Loss: 0.013620552901426951
Epoch 424 started
Epoch 424, Loss: 0.013657033022741476
Epoch 425 started
Epoch 425, Loss: 0.013620335363348324
Epoch 426 started
Epoch 426, Loss: 0.0136667534917593
Epoch 427 started
Epoch 427, Loss: 0.013684045110146205
Epoch 428 started
Epoch 428, Loss: 0.013649875703454018
Epoch 429 started
Epoch 429, Loss: 0.013673988581697147
Epoch 430 started
Epoch 430, Loss: 0.013771549705664316
Epoch 431 started
Epoch 431, Loss: 0.013643310297528903
Epoch 432 started
Epoch 432, Loss: 0.013772429293890795
Epoch 433 started
Epoch 433, Loss: 0.01353243983288606
Epoch 434 started
Epoch 434, Loss: 0.01362984370738268
Epoch 435 started
Epoch 435, Loss: 0.013641563447813193
Epoch 436 started
Epoch 436, Loss: 0.013687027289966743
Epoch 437 started
Epoch 437, Loss: 0.013726063213745752
Epoch 438 started
Epoch 438, Loss: 0.013702254741390547
Epoch 439 started
Epoch 439, Loss: 0.01359706661204497
Epoch 440 started
Epoch 440, Loss: 0.013787978117664655
Epoch 441 started
Epoch 441, Loss: 0.013635751864810785
Epoch 442 started
Epoch 442, Loss: 0.013596333582202594
Epoch 443 started
Epoch 443, Loss: 0.013519922576844692
Epoch 444 started
Epoch 444, Loss: 0.013739576222499212
Epoch 445 started
Epoch 445, Loss: 0.013965339610477289
Epoch 446 started
Epoch 446, Loss: 0.013677452540397645
Epoch 447 started
Epoch 447, Loss: 0.013780978031953175
Epoch 448 started
Epoch 448, Loss: 0.01369142245054245
Epoch 449 started
Epoch 449, Loss: 0.013609711577494939
Epoch 450 started
Epoch 450, Loss: 0.01346697057733933
Epoch 451 started
Epoch 451, Loss: 0.013745725610852242
Epoch 452 started
Epoch 452, Loss: 0.01357550771633784
Epoch 453 started
Epoch 453, Loss: 0.01354693658153216
Epoch 454 started
Epoch 454, Loss: 0.013759006213148435
Epoch 455 started
Epoch 455, Loss: 0.013674965825180213
Epoch 456 started
Epoch 456, Loss: 0.013606976655125618
Epoch 457 started
Epoch 457, Loss: 0.013775480498870214
Epoch 458 started
Epoch 458, Loss: 0.01345525570511818
Epoch 459 started
Epoch 459, Loss: 0.013591153680781523
Epoch 460 started
Epoch 460, Loss: 0.013616338456670443
Epoch 461 started
Epoch 461, Loss: 0.013555860265096028
Epoch 462 started
Epoch 462, Loss: 0.013753405787050725
Epoch 463 started
Epoch 463, Loss: 0.013631873603165149
Epoch 464 started
Epoch 464, Loss: 0.013467379528284073
Epoch 465 started
Epoch 465, Loss: 0.013550016985833645
Epoch 466 started
Epoch 466, Loss: 0.013511612184842427
Epoch 467 started
Epoch 467, Loss: 0.013590904644628365
Epoch 468 started
Epoch 468, Loss: 0.013631662564476331
Epoch 469 started
Epoch 469, Loss: 0.013593447840213775
Epoch 470 started
Epoch 470, Loss: 0.013566464527448018
Epoch 471 started
Epoch 471, Loss: 0.013619512826701005
Epoch 472 started
Epoch 472, Loss: 0.013349642884234587
Epoch 473 started
Epoch 473, Loss: 0.013691357795894145
Epoch 474 started
Epoch 474, Loss: 0.013550474268198014
Epoch 475 started
Epoch 475, Loss: 0.013624834356705348
Epoch 476 started
Epoch 476, Loss: 0.013651243534187476
Epoch 477 started
Epoch 477, Loss: 0.013566636595129966
Epoch 478 started
Epoch 478, Loss: 0.013533456719915071
Epoch 479 started
Epoch 479, Loss: 0.013580023683607579
Epoch 480 started
Epoch 480, Loss: 0.013499110995729764
Epoch 481 started
Epoch 481, Loss: 0.013471944355467955
Epoch 482 started
Epoch 482, Loss: 0.01359946074038744
Epoch 483 started
Epoch 483, Loss: 0.013599108399450778
Epoch 484 started
Epoch 484, Loss: 0.013806460820138455
Epoch 485 started
Epoch 485, Loss: 0.013650738388299942
Epoch 486 started
Epoch 486, Loss: 0.013419917388260365
Epoch 487 started
Epoch 487, Loss: 0.013550105599562327
Epoch 488 started
Epoch 488, Loss: 0.013703077378869057
Epoch 489 started
Epoch 489, Loss: 0.013794821471969287
Epoch 490 started
Epoch 490, Loss: 0.013610694223145644
Epoch 491 started
Epoch 491, Loss: 0.013509359597663084
Epoch 492 started
Epoch 492, Loss: 0.013600544001658757
Epoch 493 started
Epoch 493, Loss: 0.01365763461937507
Epoch 494 started
Epoch 494, Loss: 0.013629895595709483
Epoch 495 started
Epoch 495, Loss: 0.013461840203404426
Epoch 496 started
Epoch 496, Loss: 0.013512773044904072
Epoch 497 started
Epoch 497, Loss: 0.01352828472952048
Epoch 498 started
Epoch 498, Loss: 0.013470044903457165
Epoch 499 started
Epoch 499, Loss: 0.013638968644539515
Model saved to savedModels/MNISTNetwork_500epochs2.pt
Training complete.
[1;34mwandb[0m: 🚀 View run [33mMnist 500 epochs[0m at: [34mhttps://wandb.ai/juliuseg-danmarks-tekniske-universitet-dtu/MNIST_diffusion/runs/xwubh986[0m
[1;34mwandb[0m: Find logs at: [1;35mwandb/run-20241121_025400-xwubh986/logs[0m

------------------------------------------------------------
Sender: LSF System <lsfadmin@hpc.dtu.dk>
Subject: Job 23226837: <mnist_training> in cluster <dcc> Done

Job <mnist_training> was submitted from host <n-62-12-19> by user <s204427> in cluster <dcc> at Wed Nov 20 17:02:49 2024
Job was executed on host(s) <4*n-62-12-21>, in queue <gpua100>, as user <s204427> in cluster <dcc> at Thu Nov 21 02:53:05 2024
</zhome/1a/a/156609> was used as the home directory.
</zhome/1a/a/156609/project/path> was used as the working directory.
Started at Thu Nov 21 02:53:05 2024
Terminated at Thu Nov 21 06:33:09 2024
Results reported at Thu Nov 21 06:33:09 2024

Your job looked like:

------------------------------------------------------------
# LSBATCH: User input
# mnist_job.sh
#!/bin/bash
#BSUB -J mnist_training           # Job name
#BSUB -q gpua100                   # Queue name for Tesla A10 GPUs
#BSUB -gpu "num=1"                # Request 1 GPU in exclusive mode
#BSUB -n 4                        # Request 4 CPU cores (required)
#BSUB -R "span[hosts=1]"          # Ensure resources are on a single node
#BSUB -W 10:00                    # Walltime (1 hour)
#BSUB -R "rusage[mem=4096]"       # Request 4GB of system memory
#BSUB -o ./logs/outputLogs/output_%J.log            # Output file
#BSUB -e ./logs/errorLogs/error_%J.log             # Error file

# Load necessary modules
module load python3/3.10.12
module load cuda/12.1

# Set W&B API key (replace with your actual key)
export WANDB_API_KEY="6ecda4c80f57815b4ff4780014d596e19617454c"

# Activate virtual environment
source /zhome/1a/a/156609/project/path/.venv/bin/activate

# Run the PyTorch training script
python3 main.py

------------------------------------------------------------

Successfully completed.

Resource usage summary:

    CPU time :                                   13158.00 sec.
    Max Memory :                                 1127 MB
    Average Memory :                             970.97 MB
    Total Requested Memory :                     16384.00 MB
    Delta Memory :                               15257.00 MB
    Max Swap :                                   -
    Max Processes :                              6
    Max Threads :                                26
    Run time :                                   13204 sec.
    Turnaround time :                            48620 sec.

The output (if any) is above this job summary.



PS:

Read file <./logs/errorLogs/error_23226837.log> for stderr output of this job.

