starting run: CIFAR10_938822
Files already downloaded and verified
Loading training set
Epoch 0 started
generating samples
Epoch 0, Loss: 0.11313824188245668
Epoch 1 started
generating samples
Epoch 1, Loss: 0.056324384089973235
Epoch 2 started
generating samples
Epoch 2, Loss: 0.04861423306862513
Epoch 3 started
generating samples
Epoch 3, Loss: 0.04565679150886006
Epoch 4 started
generating samples
Epoch 4, Loss: 0.04294777772161696
Epoch 5 started
generating samples
Epoch 5, Loss: 0.041632937503523294
Epoch 6 started
Epoch 6, Loss: 0.040205366189612284
Epoch 7 started
Epoch 7, Loss: 0.03997697766886817
Epoch 8 started
Epoch 8, Loss: 0.03878240909510189
Epoch 9 started
Epoch 9, Loss: 0.0389054487294621
Epoch 10 started
generating samples
Epoch 10, Loss: 0.03748444950580597
Epoch 11 started
Epoch 11, Loss: 0.0365132228480445
Epoch 12 started
Epoch 12, Loss: 0.03677632694244385
Epoch 13 started
Epoch 13, Loss: 0.03596266657180256
Epoch 14 started
Epoch 14, Loss: 0.0358587810781267
Epoch 15 started
generating samples
Epoch 15, Loss: 0.03554583842655023
Epoch 16 started
Epoch 16, Loss: 0.03532679639922248
Epoch 17 started
Epoch 17, Loss: 0.035055598994427256
Epoch 18 started
Epoch 18, Loss: 0.03418880216876666
Epoch 19 started
Epoch 19, Loss: 0.03556531399223539
Epoch 20 started
generating samples
Epoch 20, Loss: 0.03503075431916449
Epoch 21 started
Epoch 21, Loss: 0.03519550680286355
Epoch 22 started
Epoch 22, Loss: 0.03435437975327174
Epoch 23 started
Epoch 23, Loss: 0.03474945841464731
Epoch 24 started
Epoch 24, Loss: 0.034583822763297294
Epoch 25 started
generating samples
Epoch 25, Loss: 0.03388082090814908
Epoch 26 started
Epoch 26, Loss: 0.033910714754131106
Epoch 27 started
Epoch 27, Loss: 0.034001002824637624
Epoch 28 started
Epoch 28, Loss: 0.03403600279291471
Epoch 29 started
Epoch 29, Loss: 0.03324938481549422
Epoch 30 started
generating samples
Epoch 30, Loss: 0.033832768403821524
Epoch 31 started
Epoch 31, Loss: 0.03374157221449746
Epoch 32 started
Epoch 32, Loss: 0.03377370736234718
Epoch 33 started
Epoch 33, Loss: 0.03374216436346372
Epoch 34 started
Epoch 34, Loss: 0.033581101533770565
Epoch 35 started
generating samples
Epoch 35, Loss: 0.03337723317742348
Epoch 36 started
Epoch 36, Loss: 0.03274439883894391
Epoch 37 started
Epoch 37, Loss: 0.033159431251221234
Epoch 38 started
Epoch 38, Loss: 0.03350023507277171
Epoch 39 started
Epoch 39, Loss: 0.03332241840693686
Epoch 40 started
generating samples
Epoch 40, Loss: 0.032381635234091016
Epoch 41 started
Epoch 41, Loss: 0.03304922914240095
Epoch 42 started
Epoch 42, Loss: 0.03309888007508384
Epoch 43 started
Epoch 43, Loss: 0.03251755333542824
Epoch 44 started
Epoch 44, Loss: 0.032496288992961246
Epoch 45 started
generating samples
Epoch 45, Loss: 0.03284227298299471
Epoch 46 started
Epoch 46, Loss: 0.03359530888199806
Epoch 47 started
Epoch 47, Loss: 0.03292816078828441
Epoch 48 started
Epoch 48, Loss: 0.03259043568637636
Epoch 49 started
Epoch 49, Loss: 0.03243292503522502
Epoch 50 started
generating samples
Epoch 50, Loss: 0.03301960225701332
Epoch 51 started
Epoch 51, Loss: 0.032291827148861356
Epoch 52 started
Epoch 52, Loss: 0.03219974397023519
Epoch 53 started
Epoch 53, Loss: 0.032494367903470996
Epoch 54 started
Epoch 54, Loss: 0.03292587801052464
Epoch 55 started
generating samples
Epoch 55, Loss: 0.03248390249609947
Epoch 56 started
Epoch 56, Loss: 0.03268702035049598
Epoch 57 started
Epoch 57, Loss: 0.0325002799100346
Epoch 58 started
Epoch 58, Loss: 0.032618976645999484
Epoch 59 started
Epoch 59, Loss: 0.03204206583234999
Epoch 60 started
generating samples
Epoch 60, Loss: 0.03246463096605407
Epoch 61 started
Epoch 61, Loss: 0.031845661450094646
Epoch 62 started
Epoch 62, Loss: 0.032749375074770715
Epoch 63 started
Epoch 63, Loss: 0.032874465725156995
Epoch 64 started
Epoch 64, Loss: 0.03279172320100996
Epoch 65 started
generating samples
Epoch 65, Loss: 0.0320754477792316
Epoch 66 started
Epoch 66, Loss: 0.03207075715363026
Epoch 67 started
Epoch 67, Loss: 0.03234707959294319
Epoch 68 started
Epoch 68, Loss: 0.032465222230884765
Epoch 69 started
Epoch 69, Loss: 0.031930434821380506
Epoch 70 started
generating samples
Epoch 70, Loss: 0.03242503251764509
Epoch 71 started
Epoch 71, Loss: 0.032189093349377314
Epoch 72 started
Epoch 72, Loss: 0.032366455859939254
Epoch 73 started
Epoch 73, Loss: 0.03195193478597535
Epoch 74 started
Epoch 74, Loss: 0.03182546769513024
Epoch 75 started
generating samples
Epoch 75, Loss: 0.03137083339360025
Epoch 76 started
Epoch 76, Loss: 0.03185077688097954
Epoch 77 started
Epoch 77, Loss: 0.03198331958386633
Epoch 78 started
Epoch 78, Loss: 0.03214519261055523
Epoch 79 started
Epoch 79, Loss: 0.031478174105617734
Epoch 80 started
generating samples
Epoch 80, Loss: 0.031639283807410136
Epoch 81 started
Epoch 81, Loss: 0.03227142566707399
Epoch 82 started
Epoch 82, Loss: 0.031916300348440806
Epoch 83 started
Epoch 83, Loss: 0.0321265831609567
Epoch 84 started
Epoch 84, Loss: 0.032466008845965066
Epoch 85 started
generating samples
Epoch 85, Loss: 0.03211682676143116
Epoch 86 started
Epoch 86, Loss: 0.03166074840227763
Epoch 87 started
Epoch 87, Loss: 0.03167798712121116
Epoch 88 started
Epoch 88, Loss: 0.031961640706327225
Epoch 89 started
Epoch 89, Loss: 0.03178519065181414
Epoch 90 started
generating samples
Epoch 90, Loss: 0.031970610844426685
Epoch 91 started
Epoch 91, Loss: 0.03209712147514025
Epoch 92 started
Epoch 92, Loss: 0.031864143017265534
Epoch 93 started
Epoch 93, Loss: 0.031730214817656414
Epoch 94 started
Epoch 94, Loss: 0.0317197474602196
Epoch 95 started
generating samples
Epoch 95, Loss: 0.03168572451008691
Epoch 96 started
Epoch 96, Loss: 0.03128011832568381
Epoch 97 started
Epoch 97, Loss: 0.03177306587232484
Epoch 98 started
Epoch 98, Loss: 0.03183189164896806
Epoch 99 started
Epoch 99, Loss: 0.03201489448911614
Epoch 100 started
generating samples
Epoch 100, Loss: 0.031096338415145874
Epoch 101 started
Epoch 101, Loss: 0.03187212092280388
Epoch 102 started
Epoch 102, Loss: 0.03195831875370608
Epoch 103 started
Epoch 103, Loss: 0.03136252992881669
Epoch 104 started
Epoch 104, Loss: 0.031372113683488634
Epoch 105 started
generating samples
Epoch 105, Loss: 0.03182550804316998
Epoch 106 started
Epoch 106, Loss: 0.03138756865925259
Epoch 107 started
Epoch 107, Loss: 0.03169994162089295
Epoch 108 started
Epoch 108, Loss: 0.031240380779571003
Epoch 109 started
Epoch 109, Loss: 0.031337993368837566
Epoch 110 started
generating samples
Epoch 110, Loss: 0.031313726346360315
Epoch 111 started
Epoch 111, Loss: 0.03158038352264298
Epoch 112 started
Epoch 112, Loss: 0.03137043948173523
Epoch 113 started
Epoch 113, Loss: 0.031480923525161214
Epoch 114 started
Epoch 114, Loss: 0.031888896498415205
Epoch 115 started
generating samples
Epoch 115, Loss: 0.03098689672383997
Epoch 116 started
Epoch 116, Loss: 0.03188499824470944
Epoch 117 started
Epoch 117, Loss: 0.03176845336821344
Epoch 118 started
Epoch 118, Loss: 0.031715509060687486
Epoch 119 started
Epoch 119, Loss: 0.03113700285785728
Epoch 120 started
generating samples
Epoch 120, Loss: 0.031310998225874374
Epoch 121 started
Epoch 121, Loss: 0.031587140651875074
Epoch 122 started
Epoch 122, Loss: 0.031315511220693586
Epoch 123 started
Epoch 123, Loss: 0.03116323237137662
Epoch 124 started
Epoch 124, Loss: 0.030952597357167138
Epoch 125 started
generating samples
Epoch 125, Loss: 0.0314668596525987
Epoch 126 started
Epoch 126, Loss: 0.03133284938832124
Epoch 127 started
Epoch 127, Loss: 0.03130641972621282
Epoch 128 started
Epoch 128, Loss: 0.03148146678043736
Epoch 129 started
Epoch 129, Loss: 0.03114744647079044
Epoch 130 started
generating samples
Epoch 130, Loss: 0.03130276058183776
Epoch 131 started
Epoch 131, Loss: 0.031983480054802366
Epoch 132 started
Epoch 132, Loss: 0.03110571252703667
Epoch 133 started
Epoch 133, Loss: 0.031021497633722094
Epoch 134 started
Epoch 134, Loss: 0.031819889282517964
Epoch 135 started
generating samples
Epoch 135, Loss: 0.03169098340670268
Epoch 136 started
Epoch 136, Loss: 0.030779981296261152
Epoch 137 started
Epoch 137, Loss: 0.03166613570186827
Epoch 138 started
Epoch 138, Loss: 0.03112127959198422
Epoch 139 started
Epoch 139, Loss: 0.031404407483670446
Epoch 140 started
generating samples
Epoch 140, Loss: 0.030976587992244297
Epoch 141 started
Epoch 141, Loss: 0.031135912521680197
Epoch 142 started
Epoch 142, Loss: 0.03137249359488487
Epoch 143 started
Epoch 143, Loss: 0.03142276486621963
Epoch 144 started
Epoch 144, Loss: 0.03172588884366883
Epoch 145 started
generating samples
Epoch 145, Loss: 0.03063965507712629
Epoch 146 started
Epoch 146, Loss: 0.03172922613157166
Epoch 147 started
Epoch 147, Loss: 0.03160123518440459
Epoch 148 started
Epoch 148, Loss: 0.03145651980704731
Epoch 149 started
Epoch 149, Loss: 0.031115805846121575
Epoch 150 started
generating samples
Epoch 150, Loss: 0.03155159280167685
Epoch 151 started
Epoch 151, Loss: 0.03131335019138124
Epoch 152 started
Epoch 152, Loss: 0.031243476791183153
Epoch 153 started
Epoch 153, Loss: 0.031853941045204795
Epoch 154 started
Epoch 154, Loss: 0.031546754968828625
Epoch 155 started
generating samples
Epoch 155, Loss: 0.030693678724103505
Epoch 156 started
Epoch 156, Loss: 0.030875129865275488
Epoch 157 started
Epoch 157, Loss: 0.031025299259026844
Epoch 158 started
Epoch 158, Loss: 0.031306822067830295
Epoch 159 started
Epoch 159, Loss: 0.030802758101622262
Epoch 160 started
generating samples
Epoch 160, Loss: 0.031285223451587886
Epoch 161 started
Epoch 161, Loss: 0.031042600792977545
Epoch 162 started
Epoch 162, Loss: 0.030783906903531815
Epoch 163 started
Epoch 163, Loss: 0.031078380542993545
Epoch 164 started
Epoch 164, Loss: 0.03127182116376029
Epoch 165 started
generating samples
Epoch 165, Loss: 0.031036290268765556
Epoch 166 started
Epoch 166, Loss: 0.031095555205146473
Epoch 167 started
Epoch 167, Loss: 0.03097156303524971
Epoch 168 started
Epoch 168, Loss: 0.031036901862422625
Epoch 169 started
Epoch 169, Loss: 0.03076853272749318
Epoch 170 started
generating samples
Epoch 170, Loss: 0.031042998607953388
Epoch 171 started
Epoch 171, Loss: 0.03148419794241587
Epoch 172 started
Epoch 172, Loss: 0.030767450694243113
Epoch 173 started
Epoch 173, Loss: 0.031067843435208003
Epoch 174 started
Epoch 174, Loss: 0.030767699820134376
Epoch 175 started
generating samples
Epoch 175, Loss: 0.030943680636750327
Epoch 176 started
Epoch 176, Loss: 0.03096441981693109
Epoch 177 started
Epoch 177, Loss: 0.030798074208365545
Epoch 178 started
Epoch 178, Loss: 0.03093736733529303
Epoch 179 started
Epoch 179, Loss: 0.0311912856525845
Epoch 180 started
generating samples
Epoch 180, Loss: 0.03140733527210024
Epoch 181 started
Epoch 181, Loss: 0.030726748576098018
Epoch 182 started
Epoch 182, Loss: 0.03043788848883576
Epoch 183 started
Epoch 183, Loss: 0.030730670210056835
Epoch 184 started
Epoch 184, Loss: 0.03106574488017294
Epoch 185 started
generating samples
Epoch 185, Loss: 0.030935086163547305
Epoch 186 started
Epoch 186, Loss: 0.03099896797802713
Epoch 187 started
Epoch 187, Loss: 0.031081760199202432
Epoch 188 started
Epoch 188, Loss: 0.030917814262376893
Epoch 189 started
Epoch 189, Loss: 0.031174809514813953
Epoch 190 started
generating samples
Epoch 190, Loss: 0.030843209852112665
Epoch 191 started
Epoch 191, Loss: 0.03128558190729883
Epoch 192 started
Epoch 192, Loss: 0.031152520910898845
Epoch 193 started
Epoch 193, Loss: 0.030962836264239416
Epoch 194 started
Epoch 194, Loss: 0.031721855141719185
Epoch 195 started
generating samples
Epoch 195, Loss: 0.031055692307154336
Epoch 196 started
Epoch 196, Loss: 0.031236720900734264
Epoch 197 started
Epoch 197, Loss: 0.030824596896767618
Epoch 198 started
Epoch 198, Loss: 0.030834927399953208
Epoch 199 started
Epoch 199, Loss: 0.03101391018960211
Epoch 200 started
generating samples
Epoch 200, Loss: 0.030748504259851244
Epoch 201 started
Epoch 201, Loss: 0.030082739768094488
Epoch 202 started
Epoch 202, Loss: 0.03120530714061525
Epoch 203 started
Epoch 203, Loss: 0.031294665342569354
Epoch 204 started
Epoch 204, Loss: 0.03135234909388754
Epoch 205 started
generating samples
Epoch 205, Loss: 0.030981026438209745
Epoch 206 started
Epoch 206, Loss: 0.03104855643577046
Epoch 207 started
Epoch 207, Loss: 0.03106373453206486
Epoch 208 started
Epoch 208, Loss: 0.03125457010467847
Epoch 209 started
Epoch 209, Loss: 0.031112526871098414
Epoch 210 started
generating samples
Epoch 210, Loss: 0.031152354007297094
Epoch 211 started
Epoch 211, Loss: 0.031134466473261516
Epoch 212 started
Epoch 212, Loss: 0.031048723692364163
Epoch 213 started
Epoch 213, Loss: 0.03065819372402297
Epoch 214 started
Epoch 214, Loss: 0.030732660900553068
Epoch 215 started
generating samples
Epoch 215, Loss: 0.030661993562512927
Epoch 216 started
Epoch 216, Loss: 0.03049741672343678
Epoch 217 started
Epoch 217, Loss: 0.031515752008888454
Epoch 218 started
Epoch 218, Loss: 0.030923418764273326
Epoch 219 started
Epoch 219, Loss: 0.03143355066577593
Epoch 220 started
generating samples
Epoch 220, Loss: 0.030638024561272726
Epoch 221 started
Epoch 221, Loss: 0.03099711443119579
Epoch 222 started
Epoch 222, Loss: 0.03159663693242603
Epoch 223 started
Epoch 223, Loss: 0.030820469681421915
Epoch 224 started
Epoch 224, Loss: 0.03091288207338916
Epoch 225 started
generating samples
Epoch 225, Loss: 0.030878964083062278
Epoch 226 started
Epoch 226, Loss: 0.03056872028708458
Epoch 227 started
Epoch 227, Loss: 0.030458952367636894
Epoch 228 started
Epoch 228, Loss: 0.030720046569572553
Epoch 229 started
Epoch 229, Loss: 0.031121673897239896
Epoch 230 started
generating samples
Epoch 230, Loss: 0.031234804250796635
Epoch 231 started
Epoch 231, Loss: 0.030955834881795777
Epoch 232 started
Epoch 232, Loss: 0.03063350395957629
Epoch 233 started
Epoch 233, Loss: 0.03084238497349951
Epoch 234 started
Epoch 234, Loss: 0.030727678379747603
Epoch 235 started
generating samples
Epoch 235, Loss: 0.030840817091200085
Epoch 236 started
Epoch 236, Loss: 0.03047205946379238
Epoch 237 started
Epoch 237, Loss: 0.030645010789235434
Epoch 238 started
Epoch 238, Loss: 0.030902393139733208
Epoch 239 started
Epoch 239, Loss: 0.03073263701664077
Epoch 240 started
generating samples
Epoch 240, Loss: 0.031112211808893415
Epoch 241 started
Epoch 241, Loss: 0.030865654984447693
Epoch 242 started
Epoch 242, Loss: 0.03059317315949334
Epoch 243 started
Epoch 243, Loss: 0.030772182046704823
Epoch 244 started
Epoch 244, Loss: 0.031067142589886982
Epoch 245 started
generating samples
Epoch 245, Loss: 0.030572897532251148
Epoch 246 started
Epoch 246, Loss: 0.03078905246489578
Epoch 247 started
Epoch 247, Loss: 0.030631458182467354
Epoch 248 started
Epoch 248, Loss: 0.030762150752544404
Epoch 249 started
Epoch 249, Loss: 0.03092412199311786
Epoch 250 started
generating samples
Epoch 250, Loss: 0.030867680211199653
Epoch 251 started
Epoch 251, Loss: 0.03028957227302922
Epoch 252 started
Epoch 252, Loss: 0.030509799080755975
Epoch 253 started
Epoch 253, Loss: 0.030931993809342383
Epoch 254 started
Epoch 254, Loss: 0.03069228986170557
Epoch 255 started
generating samples
Epoch 255, Loss: 0.030625895342561934
Epoch 256 started
Epoch 256, Loss: 0.030753953903251224
Epoch 257 started
Epoch 257, Loss: 0.030482661634021337
Epoch 258 started
Epoch 258, Loss: 0.030686564162042407
Epoch 259 started
Epoch 259, Loss: 0.03092774756219652
Epoch 260 started
generating samples
Epoch 260, Loss: 0.03042284969985485
Epoch 261 started
Epoch 261, Loss: 0.03092995834218131
Epoch 262 started
Epoch 262, Loss: 0.0313740771498945
Epoch 263 started
Epoch 263, Loss: 0.029959672674867842
Epoch 264 started
Epoch 264, Loss: 0.030749299573898315
Epoch 265 started
generating samples
Epoch 265, Loss: 0.03111362910138236
Epoch 266 started
Epoch 266, Loss: 0.030959664095772638
Epoch 267 started
Epoch 267, Loss: 0.030503115589751138
Epoch 268 started
Epoch 268, Loss: 0.030508219807015523
Epoch 269 started
Epoch 269, Loss: 0.03114248914420605
Epoch 270 started
generating samples
Epoch 270, Loss: 0.030724904852774407
Epoch 271 started
Epoch 271, Loss: 0.030171806845731206
Epoch 272 started
Epoch 272, Loss: 0.030573151518238917
Epoch 273 started
Epoch 273, Loss: 0.030548888360791737
Epoch 274 started
Epoch 274, Loss: 0.030389752787020472
Epoch 275 started
generating samples
Epoch 275, Loss: 0.0315248377846347
Epoch 276 started
Epoch 276, Loss: 0.031010211032629013
Epoch 277 started
Epoch 277, Loss: 0.030402213427755568
Epoch 278 started
Epoch 278, Loss: 0.030849782017204497
Epoch 279 started
Epoch 279, Loss: 0.030495817369884916
Epoch 280 started
generating samples
Epoch 280, Loss: 0.030287476315100988
Epoch 281 started
Epoch 281, Loss: 0.030913368798626793
Epoch 282 started
Epoch 282, Loss: 0.030449692808919484
Epoch 283 started
Epoch 283, Loss: 0.030666123056411743
Epoch 284 started
Epoch 284, Loss: 0.030557127866811223
Epoch 285 started
generating samples
Epoch 285, Loss: 0.03131539162629181
Epoch 286 started
Epoch 286, Loss: 0.03071251665883594
Epoch 287 started
Epoch 287, Loss: 0.031020862546894287
Epoch 288 started
Epoch 288, Loss: 0.03071132592956225
Epoch 289 started
Epoch 289, Loss: 0.030969829358988336
Epoch 290 started
generating samples
Epoch 290, Loss: 0.03076913793020778
Epoch 291 started
Epoch 291, Loss: 0.030732887560791438
Epoch 292 started
Epoch 292, Loss: 0.030765111415253746
Epoch 293 started
Epoch 293, Loss: 0.030765265715122222
Epoch 294 started
Epoch 294, Loss: 0.030812886236111323
Epoch 295 started
generating samples
Epoch 295, Loss: 0.030916128125455643
Epoch 296 started
Epoch 296, Loss: 0.030862047466635702
Epoch 297 started
Epoch 297, Loss: 0.030664135152101517
Epoch 298 started
Epoch 298, Loss: 0.030886531320876546
Epoch 299 started
Epoch 299, Loss: 0.030734406371249093
Epoch 300 started
generating samples
Epoch 300, Loss: 0.030540859302547244
Epoch 301 started
Epoch 301, Loss: 0.03065287263393402
Epoch 302 started
Epoch 302, Loss: 0.03063162918306059
Epoch 303 started
Epoch 303, Loss: 0.030388621457417806
Epoch 304 started
Epoch 304, Loss: 0.030473300651046965
Epoch 305 started
generating samples
Epoch 305, Loss: 0.0304465785831213
Epoch 306 started
Epoch 306, Loss: 0.030473095122973123
Epoch 307 started
Epoch 307, Loss: 0.030640599632925456
Epoch 308 started
Epoch 308, Loss: 0.030564806298083728
Epoch 309 started
Epoch 309, Loss: 0.030623673376441
Epoch 310 started
generating samples
Epoch 310, Loss: 0.030652938938803144
Epoch 311 started
Epoch 311, Loss: 0.031039128128025267
Epoch 312 started
Epoch 312, Loss: 0.03102178944415516
Epoch 313 started
Epoch 313, Loss: 0.030612200137641696
Epoch 314 started
Epoch 314, Loss: 0.030652091887924407
Epoch 315 started
generating samples
Epoch 315, Loss: 0.030806434356835152
Epoch 316 started
Epoch 316, Loss: 0.03038527881503105
Epoch 317 started
Epoch 317, Loss: 0.03032116494907273
Epoch 318 started
Epoch 318, Loss: 0.030644825320773655
Epoch 319 started
Epoch 319, Loss: 0.03055639699962404
Epoch 320 started
generating samples
Epoch 320, Loss: 0.03085787094897694
Epoch 321 started
Epoch 321, Loss: 0.030665558560358155
Epoch 322 started
Epoch 322, Loss: 0.03010595770974954
Epoch 323 started
Epoch 323, Loss: 0.030646326341231662
Epoch 324 started
Epoch 324, Loss: 0.03030897172656324
Epoch 325 started
generating samples
Epoch 325, Loss: 0.03049450822406345
Epoch 326 started
Epoch 326, Loss: 0.03076528510318862
Epoch 327 started
Epoch 327, Loss: 0.030665975760089028
Epoch 328 started
Epoch 328, Loss: 0.03059434849421183
Epoch 329 started
Epoch 329, Loss: 0.03070154849820667
Epoch 330 started
generating samples
Epoch 330, Loss: 0.030635270793570413
Epoch 331 started
Epoch 331, Loss: 0.030323998201555676
Epoch 332 started
Epoch 332, Loss: 0.03052021889951494
Epoch 333 started
Epoch 333, Loss: 0.03015126661856969
Epoch 334 started
Epoch 334, Loss: 0.03082723545829455
Epoch 335 started
generating samples
Epoch 335, Loss: 0.030682673609256743
Epoch 336 started
Epoch 336, Loss: 0.03022062212957276
Epoch 337 started
Epoch 337, Loss: 0.03003641161090798
Epoch 338 started
Epoch 338, Loss: 0.03067376247578197
Epoch 339 started
Epoch 339, Loss: 0.030647881732384363
Epoch 340 started
generating samples
Epoch 340, Loss: 0.030424814038475353
Epoch 341 started
Epoch 341, Loss: 0.030274362100495233
Epoch 342 started
Epoch 342, Loss: 0.03050198893447717
Epoch 343 started
Epoch 343, Loss: 0.030349146101209853
Epoch 344 started
Epoch 344, Loss: 0.03005622095598115
Epoch 345 started
generating samples
Epoch 345, Loss: 0.03049510253402922
Epoch 346 started
Epoch 346, Loss: 0.030511134114530353
Epoch 347 started
Epoch 347, Loss: 0.0306926690393024
Epoch 348 started
Epoch 348, Loss: 0.030244208529922698
Epoch 349 started
Epoch 349, Loss: 0.030241645991139942
Epoch 350 started
generating samples
Epoch 350, Loss: 0.03039717075559828
Epoch 351 started
Epoch 351, Loss: 0.03085986899667316
Epoch 352 started
Epoch 352, Loss: 0.030132943881882562
Epoch 353 started
Epoch 353, Loss: 0.02990565760003196
Epoch 354 started
Epoch 354, Loss: 0.03021732390688525
Epoch 355 started
generating samples
Epoch 355, Loss: 0.030749208909273146
Epoch 356 started
Epoch 356, Loss: 0.030468763631913396
Epoch 357 started
Epoch 357, Loss: 0.030581237813168103
Epoch 358 started
Epoch 358, Loss: 0.03035237031645245
Epoch 359 started
Epoch 359, Loss: 0.030826324288712608
Epoch 360 started
generating samples
Epoch 360, Loss: 0.029606167856521075
Epoch 361 started
Epoch 361, Loss: 0.030510994365149074
Epoch 362 started
Epoch 362, Loss: 0.030625018676784303
Epoch 363 started
Epoch 363, Loss: 0.029926255652308463
Epoch 364 started
Epoch 364, Loss: 0.030977519790993797
Epoch 365 started
generating samples
Epoch 365, Loss: 0.030869861802127627
Epoch 366 started
Epoch 366, Loss: 0.031080946075254016
Epoch 367 started
Epoch 367, Loss: 0.030418459960156016
Epoch 368 started
Epoch 368, Loss: 0.03021128641963005
Epoch 369 started
Epoch 369, Loss: 0.03080705208612813
Epoch 370 started
generating samples
Epoch 370, Loss: 0.030282922065258025
Epoch 371 started
Epoch 371, Loss: 0.030120431592729358
Epoch 372 started
Epoch 372, Loss: 0.030649071579509312
Epoch 373 started
Epoch 373, Loss: 0.030565491230951414
Epoch 374 started
Epoch 374, Loss: 0.031042670951949226
Epoch 375 started
generating samples
Epoch 375, Loss: 0.03042008459236887
Epoch 376 started
Epoch 376, Loss: 0.03079560850924916
Epoch 377 started
Epoch 377, Loss: 0.03103203295138147
Epoch 378 started
Epoch 378, Loss: 0.030313593496216668
Epoch 379 started
Epoch 379, Loss: 0.03054249275525411
Epoch 380 started
generating samples
Epoch 380, Loss: 0.03080135232342614
Epoch 381 started
Epoch 381, Loss: 0.029956009971433217
Epoch 382 started
Epoch 382, Loss: 0.030402792317999732
Epoch 383 started
Epoch 383, Loss: 0.029905587534772026
Epoch 384 started
Epoch 384, Loss: 0.0302284059882164
Epoch 385 started
generating samples
Epoch 385, Loss: 0.0301842635727591
Epoch 386 started
Epoch 386, Loss: 0.03069845310582055
Epoch 387 started
Epoch 387, Loss: 0.03031602739327484
Epoch 388 started
Epoch 388, Loss: 0.030822234945164787
Epoch 389 started
Epoch 389, Loss: 0.029654859858751298
Epoch 390 started
generating samples
Epoch 390, Loss: 0.030063728469610213
Epoch 391 started
Epoch 391, Loss: 0.02974301785594887
Epoch 392 started
Epoch 392, Loss: 0.030179569766256544
Epoch 393 started
Epoch 393, Loss: 0.030288010201189253
Epoch 394 started
Epoch 394, Loss: 0.03037353657417827
Epoch 395 started
generating samples
Epoch 395, Loss: 0.03059072007437547
Epoch 396 started
Epoch 396, Loss: 0.03027873164017995
Epoch 397 started
Epoch 397, Loss: 0.03064941782620218
Epoch 398 started
Epoch 398, Loss: 0.030589680872360865
Epoch 399 started
Epoch 399, Loss: 0.030164127570390702
Epoch 400 started
generating samples
Epoch 400, Loss: 0.03000065086748865
Epoch 401 started
Epoch 401, Loss: 0.03024368562400341
Epoch 402 started
Epoch 402, Loss: 0.030157586930857766
Epoch 403 started
Epoch 403, Loss: 0.030354570186138154
Epoch 404 started
Epoch 404, Loss: 0.030277381745974222
Epoch 405 started
generating samples
Epoch 405, Loss: 0.03023472280436092
Epoch 406 started
Epoch 406, Loss: 0.030310869897736445
Epoch 407 started
Epoch 407, Loss: 0.03086005496746964
Epoch 408 started
Epoch 408, Loss: 0.030054902005857892
Epoch 409 started
Epoch 409, Loss: 0.03053637919359737
Epoch 410 started
generating samples
Epoch 410, Loss: 0.030351389726665286
Epoch 411 started
Epoch 411, Loss: 0.03009040043089125
Epoch 412 started
Epoch 412, Loss: 0.030096286775006188
Epoch 413 started
Epoch 413, Loss: 0.030376333658893903
Epoch 414 started
Epoch 414, Loss: 0.030633890106280644
Epoch 415 started
generating samples
Epoch 415, Loss: 0.029938582683271833
Epoch 416 started
Epoch 416, Loss: 0.030265307625797058
Epoch 417 started
Epoch 417, Loss: 0.030454955112934112
Epoch 418 started
Epoch 418, Loss: 0.030094695317082934
Epoch 419 started
Epoch 419, Loss: 0.030552628898620607
Epoch 420 started
generating samples
Epoch 420, Loss: 0.030987738005982503
Epoch 421 started
Epoch 421, Loss: 0.029936990268031757
Epoch 422 started
Epoch 422, Loss: 0.030090752145648002
Epoch 423 started
Epoch 423, Loss: 0.0298028055280447
Epoch 424 started
Epoch 424, Loss: 0.030557565591070385
Epoch 425 started
generating samples
Epoch 425, Loss: 0.03073193220330609
Epoch 426 started
Epoch 426, Loss: 0.030460527243879106
Epoch 427 started
Epoch 427, Loss: 0.030331931499640148
Epoch 428 started
Epoch 428, Loss: 0.0300633963316679
Epoch 429 started
Epoch 429, Loss: 0.030229902740981845
Epoch 430 started
generating samples
Epoch 430, Loss: 0.030083260664674972
Epoch 431 started
Epoch 431, Loss: 0.03040403178433577
Epoch 432 started
Epoch 432, Loss: 0.03025301652683152
Epoch 433 started
Epoch 433, Loss: 0.030386364141437743
Epoch 434 started
Epoch 434, Loss: 0.030578970843553543
Epoch 435 started
generating samples
Epoch 435, Loss: 0.030504674189620547
Epoch 436 started
Epoch 436, Loss: 0.03032649036977026
Epoch 437 started
Epoch 437, Loss: 0.0304145595477687
Epoch 438 started
Epoch 438, Loss: 0.030353320032689306
Epoch 439 started
Epoch 439, Loss: 0.02987470321059227
Epoch 440 started
generating samples
Epoch 440, Loss: 0.03045720875263214
Epoch 441 started
Epoch 441, Loss: 0.030474659277995426
Epoch 442 started
Epoch 442, Loss: 0.030171766160594093
Epoch 443 started
Epoch 443, Loss: 0.03043910560939047
Epoch 444 started
Epoch 444, Loss: 0.02969183692501651
Epoch 445 started
generating samples
Epoch 445, Loss: 0.030139328496985966
Epoch 446 started
Epoch 446, Loss: 0.03051001210576958
Epoch 447 started
Epoch 447, Loss: 0.0306537562251091
Epoch 448 started
Epoch 448, Loss: 0.030026808923482896
Epoch 449 started
Epoch 449, Loss: 0.030719695707824495
Epoch 450 started
generating samples
Epoch 450, Loss: 0.030383535212278365
Epoch 451 started
Epoch 451, Loss: 0.030257868259151777
Epoch 452 started
Epoch 452, Loss: 0.03041542278461986
Epoch 453 started
Epoch 453, Loss: 0.03043083745042483
Epoch 454 started
Epoch 454, Loss: 0.029800521281030442
Epoch 455 started
generating samples
Epoch 455, Loss: 0.03010140287213855
Epoch 456 started
Epoch 456, Loss: 0.030518061851130592
Epoch 457 started
Epoch 457, Loss: 0.030511092972424294
Epoch 458 started
Epoch 458, Loss: 0.03040157553222444
Epoch 459 started
Epoch 459, Loss: 0.030669530806938808
Epoch 460 started
generating samples
Epoch 460, Loss: 0.029991384271118377
Epoch 461 started
Epoch 461, Loss: 0.03028154369956917
Epoch 462 started
Epoch 462, Loss: 0.03071976138982508
Epoch 463 started
Epoch 463, Loss: 0.030500420348511803
Epoch 464 started
Epoch 464, Loss: 0.03056260981592867
Epoch 465 started
generating samples
Epoch 465, Loss: 0.03042904620965322
Epoch 466 started
Epoch 466, Loss: 0.03061296843091647
Epoch 467 started
Epoch 467, Loss: 0.03028861292799314
Epoch 468 started
Epoch 468, Loss: 0.030539013517896334
Epoch 469 started
Epoch 469, Loss: 0.030057265863815942
Epoch 470 started
generating samples
Epoch 470, Loss: 0.03015772436161836
Epoch 471 started
Epoch 471, Loss: 0.03047093287077215
Epoch 472 started
Epoch 472, Loss: 0.030528695131672754
Epoch 473 started
Epoch 473, Loss: 0.030204589274525642
Epoch 474 started
Epoch 474, Loss: 0.03036518348356088
Epoch 475 started
generating samples
Epoch 475, Loss: 0.029870388996601105
Epoch 476 started
Epoch 476, Loss: 0.030303224342068037
Epoch 477 started
Epoch 477, Loss: 0.03032563592692216
Epoch 478 started
Epoch 478, Loss: 0.03033245740532875
Epoch 479 started
Epoch 479, Loss: 0.03001601620382733
Epoch 480 started
generating samples
Epoch 480, Loss: 0.030278931002815566
Epoch 481 started
Epoch 481, Loss: 0.03059159303108851
Epoch 482 started
Epoch 482, Loss: 0.03034717011286153
Epoch 483 started
Epoch 483, Loss: 0.030391005924012927
Epoch 484 started
Epoch 484, Loss: 0.030105682759152517
Epoch 485 started
generating samples
Epoch 485, Loss: 0.02995848224825329
Epoch 486 started
Epoch 486, Loss: 0.030477164743012854
Epoch 487 started
Epoch 487, Loss: 0.0300272162841426
Epoch 488 started
Epoch 488, Loss: 0.03026973340908686
Epoch 489 started
Epoch 489, Loss: 0.030082666038473448
Epoch 490 started
generating samples
Epoch 490, Loss: 0.03028354010714425
Epoch 491 started
Epoch 491, Loss: 0.030738626699977453
Epoch 492 started
Epoch 492, Loss: 0.03043557900256581
Epoch 493 started
Epoch 493, Loss: 0.0301018847544988
Epoch 494 started
Epoch 494, Loss: 0.030401252835326725
Epoch 495 started
generating samples
Epoch 495, Loss: 0.030360648433367412
Epoch 496 started
Epoch 496, Loss: 0.030699823447730805
Epoch 497 started
Epoch 497, Loss: 0.030364921310544014
Epoch 498 started
Epoch 498, Loss: 0.030664116440878974
Epoch 499 started
Epoch 499, Loss: 0.030402122378349303
Training complete.
[1;34mwandb[0m: 🚀 View run [33mResNetCIFAR10_938822[0m at: [34mhttps://wandb.ai/juliuseg-danmarks-tekniske-universitet-dtu/CIFAR10_wandb/runs/prvh70n7[0m
[1;34mwandb[0m: Find logs at: [1;35mwandb/run-20241125_222131-prvh70n7/logs[0m

------------------------------------------------------------
Sender: LSF System <lsfadmin@hpc.dtu.dk>
Subject: Job 23257328: <mnist_training> in cluster <dcc> Done

Job <mnist_training> was submitted from host <n-62-12-19> by user <s204427> in cluster <dcc> at Mon Nov 25 18:35:32 2024
Job was executed on host(s) <4*n-62-12-21>, in queue <gpua100>, as user <s204427> in cluster <dcc> at Mon Nov 25 22:21:16 2024
</zhome/1a/a/156609> was used as the home directory.
</zhome/1a/a/156609/project/path> was used as the working directory.
Started at Mon Nov 25 22:21:16 2024
Terminated at Tue Nov 26 02:35:42 2024
Results reported at Tue Nov 26 02:35:42 2024

Your job looked like:

------------------------------------------------------------
# LSBATCH: User input
# mnist_job.sh
#!/bin/bash
#BSUB -J mnist_training           # Job name
#BSUB -q gpua100                   # Queue name for Tesla A10 GPUs
#BSUB -gpu "num=1"                # Request 1 GPU in exclusive mode
#BSUB -n 4                        # Request 4 CPU cores (required)
#BSUB -R "span[hosts=1]"          # Ensure resources are on a single node
#BSUB -W 48:00                    # Walltime (1 hour)
#BSUB -R "rusage[mem=4096]"       # Request 4GB of system memory
#BSUB -o ./logs/outputLogs/output_%J.log            # Output file
#BSUB -e ./logs/errorLogs/error_%J.log             # Error file

# Load necessary modules
module load python3/3.10.12
module load cuda/12.1

# Set W&B API key (replace with your actual key)
export WANDB_API_KEY="6ecda4c80f57815b4ff4780014d596e19617454c"

# Activate virtual environment
source /zhome/1a/a/156609/project/path/.venv/bin/activate

# Run the PyTorch training script
python3 mainUNetResBlock.py

------------------------------------------------------------

Successfully completed.

Resource usage summary:

    CPU time :                                   14008.00 sec.
    Max Memory :                                 1416 MB
    Average Memory :                             1389.06 MB
    Total Requested Memory :                     16384.00 MB
    Delta Memory :                               14968.00 MB
    Max Swap :                                   -
    Max Processes :                              6
    Max Threads :                                28
    Run time :                                   15266 sec.
    Turnaround time :                            28810 sec.

The output (if any) is above this job summary.



PS:

Read file <./logs/errorLogs/error_23257328.log> for stderr output of this job.

