Files already downloaded and verified
Epoch 0 started

------------------------------------------------------------
Sender: LSF System <lsfadmin@hpc.dtu.dk>
Subject: Job 23220911: <mnist_training> in cluster <dcc> Exited

Job <mnist_training> was submitted from host <n-62-12-19> by user <s204427> in cluster <dcc> at Wed Nov 20 11:49:44 2024
Job was executed on host(s) <4*n-62-18-5>, in queue <gpua10>, as user <s204427> in cluster <dcc> at Wed Nov 20 11:49:45 2024
</zhome/1a/a/156609> was used as the home directory.
</zhome/1a/a/156609/project/path> was used as the working directory.
Started at Wed Nov 20 11:49:45 2024
Terminated at Wed Nov 20 11:52:37 2024
Results reported at Wed Nov 20 11:52:37 2024

Your job looked like:

------------------------------------------------------------
# LSBATCH: User input
# mnist_job.sh
#!/bin/bash
#BSUB -J mnist_training           # Job name
#BSUB -q gpua10                   # Queue name for Tesla A10 GPUs
#BSUB -gpu "num=1"                # Request 1 GPU in exclusive mode
#BSUB -n 4                        # Request 4 CPU cores (required)
#BSUB -R "span[hosts=1]"          # Ensure resources are on a single node
#BSUB -W 10:00                    # Walltime (1 hour)
#BSUB -R "rusage[mem=4096]"       # Request 4GB of system memory
#BSUB -o ./logs/outputLogs/output_%J.log            # Output file
#BSUB -e ./logs/errorLogs/error_%J.log             # Error file

# Load necessary modules
module load python3/3.10.12
module load cuda/12.1

# Set W&B API key (replace with your actual key)
export WANDB_API_KEY="6ecda4c80f57815b4ff4780014d596e19617454c"

# Activate virtual environment
source /zhome/1a/a/156609/project/path/.venv/bin/activate

# Run the PyTorch training script
python3 main.py

------------------------------------------------------------

TERM_OWNER: job killed by owner.
Exited with exit code 130.

Resource usage summary:

    CPU time :                                   62.00 sec.
    Max Memory :                                 1067 MB
    Average Memory :                             723.67 MB
    Total Requested Memory :                     16384.00 MB
    Delta Memory :                               15317.00 MB
    Max Swap :                                   -
    Max Processes :                              6
    Max Threads :                                34
    Run time :                                   200 sec.
    Turnaround time :                            173 sec.

The output (if any) is above this job summary.



PS:

Read file <./logs/errorLogs/error_23220911.log> for stderr output of this job.

