starting run: CIFAR10_293703
Files already downloaded and verified
Loading training set
Epoch 0 started
generating samples
file name: epoch0
with samples min: -1.31, samples max: 1.37, avg: -0.01, std: 0.48
file name: resultOwn
with samples min: -1.31, samples max: 1.37, avg: -0.01, std: 0.48
file name: dataset_samples
with samples min: -1.00, samples max: 1.00, avg: -0.13, std: 0.49
Epoch 0, Loss: 0.1092312946928872
Epoch 1 started
generating samples
file name: epoch1
with samples min: -1.12, samples max: 1.43, avg: 0.24, std: 0.52
file name: resultOwn
with samples min: -1.12, samples max: 1.43, avg: 0.24, std: 0.52
file name: dataset_samples
with samples min: -1.00, samples max: 1.00, avg: -0.13, std: 0.49
Epoch 1, Loss: 0.05878062098821004
Epoch 2 started
generating samples
file name: epoch2
with samples min: -1.76, samples max: 0.63, avg: -1.14, std: 0.24
file name: resultOwn
with samples min: -1.76, samples max: 0.63, avg: -1.14, std: 0.24
file name: dataset_samples
with samples min: -1.00, samples max: 1.00, avg: -0.13, std: 0.49
Epoch 2, Loss: 0.05091433864898152
Epoch 3 started
generating samples
file name: epoch3
with samples min: -1.39, samples max: 1.18, avg: -0.70, std: 0.37
file name: resultOwn
with samples min: -1.39, samples max: 1.18, avg: -0.70, std: 0.37
file name: dataset_samples
with samples min: -1.00, samples max: 1.00, avg: -0.13, std: 0.49
Epoch 3, Loss: 0.046079358055525356
Epoch 4 started
generating samples
file name: epoch4
with samples min: -1.35, samples max: 1.53, avg: -0.21, std: 0.52
file name: resultOwn
with samples min: -1.35, samples max: 1.53, avg: -0.21, std: 0.52
file name: dataset_samples
with samples min: -1.00, samples max: 1.00, avg: -0.13, std: 0.49
Epoch 4, Loss: 0.04391857997311486
Epoch 5 started
generating samples
file name: epoch5
with samples min: -1.27, samples max: 1.24, avg: 0.00, std: 0.57
file name: resultOwn
with samples min: -1.27, samples max: 1.24, avg: 0.00, std: 0.57
file name: dataset_samples
with samples min: -1.00, samples max: 1.00, avg: -0.13, std: 0.49
Epoch 5, Loss: 0.04200941877563794
Epoch 6 started
Epoch 6, Loss: 0.0407695464382569
Epoch 7 started
Epoch 7, Loss: 0.03939561916854646
Epoch 8 started
Epoch 8, Loss: 0.03937087733414438
Epoch 9 started
Epoch 9, Loss: 0.038757833747069044
Epoch 10 started
generating samples
file name: epoch10
with samples min: -1.33, samples max: 1.42, avg: -0.51, std: 0.47
file name: resultOwn
with samples min: -1.33, samples max: 1.42, avg: -0.51, std: 0.47
file name: dataset_samples
with samples min: -1.00, samples max: 1.00, avg: -0.13, std: 0.49
Epoch 10, Loss: 0.0381182474984063
Epoch 11 started
Epoch 11, Loss: 0.037003947351376215
Epoch 12 started
Epoch 12, Loss: 0.03628156899544928
Epoch 13 started
Epoch 13, Loss: 0.036578364006678264
Epoch 14 started
Epoch 14, Loss: 0.03621907836529944
Epoch 15 started
generating samples
file name: epoch15
with samples min: -1.28, samples max: 1.28, avg: 0.34, std: 0.54
file name: resultOwn
with samples min: -1.28, samples max: 1.28, avg: 0.34, std: 0.54
file name: dataset_samples
with samples min: -1.00, samples max: 1.00, avg: -0.13, std: 0.49
Epoch 15, Loss: 0.03544629282587104
Epoch 16 started
Epoch 16, Loss: 0.03615478403468927
Epoch 17 started
Epoch 17, Loss: 0.034881917751497696
Epoch 18 started
Epoch 18, Loss: 0.035753873078690636
Epoch 19 started
Epoch 19, Loss: 0.03544795698854658
Epoch 20 started
generating samples
file name: epoch20
with samples min: -1.30, samples max: 1.01, avg: -0.80, std: 0.27
file name: resultOwn
with samples min: -1.30, samples max: 1.01, avg: -0.80, std: 0.27
file name: dataset_samples
with samples min: -1.00, samples max: 1.00, avg: -0.13, std: 0.49
Epoch 20, Loss: 0.03452275906072722
Epoch 21 started
Epoch 21, Loss: 0.0352678894036346
Epoch 22 started
Epoch 22, Loss: 0.034784740092357
Epoch 23 started
Epoch 23, Loss: 0.0342049256314834
Epoch 24 started
Epoch 24, Loss: 0.0349053646352556
Epoch 25 started
generating samples
file name: epoch25
with samples min: -1.32, samples max: 1.28, avg: -0.75, std: 0.36
file name: resultOwn
with samples min: -1.32, samples max: 1.28, avg: -0.75, std: 0.36
file name: dataset_samples
with samples min: -1.00, samples max: 1.00, avg: -0.13, std: 0.49
Epoch 25, Loss: 0.034191177873147856
Epoch 26 started
Epoch 26, Loss: 0.03380445296068986
Epoch 27 started
Epoch 27, Loss: 0.03439016766945521
Epoch 28 started
Epoch 28, Loss: 0.0338798245774375
Epoch 29 started
Epoch 29, Loss: 0.03390627951224645
Epoch 30 started
generating samples
file name: epoch30
with samples min: -1.42, samples max: 1.05, avg: -0.82, std: 0.33
file name: resultOwn
with samples min: -1.42, samples max: 1.05, avg: -0.82, std: 0.33
file name: dataset_samples
with samples min: -1.00, samples max: 1.00, avg: -0.13, std: 0.49
Epoch 30, Loss: 0.03386600120498075
Epoch 31 started
Epoch 31, Loss: 0.03374698371158706
Epoch 32 started
Epoch 32, Loss: 0.03376633551286327
Epoch 33 started
Epoch 33, Loss: 0.03322766811781459
Epoch 34 started
Epoch 34, Loss: 0.03329802359706826
Epoch 35 started
generating samples
file name: epoch35
with samples min: -1.25, samples max: 1.30, avg: 0.35, std: 0.68
file name: resultOwn
with samples min: -1.25, samples max: 1.30, avg: 0.35, std: 0.68
file name: dataset_samples
with samples min: -1.00, samples max: 1.00, avg: -0.13, std: 0.49
Epoch 35, Loss: 0.033027374879188005
Epoch 36 started
Epoch 36, Loss: 0.03367593511276775
Epoch 37 started
Epoch 37, Loss: 0.03320901820394728
Epoch 38 started
Epoch 38, Loss: 0.033031155682603515
Epoch 39 started
Epoch 39, Loss: 0.03284529822998577
Epoch 40 started
generating samples
file name: epoch40
with samples min: -1.04, samples max: 1.10, avg: 0.34, std: 0.52
file name: resultOwn
with samples min: -1.04, samples max: 1.10, avg: 0.34, std: 0.52
file name: dataset_samples
with samples min: -1.00, samples max: 1.00, avg: -0.13, std: 0.49
Epoch 40, Loss: 0.03315447754595015
Epoch 41 started
Epoch 41, Loss: 0.033256935758723155
Epoch 42 started
Epoch 42, Loss: 0.03299493619667159
Epoch 43 started
Epoch 43, Loss: 0.03308366658588251
Epoch 44 started
Epoch 44, Loss: 0.03274848577148384
Epoch 45 started
generating samples
file name: epoch45
with samples min: -1.13, samples max: 1.13, avg: 0.13, std: 0.49
file name: resultOwn
with samples min: -1.13, samples max: 1.13, avg: 0.13, std: 0.49
file name: dataset_samples
with samples min: -1.00, samples max: 1.00, avg: -0.13, std: 0.49
Epoch 45, Loss: 0.03244841509726312
Epoch 46 started
Epoch 46, Loss: 0.03254196739991506
Epoch 47 started
Epoch 47, Loss: 0.03251953409380383
Epoch 48 started
Epoch 48, Loss: 0.0328286559280422
Epoch 49 started
Epoch 49, Loss: 0.03242393251127667
Epoch 50 started
generating samples
file name: epoch50
with samples min: -1.19, samples max: 1.17, avg: -0.03, std: 0.55
file name: resultOwn
with samples min: -1.19, samples max: 1.17, avg: -0.03, std: 0.55
file name: dataset_samples
with samples min: -1.00, samples max: 1.00, avg: -0.13, std: 0.49
Epoch 50, Loss: 0.0325349570300844
Epoch 51 started
Epoch 51, Loss: 0.03278032921022839
Epoch 52 started
Epoch 52, Loss: 0.03200291344920794
Epoch 53 started
Epoch 53, Loss: 0.03251736697090997
Epoch 54 started
Epoch 54, Loss: 0.03245493861436844
Epoch 55 started
generating samples
file name: epoch55
with samples min: -1.31, samples max: 1.13, avg: -0.04, std: 0.56
file name: resultOwn
with samples min: -1.31, samples max: 1.13, avg: -0.04, std: 0.56
file name: dataset_samples
with samples min: -1.00, samples max: 1.00, avg: -0.13, std: 0.49
Epoch 55, Loss: 0.031821380286084285
Epoch 56 started
Epoch 56, Loss: 0.032755023538735176
Epoch 57 started
Epoch 57, Loss: 0.03229754343032837
Epoch 58 started
Epoch 58, Loss: 0.03245942619310485
Epoch 59 started
Epoch 59, Loss: 0.03242757219870885
Epoch 60 started
generating samples
file name: epoch60
with samples min: -1.18, samples max: 1.21, avg: -0.17, std: 0.49
file name: resultOwn
with samples min: -1.18, samples max: 1.21, avg: -0.17, std: 0.49
file name: dataset_samples
with samples min: -1.00, samples max: 1.00, avg: -0.13, std: 0.49
Epoch 60, Loss: 0.032480268729395335
Epoch 61 started
Epoch 61, Loss: 0.0323324020302958
Epoch 62 started
Epoch 62, Loss: 0.03213293233513832
Epoch 63 started
Epoch 63, Loss: 0.03179091218709946
Epoch 64 started
Epoch 64, Loss: 0.03296653317146831
Epoch 65 started
generating samples
file name: epoch65
with samples min: -1.00, samples max: 1.11, avg: 0.11, std: 0.46
file name: resultOwn
with samples min: -1.00, samples max: 1.11, avg: 0.11, std: 0.46
file name: dataset_samples
with samples min: -1.00, samples max: 1.00, avg: -0.13, std: 0.49
Epoch 65, Loss: 0.03194836249483956
Epoch 66 started
Epoch 66, Loss: 0.03235619498888651
Epoch 67 started
Epoch 67, Loss: 0.03193579434884919
Epoch 68 started
Epoch 68, Loss: 0.03158810318112373
Epoch 69 started
Epoch 69, Loss: 0.03214162439306577
Epoch 70 started
generating samples
file name: epoch70
with samples min: -1.21, samples max: 1.17, avg: -0.17, std: 0.54
file name: resultOwn
with samples min: -1.21, samples max: 1.17, avg: -0.17, std: 0.54
file name: dataset_samples
with samples min: -1.00, samples max: 1.00, avg: -0.13, std: 0.49
Epoch 70, Loss: 0.03138086645139588
Epoch 71 started
Epoch 71, Loss: 0.03230702269772689
Epoch 72 started
Epoch 72, Loss: 0.031845275082853106
Epoch 73 started
Epoch 73, Loss: 0.0317219494289822
Epoch 74 started
Epoch 74, Loss: 0.031883975766102475
Epoch 75 started
generating samples
file name: epoch75
with samples min: -1.13, samples max: 1.28, avg: 0.11, std: 0.51
file name: resultOwn
with samples min: -1.13, samples max: 1.28, avg: 0.11, std: 0.51
file name: dataset_samples
with samples min: -1.00, samples max: 1.00, avg: -0.13, std: 0.49
Epoch 75, Loss: 0.031524073229233424
Epoch 76 started
Epoch 76, Loss: 0.03228449435300297
Epoch 77 started
Epoch 77, Loss: 0.03227063248488638
Epoch 78 started
Epoch 78, Loss: 0.03204239063660304
Epoch 79 started
Epoch 79, Loss: 0.03187536952959167
Epoch 80 started
generating samples
file name: epoch80
with samples min: -1.04, samples max: 1.21, avg: 0.09, std: 0.54
file name: resultOwn
with samples min: -1.04, samples max: 1.21, avg: 0.09, std: 0.54
file name: dataset_samples
with samples min: -1.00, samples max: 1.00, avg: -0.13, std: 0.49
Epoch 80, Loss: 0.032198595216208034
Epoch 81 started
Epoch 81, Loss: 0.03182008017996947
Epoch 82 started
Epoch 82, Loss: 0.03156338161031405
Epoch 83 started
Epoch 83, Loss: 0.032092135577069386
Epoch 84 started
Epoch 84, Loss: 0.03138075232240889
Epoch 85 started
generating samples
file name: epoch85
with samples min: -1.10, samples max: 1.12, avg: -0.04, std: 0.54
file name: resultOwn
with samples min: -1.10, samples max: 1.12, avg: -0.04, std: 0.54
file name: dataset_samples
with samples min: -1.00, samples max: 1.00, avg: -0.13, std: 0.49
Epoch 85, Loss: 0.03135643982688586
Epoch 86 started
Epoch 86, Loss: 0.03143663809961743
Epoch 87 started
Epoch 87, Loss: 0.03146191442244583
Epoch 88 started
Epoch 88, Loss: 0.032426023832294676
Epoch 89 started
Epoch 89, Loss: 0.03156441867450873
Epoch 90 started
generating samples
file name: epoch90
with samples min: -1.04, samples max: 1.09, avg: 0.06, std: 0.43
file name: resultOwn
with samples min: -1.04, samples max: 1.09, avg: 0.06, std: 0.43
file name: dataset_samples
with samples min: -1.00, samples max: 1.00, avg: -0.13, std: 0.49
Epoch 90, Loss: 0.03203454095721245
Epoch 91 started
Epoch 91, Loss: 0.03153582665721576
Epoch 92 started
Epoch 92, Loss: 0.031699594198995165
Epoch 93 started
Epoch 93, Loss: 0.03179717312057813
Epoch 94 started
Epoch 94, Loss: 0.03192907846570015
Epoch 95 started
generating samples
file name: epoch95
with samples min: -1.06, samples max: 1.11, avg: -0.26, std: 0.44
file name: resultOwn
with samples min: -1.06, samples max: 1.11, avg: -0.26, std: 0.44
file name: dataset_samples
with samples min: -1.00, samples max: 1.00, avg: -0.13, std: 0.49
Epoch 95, Loss: 0.0315081243607733
Epoch 96 started
Epoch 96, Loss: 0.03128217174741957
Epoch 97 started
Epoch 97, Loss: 0.031300669643614026
Epoch 98 started
Epoch 98, Loss: 0.03152907420761055
Epoch 99 started
Epoch 99, Loss: 0.03190043016804589
Epoch 100 started
generating samples
file name: epoch100
with samples min: -1.09, samples max: 1.19, avg: -0.05, std: 0.43
file name: resultOwn
with samples min: -1.09, samples max: 1.19, avg: -0.05, std: 0.43
file name: dataset_samples
with samples min: -1.00, samples max: 1.00, avg: -0.13, std: 0.49
Epoch 100, Loss: 0.03170930693215794
Epoch 101 started
Epoch 101, Loss: 0.03125679089824358
Epoch 102 started
Epoch 102, Loss: 0.031576746041576065
Epoch 103 started
Epoch 103, Loss: 0.03143337604602178
Epoch 104 started
Epoch 104, Loss: 0.031465888785653644
Epoch 105 started
generating samples
file name: epoch105
with samples min: -1.20, samples max: 1.09, avg: -0.40, std: 0.50
file name: resultOwn
with samples min: -1.20, samples max: 1.09, avg: -0.40, std: 0.50
file name: dataset_samples
with samples min: -1.00, samples max: 1.00, avg: -0.13, std: 0.49
Epoch 105, Loss: 0.031676575458712046
Epoch 106 started
Epoch 106, Loss: 0.03213465258280436
Epoch 107 started
Epoch 107, Loss: 0.03180323101447688
Epoch 108 started
Epoch 108, Loss: 0.031031123624245326
Epoch 109 started
Epoch 109, Loss: 0.03127488392326567
Epoch 110 started
generating samples
file name: epoch110
with samples min: -1.08, samples max: 1.04, avg: -0.02, std: 0.47
file name: resultOwn
with samples min: -1.08, samples max: 1.04, avg: -0.02, std: 0.47
file name: dataset_samples
with samples min: -1.00, samples max: 1.00, avg: -0.13, std: 0.49
Epoch 110, Loss: 0.03193304155568282
Epoch 111 started
Epoch 111, Loss: 0.0317477148771286
Epoch 112 started
Epoch 112, Loss: 0.03158422534333335
Epoch 113 started
Epoch 113, Loss: 0.03098459774520662
Epoch 114 started
Epoch 114, Loss: 0.031308092843823965
Epoch 115 started
generating samples
file name: epoch115
with samples min: -1.17, samples max: 1.13, avg: -0.14, std: 0.48
file name: resultOwn
with samples min: -1.17, samples max: 1.13, avg: -0.14, std: 0.48
file name: dataset_samples
with samples min: -1.00, samples max: 1.00, avg: -0.13, std: 0.49
Epoch 115, Loss: 0.03085486927661631
Epoch 116 started
Epoch 116, Loss: 0.030951100111338826
Epoch 117 started
Epoch 117, Loss: 0.03166037924091021
Epoch 118 started
Epoch 118, Loss: 0.0310442767586973
Epoch 119 started
Epoch 119, Loss: 0.03123692994217078
Epoch 120 started
generating samples
file name: epoch120
with samples min: -1.20, samples max: 1.22, avg: -0.49, std: 0.44
file name: resultOwn
with samples min: -1.20, samples max: 1.22, avg: -0.49, std: 0.44
file name: dataset_samples
with samples min: -1.00, samples max: 1.00, avg: -0.13, std: 0.49
Epoch 120, Loss: 0.031111978684862453
Epoch 121 started
Epoch 121, Loss: 0.031390639004442424
Epoch 122 started
Epoch 122, Loss: 0.03106481871008873
Epoch 123 started
Epoch 123, Loss: 0.030935652760664623
Epoch 124 started
Epoch 124, Loss: 0.03116257360412015
Epoch 125 started
generating samples
file name: epoch125
with samples min: -1.06, samples max: 1.11, avg: -0.06, std: 0.53
file name: resultOwn
with samples min: -1.06, samples max: 1.11, avg: -0.06, std: 0.53
file name: dataset_samples
with samples min: -1.00, samples max: 1.00, avg: -0.13, std: 0.49
Epoch 125, Loss: 0.031631809516747794
Epoch 126 started
Epoch 126, Loss: 0.031391283782985474
Epoch 127 started
Epoch 127, Loss: 0.03099605329434077
Epoch 128 started
Epoch 128, Loss: 0.031574531414111456
Epoch 129 started
Epoch 129, Loss: 0.031276362862520744
Epoch 130 started
generating samples
file name: epoch130
with samples min: -1.08, samples max: 1.09, avg: 0.38, std: 0.52
file name: resultOwn
with samples min: -1.08, samples max: 1.09, avg: 0.38, std: 0.52
file name: dataset_samples
with samples min: -1.00, samples max: 1.00, avg: -0.13, std: 0.49
Epoch 130, Loss: 0.0313510578930378
Epoch 131 started
Epoch 131, Loss: 0.030700186153252918
Epoch 132 started
Epoch 132, Loss: 0.031109029360612234
Epoch 133 started
Epoch 133, Loss: 0.031057501243386004
Epoch 134 started
Epoch 134, Loss: 0.03095814483165741
Epoch 135 started
generating samples
file name: epoch135
with samples min: -1.08, samples max: 1.05, avg: 0.04, std: 0.48
file name: resultOwn
with samples min: -1.08, samples max: 1.05, avg: 0.04, std: 0.48
file name: dataset_samples
with samples min: -1.00, samples max: 1.00, avg: -0.13, std: 0.49
Epoch 135, Loss: 0.031397350559631984
Epoch 136 started
Epoch 136, Loss: 0.03151235393020842
Epoch 137 started
Epoch 137, Loss: 0.0310907112578551
Epoch 138 started
Epoch 138, Loss: 0.03114210967818896
Epoch 139 started
Epoch 139, Loss: 0.032027933035294213
Epoch 140 started
generating samples
file name: epoch140
with samples min: -1.04, samples max: 1.05, avg: -0.15, std: 0.42
file name: resultOwn
with samples min: -1.04, samples max: 1.05, avg: -0.15, std: 0.42
file name: dataset_samples
with samples min: -1.00, samples max: 1.00, avg: -0.13, std: 0.49
Epoch 140, Loss: 0.030728092739979427
Epoch 141 started
Epoch 141, Loss: 0.031050965398550033
Epoch 142 started
Epoch 142, Loss: 0.030744037328826055
Epoch 143 started
Epoch 143, Loss: 0.030560916086700227
Epoch 144 started
Epoch 144, Loss: 0.03155640043086476
Epoch 145 started
generating samples
file name: epoch145
with samples min: -1.17, samples max: 1.15, avg: 0.40, std: 0.55
file name: resultOwn
with samples min: -1.17, samples max: 1.15, avg: 0.40, std: 0.55
file name: dataset_samples
with samples min: -1.00, samples max: 1.00, avg: -0.13, std: 0.49
Epoch 145, Loss: 0.030538808924622005
Epoch 146 started
Epoch 146, Loss: 0.030605281423528988
Epoch 147 started
Epoch 147, Loss: 0.03143887310922146
Epoch 148 started
Epoch 148, Loss: 0.03076457531253497
Epoch 149 started
Epoch 149, Loss: 0.031465408786800174
Epoch 150 started
generating samples
file name: epoch150
with samples min: -1.11, samples max: 1.08, avg: -0.33, std: 0.44
file name: resultOwn
with samples min: -1.11, samples max: 1.08, avg: -0.33, std: 0.44
file name: dataset_samples
with samples min: -1.00, samples max: 1.00, avg: -0.13, std: 0.49
Epoch 150, Loss: 0.03141236470076773
Epoch 151 started
Epoch 151, Loss: 0.03088878061970075
Epoch 152 started
Epoch 152, Loss: 0.03132035692731539
Epoch 153 started
Epoch 153, Loss: 0.03131878627803591
Epoch 154 started
Epoch 154, Loss: 0.03160298470788532
Epoch 155 started
generating samples
file name: epoch155
with samples min: -1.14, samples max: 1.10, avg: -0.06, std: 0.50
file name: resultOwn
with samples min: -1.14, samples max: 1.10, avg: -0.06, std: 0.50
file name: dataset_samples
with samples min: -1.00, samples max: 1.00, avg: -0.13, std: 0.49
Epoch 155, Loss: 0.031152304947045115
Epoch 156 started
Epoch 156, Loss: 0.03126507143245803
Epoch 157 started
Epoch 157, Loss: 0.031185980784230762
Epoch 158 started
Epoch 158, Loss: 0.030613741766413054
Epoch 159 started
Epoch 159, Loss: 0.03075484681394365
Epoch 160 started
generating samples
file name: epoch160
with samples min: -1.15, samples max: 1.08, avg: -0.30, std: 0.44
file name: resultOwn
with samples min: -1.15, samples max: 1.08, avg: -0.30, std: 0.44
file name: dataset_samples
with samples min: -1.00, samples max: 1.00, avg: -0.13, std: 0.49
Epoch 160, Loss: 0.03131082116100523
Epoch 161 started
Epoch 161, Loss: 0.031115120451980168
Epoch 162 started
Epoch 162, Loss: 0.03148680497573482
Epoch 163 started
Epoch 163, Loss: 0.031018105934063595
Epoch 164 started
Epoch 164, Loss: 0.030805204194453026
Epoch 165 started
generating samples
file name: epoch165
with samples min: -1.05, samples max: 1.03, avg: -0.14, std: 0.48
file name: resultOwn
with samples min: -1.05, samples max: 1.03, avg: -0.14, std: 0.48
file name: dataset_samples
with samples min: -1.00, samples max: 1.00, avg: -0.13, std: 0.49
Epoch 165, Loss: 0.03080845019022624
Epoch 166 started
Epoch 166, Loss: 0.031172651161750158
Epoch 167 started
Epoch 167, Loss: 0.03129812840223312
Epoch 168 started
Epoch 168, Loss: 0.030601296062601938
Epoch 169 started
Epoch 169, Loss: 0.03137598332365354
Epoch 170 started
generating samples
file name: epoch170
with samples min: -1.14, samples max: 1.13, avg: 0.17, std: 0.50
file name: resultOwn
with samples min: -1.14, samples max: 1.13, avg: 0.17, std: 0.50
file name: dataset_samples
with samples min: -1.00, samples max: 1.00, avg: -0.13, std: 0.49
Epoch 170, Loss: 0.030996420145365928
Epoch 171 started
Epoch 171, Loss: 0.03089720739192433
Epoch 172 started
Epoch 172, Loss: 0.030898385916815863
Epoch 173 started
Epoch 173, Loss: 0.030816088935401706
Epoch 174 started
Epoch 174, Loss: 0.030819063825739755
Epoch 175 started
generating samples
file name: epoch175
with samples min: -1.07, samples max: 1.06, avg: -0.04, std: 0.53
file name: resultOwn
with samples min: -1.07, samples max: 1.06, avg: -0.04, std: 0.53
file name: dataset_samples
with samples min: -1.00, samples max: 1.00, avg: -0.13, std: 0.49
Epoch 175, Loss: 0.030843762971957525
Epoch 176 started
Epoch 176, Loss: 0.031111475263701546
Epoch 177 started
Epoch 177, Loss: 0.03092836233245002
Epoch 178 started
Epoch 178, Loss: 0.03073064801361826
Epoch 179 started
Epoch 179, Loss: 0.031064134514331817
Epoch 180 started
generating samples
file name: epoch180
with samples min: -1.06, samples max: 1.10, avg: -0.06, std: 0.46
file name: resultOwn
with samples min: -1.06, samples max: 1.10, avg: -0.06, std: 0.46
file name: dataset_samples
with samples min: -1.00, samples max: 1.00, avg: -0.13, std: 0.49
Epoch 180, Loss: 0.03088990554842684
Epoch 181 started
Epoch 181, Loss: 0.030758772156304782
Epoch 182 started
Epoch 182, Loss: 0.03115907358593411
Epoch 183 started
Epoch 183, Loss: 0.03114658259385162
Epoch 184 started
Epoch 184, Loss: 0.03081393756568432
Epoch 185 started
generating samples
file name: epoch185
with samples min: -1.15, samples max: 1.04, avg: 0.10, std: 0.47
file name: resultOwn
with samples min: -1.15, samples max: 1.04, avg: 0.10, std: 0.47
file name: dataset_samples
with samples min: -1.00, samples max: 1.00, avg: -0.13, std: 0.49
Epoch 185, Loss: 0.031149181159999637
Epoch 186 started
Epoch 186, Loss: 0.03084790936211745
Epoch 187 started
Epoch 187, Loss: 0.030689060644971
Epoch 188 started
Epoch 188, Loss: 0.030517128390073776
Epoch 189 started
Epoch 189, Loss: 0.031095429653922715
Epoch 190 started
generating samples
file name: epoch190
with samples min: -1.10, samples max: 1.08, avg: -0.01, std: 0.47
file name: resultOwn
with samples min: -1.10, samples max: 1.08, avg: -0.01, std: 0.47
file name: dataset_samples
with samples min: -1.00, samples max: 1.00, avg: -0.13, std: 0.49
Epoch 190, Loss: 0.031174698778655793
Epoch 191 started
Epoch 191, Loss: 0.030968788400292397
Epoch 192 started
Epoch 192, Loss: 0.031126806573073068
Epoch 193 started
Epoch 193, Loss: 0.031147132173511716
Epoch 194 started
Epoch 194, Loss: 0.03078324431909455
Epoch 195 started
generating samples
file name: epoch195
with samples min: -1.14, samples max: 1.09, avg: -0.10, std: 0.52
file name: resultOwn
with samples min: -1.14, samples max: 1.09, avg: -0.10, std: 0.52
file name: dataset_samples
with samples min: -1.00, samples max: 1.00, avg: -0.13, std: 0.49
Epoch 195, Loss: 0.030710939978559813
Epoch 196 started
Epoch 196, Loss: 0.030849384974771077
Epoch 197 started
Epoch 197, Loss: 0.030891359398762384
Epoch 198 started
Epoch 198, Loss: 0.030779123938745923
Epoch 199 started
Epoch 199, Loss: 0.03004076652791765
Epoch 200 started
generating samples
file name: epoch200
with samples min: -1.12, samples max: 1.14, avg: -0.12, std: 0.42
file name: resultOwn
with samples min: -1.12, samples max: 1.14, avg: -0.12, std: 0.42
file name: dataset_samples
with samples min: -1.00, samples max: 1.00, avg: -0.13, std: 0.49
Epoch 200, Loss: 0.030841934586895835
Epoch 201 started
Epoch 201, Loss: 0.030706606001986398
Epoch 202 started
Epoch 202, Loss: 0.030977969204054937
Epoch 203 started
Epoch 203, Loss: 0.030224294986989763
Epoch 204 started
Epoch 204, Loss: 0.030378802692227893
Epoch 205 started
generating samples
file name: epoch205
with samples min: -1.10, samples max: 1.06, avg: -0.15, std: 0.47
file name: resultOwn
with samples min: -1.10, samples max: 1.06, avg: -0.15, std: 0.47
file name: dataset_samples
with samples min: -1.00, samples max: 1.00, avg: -0.13, std: 0.49
Epoch 205, Loss: 0.030790020008881886
Epoch 206 started
Epoch 206, Loss: 0.030545254455341234
Epoch 207 started
Epoch 207, Loss: 0.03062751616338889
Epoch 208 started
Epoch 208, Loss: 0.030838099407487444
Epoch 209 started
Epoch 209, Loss: 0.03087418651315901
Epoch 210 started
generating samples
file name: epoch210
with samples min: -1.00, samples max: 1.12, avg: 0.13, std: 0.52
file name: resultOwn
with samples min: -1.00, samples max: 1.12, avg: 0.13, std: 0.52
file name: dataset_samples
with samples min: -1.00, samples max: 1.00, avg: -0.13, std: 0.49
Epoch 210, Loss: 0.030737530490756036
Epoch 211 started
Epoch 211, Loss: 0.030583692105611165
Epoch 212 started
Epoch 212, Loss: 0.030554162460565568
Epoch 213 started
Epoch 213, Loss: 0.030802111326323614
Epoch 214 started
Epoch 214, Loss: 0.03100137151910199
Epoch 215 started
generating samples
file name: epoch215
with samples min: -1.08, samples max: 1.22, avg: 0.30, std: 0.58
file name: resultOwn
with samples min: -1.08, samples max: 1.22, avg: 0.30, std: 0.58
file name: dataset_samples
with samples min: -1.00, samples max: 1.00, avg: -0.13, std: 0.49
Epoch 215, Loss: 0.030877441780103577
Epoch 216 started
Epoch 216, Loss: 0.030354654689629872
Epoch 217 started
Epoch 217, Loss: 0.030555797202719583
Epoch 218 started
Epoch 218, Loss: 0.0308163604600562
Epoch 219 started
Epoch 219, Loss: 0.03107774991326862
Epoch 220 started
generating samples
file name: epoch220
with samples min: -1.05, samples max: 1.16, avg: 0.12, std: 0.48
file name: resultOwn
with samples min: -1.05, samples max: 1.16, avg: 0.12, std: 0.48
file name: dataset_samples
with samples min: -1.00, samples max: 1.00, avg: -0.13, std: 0.49
Epoch 220, Loss: 0.03094260020752748
Epoch 221 started
Epoch 221, Loss: 0.03089815417793062
Epoch 222 started
Epoch 222, Loss: 0.030907754117912717
Epoch 223 started
Epoch 223, Loss: 0.030395718189080555
Epoch 224 started
Epoch 224, Loss: 0.030738163337111473
Epoch 225 started
generating samples
file name: epoch225
with samples min: -1.09, samples max: 1.09, avg: 0.02, std: 0.49
file name: resultOwn
with samples min: -1.09, samples max: 1.09, avg: 0.02, std: 0.49
file name: dataset_samples
with samples min: -1.00, samples max: 1.00, avg: -0.13, std: 0.49
Epoch 225, Loss: 0.030891599800189337
Epoch 226 started
Epoch 226, Loss: 0.030940093450744947
Epoch 227 started
Epoch 227, Loss: 0.030656148486667208
Epoch 228 started
Epoch 228, Loss: 0.030539256520734893
Epoch 229 started
Epoch 229, Loss: 0.030201053880320655
Epoch 230 started
generating samples
file name: epoch230
with samples min: -1.08, samples max: 1.09, avg: -0.10, std: 0.49
file name: resultOwn
with samples min: -1.08, samples max: 1.09, avg: -0.10, std: 0.49
file name: dataset_samples
with samples min: -1.00, samples max: 1.00, avg: -0.13, std: 0.49
Epoch 230, Loss: 0.0301932302084234
Epoch 231 started
Epoch 231, Loss: 0.031170204566584692
Epoch 232 started
Epoch 232, Loss: 0.030700638055470256
Epoch 233 started
Epoch 233, Loss: 0.030519482277830443
Epoch 234 started
Epoch 234, Loss: 0.03082775118748347
Epoch 235 started
generating samples
file name: epoch235
with samples min: -1.11, samples max: 1.30, avg: -0.16, std: 0.48
file name: resultOwn
with samples min: -1.11, samples max: 1.30, avg: -0.16, std: 0.48
file name: dataset_samples
with samples min: -1.00, samples max: 1.00, avg: -0.13, std: 0.49
Epoch 235, Loss: 0.030235547776354683
Epoch 236 started
Epoch 236, Loss: 0.030480357223086885
Epoch 237 started
Epoch 237, Loss: 0.030326786731680235
Epoch 238 started
Epoch 238, Loss: 0.030885454075204002
Epoch 239 started
Epoch 239, Loss: 0.03133659650286039
Epoch 240 started
generating samples
file name: epoch240
with samples min: -1.05, samples max: 1.06, avg: -0.01, std: 0.53
file name: resultOwn
with samples min: -1.05, samples max: 1.06, avg: -0.01, std: 0.53
file name: dataset_samples
with samples min: -1.00, samples max: 1.00, avg: -0.13, std: 0.49
Epoch 240, Loss: 0.030349820767177477
Epoch 241 started
Epoch 241, Loss: 0.031110848436752957
Epoch 242 started
Epoch 242, Loss: 0.03056975493894683
Epoch 243 started
Epoch 243, Loss: 0.03042569529513518
Epoch 244 started
Epoch 244, Loss: 0.030689875131514336
Epoch 245 started
generating samples
file name: epoch245
with samples min: -1.11, samples max: 1.18, avg: 0.06, std: 0.52
file name: resultOwn
with samples min: -1.11, samples max: 1.18, avg: 0.06, std: 0.52
file name: dataset_samples
with samples min: -1.00, samples max: 1.00, avg: -0.13, std: 0.49
Epoch 245, Loss: 0.030631581963764296
Epoch 246 started
Epoch 246, Loss: 0.03060597105026245
Epoch 247 started
Epoch 247, Loss: 0.030449432049526107
Epoch 248 started
Epoch 248, Loss: 0.03074805758231216
Epoch 249 started
Epoch 249, Loss: 0.030550751552316877
Epoch 250 started
generating samples
file name: epoch250
with samples min: -1.15, samples max: 1.17, avg: -0.35, std: 0.52
file name: resultOwn
with samples min: -1.15, samples max: 1.17, avg: -0.35, std: 0.52
file name: dataset_samples
with samples min: -1.00, samples max: 1.00, avg: -0.13, std: 0.49
Epoch 250, Loss: 0.03025529776579804
Epoch 251 started
Epoch 251, Loss: 0.03078279108206431
Epoch 252 started
Epoch 252, Loss: 0.030841796707113584
Epoch 253 started
Epoch 253, Loss: 0.03096601190103425
Epoch 254 started
Epoch 254, Loss: 0.03053429590695434
Epoch 255 started
generating samples
file name: epoch255
with samples min: -1.07, samples max: 1.03, avg: -0.04, std: 0.55
file name: resultOwn
with samples min: -1.07, samples max: 1.03, avg: -0.04, std: 0.55
file name: dataset_samples
with samples min: -1.00, samples max: 1.00, avg: -0.13, std: 0.49
Epoch 255, Loss: 0.030724514486392338
Epoch 256 started
Epoch 256, Loss: 0.030407642563184102
Epoch 257 started
Epoch 257, Loss: 0.030536142855882645
Epoch 258 started
Epoch 258, Loss: 0.030333365572161146
Epoch 259 started
Epoch 259, Loss: 0.029752059021261004
Epoch 260 started
generating samples
file name: epoch260
with samples min: -1.18, samples max: 1.05, avg: -0.09, std: 0.49
file name: resultOwn
with samples min: -1.18, samples max: 1.05, avg: -0.09, std: 0.49
file name: dataset_samples
with samples min: -1.00, samples max: 1.00, avg: -0.13, std: 0.49
Epoch 260, Loss: 0.030566508818997275
Epoch 261 started
Epoch 261, Loss: 0.030830872042311563
Epoch 262 started
Epoch 262, Loss: 0.03063197177582317
Epoch 263 started
Epoch 263, Loss: 0.03003763932387034
Epoch 264 started
Epoch 264, Loss: 0.0307228140923712
Epoch 265 started
generating samples
file name: epoch265
with samples min: -1.06, samples max: 1.13, avg: -0.08, std: 0.43
file name: resultOwn
with samples min: -1.06, samples max: 1.13, avg: -0.08, std: 0.43
file name: dataset_samples
with samples min: -1.00, samples max: 1.00, avg: -0.13, std: 0.49
Epoch 265, Loss: 0.030654892798927094
Epoch 266 started
Epoch 266, Loss: 0.030640295472741125
Epoch 267 started
Epoch 267, Loss: 0.030688203210963143
Epoch 268 started
Epoch 268, Loss: 0.030054719562331834
Epoch 269 started
Epoch 269, Loss: 0.0305755603187614
Epoch 270 started
generating samples
file name: epoch270
with samples min: -1.09, samples max: 1.12, avg: -0.22, std: 0.47
file name: resultOwn
with samples min: -1.09, samples max: 1.12, avg: -0.22, std: 0.47
file name: dataset_samples
with samples min: -1.00, samples max: 1.00, avg: -0.13, std: 0.49
Epoch 270, Loss: 0.030879067393143972
Epoch 271 started
Epoch 271, Loss: 0.03078043491476112
Epoch 272 started
Epoch 272, Loss: 0.03049224126206504
Epoch 273 started
Epoch 273, Loss: 0.030979996957381566
Epoch 274 started
Epoch 274, Loss: 0.030525570660498408
Epoch 275 started
generating samples
file name: epoch275
with samples min: -1.16, samples max: 1.10, avg: -0.22, std: 0.49
file name: resultOwn
with samples min: -1.16, samples max: 1.10, avg: -0.22, std: 0.49
file name: dataset_samples
with samples min: -1.00, samples max: 1.00, avg: -0.13, std: 0.49
Epoch 275, Loss: 0.030391826521025764
Epoch 276 started
Epoch 276, Loss: 0.030095468211505147
Epoch 277 started
Epoch 277, Loss: 0.030461217367980215
Epoch 278 started
Epoch 278, Loss: 0.03031283502380053
Epoch 279 started
Epoch 279, Loss: 0.030531070231729084
Epoch 280 started
generating samples
file name: epoch280
with samples min: -1.12, samples max: 0.99, avg: -0.36, std: 0.45
file name: resultOwn
with samples min: -1.12, samples max: 0.99, avg: -0.36, std: 0.45
file name: dataset_samples
with samples min: -1.00, samples max: 1.00, avg: -0.13, std: 0.49
Epoch 280, Loss: 0.03059307276474105
Epoch 281 started
Epoch 281, Loss: 0.030210397456420793
Epoch 282 started
Epoch 282, Loss: 0.0305796540664302
Epoch 283 started
Epoch 283, Loss: 0.030199487881528007
Epoch 284 started
Epoch 284, Loss: 0.030552135540710554
Epoch 285 started
generating samples
file name: epoch285
with samples min: -1.10, samples max: 1.09, avg: -0.10, std: 0.52
file name: resultOwn
with samples min: -1.10, samples max: 1.09, avg: -0.10, std: 0.52
file name: dataset_samples
with samples min: -1.00, samples max: 1.00, avg: -0.13, std: 0.49
Epoch 285, Loss: 0.03053219579524464
Epoch 286 started
Epoch 286, Loss: 0.03021603296664026
Epoch 287 started
Epoch 287, Loss: 0.030366276126437716
Epoch 288 started
Epoch 288, Loss: 0.030841919371154575
Epoch 289 started
Epoch 289, Loss: 0.030240743313233058
Epoch 290 started
generating samples
file name: epoch290
with samples min: -1.07, samples max: 1.08, avg: -0.28, std: 0.46
file name: resultOwn
with samples min: -1.07, samples max: 1.08, avg: -0.28, std: 0.46
file name: dataset_samples
with samples min: -1.00, samples max: 1.00, avg: -0.13, std: 0.49
Epoch 290, Loss: 0.030681561126973893
Epoch 291 started
Epoch 291, Loss: 0.030632160523202685
Epoch 292 started
Epoch 292, Loss: 0.0304092312829362
Epoch 293 started
Epoch 293, Loss: 0.03037321746548017
Epoch 294 started
Epoch 294, Loss: 0.030800943417019316
Epoch 295 started
generating samples
file name: epoch295
with samples min: -1.02, samples max: 1.08, avg: 0.41, std: 0.46
file name: resultOwn
with samples min: -1.02, samples max: 1.08, avg: 0.41, std: 0.46
file name: dataset_samples
with samples min: -1.00, samples max: 1.00, avg: -0.13, std: 0.49
Epoch 295, Loss: 0.030515457157293955
Epoch 296 started
Epoch 296, Loss: 0.030390373227331374
Epoch 297 started
Epoch 297, Loss: 0.030112080850866106
Epoch 298 started
Epoch 298, Loss: 0.03083820419145955
Epoch 299 started
Epoch 299, Loss: 0.03010849327776167
Epoch 300 started
generating samples
file name: epoch300
with samples min: -1.10, samples max: 1.03, avg: -0.31, std: 0.49
file name: resultOwn
with samples min: -1.10, samples max: 1.03, avg: -0.31, std: 0.49
file name: dataset_samples
with samples min: -1.00, samples max: 1.00, avg: -0.13, std: 0.49
Epoch 300, Loss: 0.030354430956310696
Epoch 301 started
Epoch 301, Loss: 0.030834677900208367
Epoch 302 started
Epoch 302, Loss: 0.03005518183377054
Epoch 303 started
Epoch 303, Loss: 0.0302673784431484
Epoch 304 started
Epoch 304, Loss: 0.030683687792221706
Epoch 305 started
generating samples
file name: epoch305
with samples min: -1.05, samples max: 1.06, avg: -0.02, std: 0.49
file name: resultOwn
with samples min: -1.05, samples max: 1.06, avg: -0.02, std: 0.49
file name: dataset_samples
with samples min: -1.00, samples max: 1.00, avg: -0.13, std: 0.49
Epoch 305, Loss: 0.03076397319667869
Epoch 306 started
Epoch 306, Loss: 0.030391342978013887
Epoch 307 started
Epoch 307, Loss: 0.030594877058267595
Epoch 308 started
Epoch 308, Loss: 0.030851002373629147
Epoch 309 started
Epoch 309, Loss: 0.03046006424791283
Epoch 310 started
generating samples
file name: epoch310
with samples min: -1.05, samples max: 1.08, avg: -0.04, std: 0.59
file name: resultOwn
with samples min: -1.05, samples max: 1.08, avg: -0.04, std: 0.59
file name: dataset_samples
with samples min: -1.00, samples max: 1.00, avg: -0.13, std: 0.49
Epoch 310, Loss: 0.03047135781645775
Epoch 311 started
Epoch 311, Loss: 0.03088797441853417
Epoch 312 started
Epoch 312, Loss: 0.0304718998822901
Epoch 313 started
Epoch 313, Loss: 0.03090876984960503
Epoch 314 started
Epoch 314, Loss: 0.030776302887996036
Epoch 315 started
generating samples
file name: epoch315
with samples min: -1.08, samples max: 1.08, avg: -0.17, std: 0.42
file name: resultOwn
with samples min: -1.08, samples max: 1.08, avg: -0.17, std: 0.42
file name: dataset_samples
with samples min: -1.00, samples max: 1.00, avg: -0.13, std: 0.49
Epoch 315, Loss: 0.029907645659314263
Epoch 316 started
Epoch 316, Loss: 0.030737446010775035
Epoch 317 started
Epoch 317, Loss: 0.031033039082421197
Epoch 318 started
Epoch 318, Loss: 0.030401867424779468
Epoch 319 started
Epoch 319, Loss: 0.030170832529995178
Epoch 320 started
generating samples
file name: epoch320
with samples min: -1.05, samples max: 1.06, avg: -0.30, std: 0.43
file name: resultOwn
with samples min: -1.05, samples max: 1.06, avg: -0.30, std: 0.43
file name: dataset_samples
with samples min: -1.00, samples max: 1.00, avg: -0.13, std: 0.49
Epoch 320, Loss: 0.03022289448413584
Epoch 321 started
Epoch 321, Loss: 0.030450191096464792
Epoch 322 started
Epoch 322, Loss: 0.03005457051595052
Epoch 323 started
Epoch 323, Loss: 0.030901709234714508
Epoch 324 started
Epoch 324, Loss: 0.030035541142357722
Epoch 325 started
generating samples
file name: epoch325
with samples min: -1.25, samples max: 1.04, avg: -0.05, std: 0.52
file name: resultOwn
with samples min: -1.25, samples max: 1.04, avg: -0.05, std: 0.52
file name: dataset_samples
with samples min: -1.00, samples max: 1.00, avg: -0.13, std: 0.49
Epoch 325, Loss: 0.029957967227697373
Epoch 326 started
Epoch 326, Loss: 0.030404109060764312
Epoch 327 started
Epoch 327, Loss: 0.030573279860946868
Epoch 328 started
Epoch 328, Loss: 0.030654946290784413
Epoch 329 started
Epoch 329, Loss: 0.0303148405763838
Epoch 330 started
generating samples
file name: epoch330
with samples min: -1.09, samples max: 1.07, avg: 0.09, std: 0.54
file name: resultOwn
with samples min: -1.09, samples max: 1.07, avg: 0.09, std: 0.54
file name: dataset_samples
with samples min: -1.00, samples max: 1.00, avg: -0.13, std: 0.49
Epoch 330, Loss: 0.029779918852448465
Epoch 331 started
Epoch 331, Loss: 0.030468866496284802
Epoch 332 started
Epoch 332, Loss: 0.030662405585249266
Epoch 333 started
Epoch 333, Loss: 0.030637834100590813
Epoch 334 started
Epoch 334, Loss: 0.030484507237209215
Epoch 335 started
generating samples
file name: epoch335
with samples min: -1.05, samples max: 1.04, avg: 0.08, std: 0.47
file name: resultOwn
with samples min: -1.05, samples max: 1.04, avg: 0.08, std: 0.47
file name: dataset_samples
with samples min: -1.00, samples max: 1.00, avg: -0.13, std: 0.49
Epoch 335, Loss: 0.030569809872574277
Epoch 336 started
Epoch 336, Loss: 0.03024884336988131
Epoch 337 started
Epoch 337, Loss: 0.030230919762121305
Epoch 338 started
Epoch 338, Loss: 0.029891257659594217
Epoch 339 started
Epoch 339, Loss: 0.03045195641981231
Epoch 340 started
generating samples
file name: epoch340
with samples min: -1.10, samples max: 1.03, avg: 0.08, std: 0.46
file name: resultOwn
with samples min: -1.10, samples max: 1.03, avg: 0.08, std: 0.46
file name: dataset_samples
with samples min: -1.00, samples max: 1.00, avg: -0.13, std: 0.49
Epoch 340, Loss: 0.030100946154197058
Epoch 341 started
Epoch 341, Loss: 0.030559622124168608
Epoch 342 started
Epoch 342, Loss: 0.03038127187954055
Epoch 343 started
Epoch 343, Loss: 0.03011587416066064
Epoch 344 started
Epoch 344, Loss: 0.030254882043268944
Epoch 345 started
generating samples
file name: epoch345
with samples min: -1.04, samples max: 1.10, avg: 0.05, std: 0.43
file name: resultOwn
with samples min: -1.04, samples max: 1.10, avg: 0.05, std: 0.43
file name: dataset_samples
with samples min: -1.00, samples max: 1.00, avg: -0.13, std: 0.49
Epoch 345, Loss: 0.030111139404111437
Epoch 346 started
Epoch 346, Loss: 0.030194733879301282
Epoch 347 started
Epoch 347, Loss: 0.030168741780188347
Epoch 348 started
Epoch 348, Loss: 0.029994959593481488
Epoch 349 started
Epoch 349, Loss: 0.03056607718732622
Epoch 350 started
generating samples
file name: epoch350
with samples min: -1.10, samples max: 1.06, avg: -0.11, std: 0.44
file name: resultOwn
with samples min: -1.10, samples max: 1.06, avg: -0.11, std: 0.44
file name: dataset_samples
with samples min: -1.00, samples max: 1.00, avg: -0.13, std: 0.49
Epoch 350, Loss: 0.029942236459917494
Epoch 351 started
Epoch 351, Loss: 0.03015837342010604
Epoch 352 started
Epoch 352, Loss: 0.030616896307468413
Epoch 353 started
Epoch 353, Loss: 0.030979557276103232
Epoch 354 started
Epoch 354, Loss: 0.030475670796632767
Epoch 355 started
generating samples
file name: epoch355
with samples min: -1.10, samples max: 1.26, avg: 0.25, std: 0.61
file name: resultOwn
with samples min: -1.10, samples max: 1.26, avg: 0.25, std: 0.61
file name: dataset_samples
with samples min: -1.00, samples max: 1.00, avg: -0.13, std: 0.49
Epoch 355, Loss: 0.030052244149976308
Epoch 356 started
Epoch 356, Loss: 0.030622839405139286
Epoch 357 started
Epoch 357, Loss: 0.030704492197765245
Epoch 358 started
Epoch 358, Loss: 0.029711999703447026
Epoch 359 started
Epoch 359, Loss: 0.03080425720943345
Epoch 360 started
generating samples
file name: epoch360
with samples min: -1.15, samples max: 1.06, avg: 0.05, std: 0.50
file name: resultOwn
with samples min: -1.15, samples max: 1.06, avg: 0.05, std: 0.50
file name: dataset_samples
with samples min: -1.00, samples max: 1.00, avg: -0.13, std: 0.49
Epoch 360, Loss: 0.030579866286118824
Epoch 361 started
Epoch 361, Loss: 0.030725244152877067
Epoch 362 started
Epoch 362, Loss: 0.030063301051325268
Epoch 363 started
Epoch 363, Loss: 0.030556886075602637
Epoch 364 started
Epoch 364, Loss: 0.030345544250806173
Epoch 365 started
generating samples
file name: epoch365
with samples min: -1.00, samples max: 1.06, avg: 0.25, std: 0.47
file name: resultOwn
with samples min: -1.00, samples max: 1.06, avg: 0.25, std: 0.47
file name: dataset_samples
with samples min: -1.00, samples max: 1.00, avg: -0.13, std: 0.49
Epoch 365, Loss: 0.03001052683459388
Epoch 366 started
Epoch 366, Loss: 0.03044817941420608
Epoch 367 started
Epoch 367, Loss: 0.030242206778791216
Epoch 368 started
Epoch 368, Loss: 0.03048056815266609
Epoch 369 started
Epoch 369, Loss: 0.03040033663246367
Epoch 370 started
generating samples
file name: epoch370
with samples min: -1.01, samples max: 1.06, avg: 0.13, std: 0.47
file name: resultOwn
with samples min: -1.01, samples max: 1.06, avg: 0.13, std: 0.47
file name: dataset_samples
with samples min: -1.00, samples max: 1.00, avg: -0.13, std: 0.49
Epoch 370, Loss: 0.03009178950190544
Epoch 371 started
Epoch 371, Loss: 0.030051366969280773
Epoch 372 started
Epoch 372, Loss: 0.02991707895729277
Epoch 373 started
Epoch 373, Loss: 0.030242622985442478
Epoch 374 started
Epoch 374, Loss: 0.030254404118325976
Epoch 375 started
generating samples
file name: epoch375
with samples min: -1.04, samples max: 1.10, avg: -0.05, std: 0.51
file name: resultOwn
with samples min: -1.04, samples max: 1.10, avg: -0.05, std: 0.51
file name: dataset_samples
with samples min: -1.00, samples max: 1.00, avg: -0.13, std: 0.49
Epoch 375, Loss: 0.03005578802426656
Epoch 376 started
Epoch 376, Loss: 0.030597996539870897
Epoch 377 started
Epoch 377, Loss: 0.030119136074847647
Epoch 378 started
Epoch 378, Loss: 0.030527812052435346
Epoch 379 started
Epoch 379, Loss: 0.030165781418151325
Epoch 380 started
generating samples
file name: epoch380
with samples min: -1.05, samples max: 1.04, avg: -0.22, std: 0.45
file name: resultOwn
with samples min: -1.05, samples max: 1.04, avg: -0.22, std: 0.45
file name: dataset_samples
with samples min: -1.00, samples max: 1.00, avg: -0.13, std: 0.49
Epoch 380, Loss: 0.030347288642989266
Epoch 381 started
Epoch 381, Loss: 0.030546486265791786
Epoch 382 started
Epoch 382, Loss: 0.030221211018827226
Epoch 383 started
Epoch 383, Loss: 0.030171913282738792
Epoch 384 started
Epoch 384, Loss: 0.03046998082664278
Epoch 385 started
generating samples
file name: epoch385
with samples min: -1.11, samples max: 1.09, avg: -0.30, std: 0.48
file name: resultOwn
with samples min: -1.11, samples max: 1.09, avg: -0.30, std: 0.48
file name: dataset_samples
with samples min: -1.00, samples max: 1.00, avg: -0.13, std: 0.49
Epoch 385, Loss: 0.030666918975445958
Epoch 386 started
Epoch 386, Loss: 0.030637332348691093
Epoch 387 started
Epoch 387, Loss: 0.03041755332549413
Epoch 388 started
Epoch 388, Loss: 0.029861806026101112
Epoch 389 started
Epoch 389, Loss: 0.029861180051167807
Epoch 390 started
generating samples
file name: epoch390
with samples min: -1.02, samples max: 1.05, avg: -0.05, std: 0.49
file name: resultOwn
with samples min: -1.02, samples max: 1.05, avg: -0.05, std: 0.49
file name: dataset_samples
with samples min: -1.00, samples max: 1.00, avg: -0.13, std: 0.49
Epoch 390, Loss: 0.030376196082433065
Epoch 391 started
Epoch 391, Loss: 0.030215174631939994
Epoch 392 started
Epoch 392, Loss: 0.03004241454899311
Epoch 393 started
Epoch 393, Loss: 0.029898503871096504
Epoch 394 started
Epoch 394, Loss: 0.03004985158741474
Epoch 395 started
generating samples
file name: epoch395
with samples min: -1.01, samples max: 1.01, avg: -0.01, std: 0.45
file name: resultOwn
with samples min: -1.01, samples max: 1.01, avg: -0.01, std: 0.45
file name: dataset_samples
with samples min: -1.00, samples max: 1.00, avg: -0.13, std: 0.49
Epoch 395, Loss: 0.030137423165639242
Epoch 396 started
Epoch 396, Loss: 0.030812986528542308
Epoch 397 started
Epoch 397, Loss: 0.030491692958275477
Epoch 398 started
Epoch 398, Loss: 0.03010220512913333
Epoch 399 started
Epoch 399, Loss: 0.03034996874862247
Epoch 400 started
generating samples
file name: epoch400
with samples min: -1.11, samples max: 1.09, avg: 0.12, std: 0.46
file name: resultOwn
with samples min: -1.11, samples max: 1.09, avg: 0.12, std: 0.46
file name: dataset_samples
with samples min: -1.00, samples max: 1.00, avg: -0.13, std: 0.49
Epoch 400, Loss: 0.030910487786928814
Epoch 401 started
Epoch 401, Loss: 0.030181599002083143
Epoch 402 started
Epoch 402, Loss: 0.02981618938247363
Epoch 403 started
Epoch 403, Loss: 0.030279078189200826
Epoch 404 started
Epoch 404, Loss: 0.030046345606777405
Epoch 405 started
generating samples
file name: epoch405
with samples min: -1.06, samples max: 1.08, avg: -0.09, std: 0.46
file name: resultOwn
with samples min: -1.06, samples max: 1.08, avg: -0.09, std: 0.46
file name: dataset_samples
with samples min: -1.00, samples max: 1.00, avg: -0.13, std: 0.49
Epoch 405, Loss: 0.030246517420477338
Epoch 406 started
Epoch 406, Loss: 0.030142190973295107
Epoch 407 started
Epoch 407, Loss: 0.029737953776783413
Epoch 408 started
Epoch 408, Loss: 0.029794747140010198
Epoch 409 started
Epoch 409, Loss: 0.030559981316990323
Epoch 410 started
generating samples
file name: epoch410
with samples min: -1.05, samples max: 1.05, avg: 0.14, std: 0.48
file name: resultOwn
with samples min: -1.05, samples max: 1.05, avg: 0.14, std: 0.48
file name: dataset_samples
with samples min: -1.00, samples max: 1.00, avg: -0.13, std: 0.49
Epoch 410, Loss: 0.03014183816810449
Epoch 411 started
Epoch 411, Loss: 0.03032484758430057
Epoch 412 started
Epoch 412, Loss: 0.03042654573784934
Epoch 413 started
Epoch 413, Loss: 0.030209895605842273
Epoch 414 started
Epoch 414, Loss: 0.03016583281788561
Epoch 415 started
generating samples
file name: epoch415
with samples min: -1.09, samples max: 1.07, avg: 0.06, std: 0.50
file name: resultOwn
with samples min: -1.09, samples max: 1.07, avg: 0.06, std: 0.50
file name: dataset_samples
with samples min: -1.00, samples max: 1.00, avg: -0.13, std: 0.49
Epoch 415, Loss: 0.029900602250629002
Epoch 416 started
Epoch 416, Loss: 0.030593031295140585
Epoch 417 started
Epoch 417, Loss: 0.029940957550870048
Epoch 418 started
Epoch 418, Loss: 0.030405670312047006
Epoch 419 started
Epoch 419, Loss: 0.030329524274667105
Epoch 420 started
generating samples
file name: epoch420
with samples min: -1.08, samples max: 1.03, avg: 0.06, std: 0.50
file name: resultOwn
with samples min: -1.08, samples max: 1.03, avg: 0.06, std: 0.50
file name: dataset_samples
with samples min: -1.00, samples max: 1.00, avg: -0.13, std: 0.49
Epoch 420, Loss: 0.030489334503147336
Epoch 421 started
Epoch 421, Loss: 0.030506302886207898
Epoch 422 started
Epoch 422, Loss: 0.030452754466732342
Epoch 423 started
Epoch 423, Loss: 0.03011745114458932
Epoch 424 started
Epoch 424, Loss: 0.030173463927043807
Epoch 425 started
generating samples
file name: epoch425
with samples min: -1.10, samples max: 1.13, avg: -0.38, std: 0.41
file name: resultOwn
with samples min: -1.10, samples max: 1.13, avg: -0.38, std: 0.41
file name: dataset_samples
with samples min: -1.00, samples max: 1.00, avg: -0.13, std: 0.49
Epoch 425, Loss: 0.030263226634263993
Epoch 426 started
Epoch 426, Loss: 0.030238832847277325
Epoch 427 started
Epoch 427, Loss: 0.02963503677447637
Epoch 428 started
Epoch 428, Loss: 0.030604350788725747
Epoch 429 started
Epoch 429, Loss: 0.030194348238574135
Epoch 430 started
generating samples
file name: epoch430
with samples min: -1.05, samples max: 1.13, avg: 0.03, std: 0.54
file name: resultOwn
with samples min: -1.05, samples max: 1.13, avg: 0.03, std: 0.54
file name: dataset_samples
with samples min: -1.00, samples max: 1.00, avg: -0.13, std: 0.49
Epoch 430, Loss: 0.030080796325537895
Epoch 431 started
Epoch 431, Loss: 0.02973857200543086
Epoch 432 started
Epoch 432, Loss: 0.030160284720195666
Epoch 433 started
Epoch 433, Loss: 0.030687560781174236
Epoch 434 started
Epoch 434, Loss: 0.03002365554438697
Epoch 435 started
generating samples
file name: epoch435
with samples min: -1.06, samples max: 1.04, avg: -0.25, std: 0.47
file name: resultOwn
with samples min: -1.06, samples max: 1.04, avg: -0.25, std: 0.47
file name: dataset_samples
with samples min: -1.00, samples max: 1.00, avg: -0.13, std: 0.49
Epoch 435, Loss: 0.029584113086594477
Epoch 436 started
Epoch 436, Loss: 0.030432482163773644
Epoch 437 started
Epoch 437, Loss: 0.030513688404692544
Epoch 438 started
Epoch 438, Loss: 0.030255871452556714
Epoch 439 started
Epoch 439, Loss: 0.030192670474449793
Epoch 440 started
generating samples
file name: epoch440
with samples min: -1.11, samples max: 1.09, avg: -0.06, std: 0.54
file name: resultOwn
with samples min: -1.11, samples max: 1.09, avg: -0.06, std: 0.54
file name: dataset_samples
with samples min: -1.00, samples max: 1.00, avg: -0.13, std: 0.49
Epoch 440, Loss: 0.029875162441862953
Epoch 441 started
Epoch 441, Loss: 0.030308579869071643
Epoch 442 started
Epoch 442, Loss: 0.029737005508939426
Epoch 443 started
Epoch 443, Loss: 0.029760673393805823
Epoch 444 started
Epoch 444, Loss: 0.030163031713167827
Epoch 445 started
generating samples
file name: epoch445
with samples min: -1.08, samples max: 1.07, avg: 0.32, std: 0.56
file name: resultOwn
with samples min: -1.08, samples max: 1.07, avg: 0.32, std: 0.56
file name: dataset_samples
with samples min: -1.00, samples max: 1.00, avg: -0.13, std: 0.49
Epoch 445, Loss: 0.030793697427709897
Epoch 446 started
Epoch 446, Loss: 0.030292059972551133
Epoch 447 started
Epoch 447, Loss: 0.029759293850925232
Epoch 448 started
Epoch 448, Loss: 0.030317220730251736
Epoch 449 started
Epoch 449, Loss: 0.030529685731066597
Epoch 450 started
generating samples
file name: epoch450
with samples min: -1.11, samples max: 1.05, avg: -0.06, std: 0.52
file name: resultOwn
with samples min: -1.11, samples max: 1.05, avg: -0.06, std: 0.52
file name: dataset_samples
with samples min: -1.00, samples max: 1.00, avg: -0.13, std: 0.49
Epoch 450, Loss: 0.03021655618713962
Epoch 451 started
Epoch 451, Loss: 0.030007952543099722
Epoch 452 started
Epoch 452, Loss: 0.029813271964920892
Epoch 453 started
Epoch 453, Loss: 0.030329240210519897
Epoch 454 started
Epoch 454, Loss: 0.03018611904316478
Epoch 455 started
generating samples
file name: epoch455
with samples min: -1.11, samples max: 1.08, avg: -0.17, std: 0.57
file name: resultOwn
with samples min: -1.11, samples max: 1.08, avg: -0.17, std: 0.57
file name: dataset_samples
with samples min: -1.00, samples max: 1.00, avg: -0.13, std: 0.49
Epoch 455, Loss: 0.030213680840863122
Epoch 456 started
Epoch 456, Loss: 0.030752309740914238
Epoch 457 started
Epoch 457, Loss: 0.030226249818007152
Epoch 458 started
Epoch 458, Loss: 0.03020380682117409
Epoch 459 started
Epoch 459, Loss: 0.02999808593392372
Epoch 460 started
generating samples
file name: epoch460
with samples min: -1.15, samples max: 1.12, avg: -0.17, std: 0.51
file name: resultOwn
with samples min: -1.15, samples max: 1.12, avg: -0.17, std: 0.51
file name: dataset_samples
with samples min: -1.00, samples max: 1.00, avg: -0.13, std: 0.49
Epoch 460, Loss: 0.029950682664579814
Epoch 461 started
Epoch 461, Loss: 0.030021688759989208
Epoch 462 started
Epoch 462, Loss: 0.029959589593940312
Epoch 463 started
Epoch 463, Loss: 0.029583674721916517
Epoch 464 started
Epoch 464, Loss: 0.03031022557814916
Epoch 465 started
generating samples
file name: epoch465
with samples min: -1.09, samples max: 1.07, avg: -0.00, std: 0.55
file name: resultOwn
with samples min: -1.09, samples max: 1.07, avg: -0.00, std: 0.55
file name: dataset_samples
with samples min: -1.00, samples max: 1.00, avg: -0.13, std: 0.49
Epoch 465, Loss: 0.03019797224137518
Epoch 466 started
Epoch 466, Loss: 0.030145413749085533
Epoch 467 started
Epoch 467, Loss: 0.030174557753403983
Epoch 468 started
Epoch 468, Loss: 0.03048547437588374
Epoch 469 started
Epoch 469, Loss: 0.029908567228913305
Epoch 470 started
generating samples
file name: epoch470
with samples min: -1.11, samples max: 1.04, avg: -0.09, std: 0.53
file name: resultOwn
with samples min: -1.11, samples max: 1.04, avg: -0.09, std: 0.53
file name: dataset_samples
with samples min: -1.00, samples max: 1.00, avg: -0.13, std: 0.49
Epoch 470, Loss: 0.029879264218277402
Epoch 471 started
Epoch 471, Loss: 0.029617707072695097
Epoch 472 started
Epoch 472, Loss: 0.03023227811720636
Epoch 473 started
Epoch 473, Loss: 0.030270163060559168
Epoch 474 started
Epoch 474, Loss: 0.030135820888148413
Epoch 475 started
generating samples
file name: epoch475
with samples min: -1.01, samples max: 1.05, avg: -0.03, std: 0.39
file name: resultOwn
with samples min: -1.01, samples max: 1.05, avg: -0.03, std: 0.39
file name: dataset_samples
with samples min: -1.00, samples max: 1.00, avg: -0.13, std: 0.49
Epoch 475, Loss: 0.029782067573401662
Epoch 476 started
Epoch 476, Loss: 0.03020033883916007
Epoch 477 started
Epoch 477, Loss: 0.030356575067838034
Epoch 478 started
Epoch 478, Loss: 0.03060486233068837
Epoch 479 started
Epoch 479, Loss: 0.029961394643121295
Epoch 480 started
generating samples
file name: epoch480
with samples min: -1.07, samples max: 1.05, avg: -0.15, std: 0.44
file name: resultOwn
with samples min: -1.07, samples max: 1.05, avg: -0.15, std: 0.44
file name: dataset_samples
with samples min: -1.00, samples max: 1.00, avg: -0.13, std: 0.49
Epoch 480, Loss: 0.03027493514087465
Epoch 481 started
Epoch 481, Loss: 0.03043281863861614
Epoch 482 started
Epoch 482, Loss: 0.030223166955841912
Epoch 483 started
Epoch 483, Loss: 0.03012586258649826
Epoch 484 started
Epoch 484, Loss: 0.03032733921209971
Epoch 485 started
generating samples
file name: epoch485
with samples min: -1.07, samples max: 1.00, avg: -0.20, std: 0.42
file name: resultOwn
with samples min: -1.07, samples max: 1.00, avg: -0.20, std: 0.42
file name: dataset_samples
with samples min: -1.00, samples max: 1.00, avg: -0.13, std: 0.49
Epoch 485, Loss: 0.03058817806839943
Epoch 486 started
Epoch 486, Loss: 0.02982078381313218
Epoch 487 started
Epoch 487, Loss: 0.030133406715260613
Epoch 488 started
Epoch 488, Loss: 0.03028253752787908
Epoch 489 started
Epoch 489, Loss: 0.030144624484909906
Epoch 490 started
generating samples
file name: epoch490
with samples min: -1.12, samples max: 1.09, avg: -0.30, std: 0.45
file name: resultOwn
with samples min: -1.12, samples max: 1.09, avg: -0.30, std: 0.45
file name: dataset_samples
with samples min: -1.00, samples max: 1.00, avg: -0.13, std: 0.49
Epoch 490, Loss: 0.030196440597706372
Epoch 491 started
Epoch 491, Loss: 0.030469530493683287
Epoch 492 started
Epoch 492, Loss: 0.02992583822276857
Epoch 493 started
Epoch 493, Loss: 0.030376772163973914
Epoch 494 started
Epoch 494, Loss: 0.030210913249519137
Epoch 495 started
generating samples
file name: epoch495
with samples min: -1.03, samples max: 1.03, avg: -0.06, std: 0.51
file name: resultOwn
with samples min: -1.03, samples max: 1.03, avg: -0.06, std: 0.51
file name: dataset_samples
with samples min: -1.00, samples max: 1.00, avg: -0.13, std: 0.49
Epoch 495, Loss: 0.030390826902455755
Epoch 496 started
Epoch 496, Loss: 0.029820272962914573
Epoch 497 started
Epoch 497, Loss: 0.03050911833776368
Epoch 498 started
Epoch 498, Loss: 0.029615430758727922
Epoch 499 started
Epoch 499, Loss: 0.030054963547322486
Training complete.
[1;34mwandb[0m:  View run [33mResNetCIFAR10_293703[0m at: [34mhttps://wandb.ai/juliuseg-danmarks-tekniske-universitet-dtu/CIFAR10_wandb/runs/txq4jyhm[0m
[1;34mwandb[0m: Find logs at: [1;35mwandb/run-20241127_125114-txq4jyhm/logs[0m

------------------------------------------------------------
Sender: LSF System <lsfadmin@hpc.dtu.dk>
Subject: Job 23271570: <mnist_training> in cluster <dcc> Done

Job <mnist_training> was submitted from host <n-62-12-19> by user <s204427> in cluster <dcc> at Wed Nov 27 12:51:02 2024
Job was executed on host(s) <4*n-62-18-13>, in queue <gpua100>, as user <s204427> in cluster <dcc> at Wed Nov 27 12:51:03 2024
</zhome/1a/a/156609> was used as the home directory.
</zhome/1a/a/156609/project/path> was used as the working directory.
Started at Wed Nov 27 12:51:03 2024
Terminated at Wed Nov 27 16:11:39 2024
Results reported at Wed Nov 27 16:11:39 2024

Your job looked like:

------------------------------------------------------------
# LSBATCH: User input
# mnist_job.sh
#!/bin/bash
#BSUB -J mnist_training           # Job name
#BSUB -q gpua100                   # Queue name for Tesla A10 GPUs
#BSUB -gpu "num=1"                # Request 1 GPU in exclusive mode
#BSUB -n 4                        # Request 4 CPU cores (required)
#BSUB -R "span[hosts=1]"          # Ensure resources are on a single node
#BSUB -W 48:00                    # Walltime (1 hour)
#BSUB -R "rusage[mem=4096]"       # Request 4GB of system memory
#BSUB -o ./logs/outputLogs/output_%J.log            # Output file
#BSUB -e ./logs/errorLogs/error_%J.log             # Error file

# Load necessary modules
module load python3/3.10.12
module load cuda/12.1

# Set W&B API key (replace with your actual key)
export WANDB_API_KEY="6ecda4c80f57815b4ff4780014d596e19617454c"

# Activate virtual environment
source /zhome/1a/a/156609/project/path/.venv/bin/activate

# Run the PyTorch training script
python3 mainUNetResBlock.py

------------------------------------------------------------

Successfully completed.

Resource usage summary:

    CPU time :                                   12151.00 sec.
    Max Memory :                                 1416 MB
    Average Memory :                             1292.74 MB
    Total Requested Memory :                     16384.00 MB
    Delta Memory :                               14968.00 MB
    Max Swap :                                   -
    Max Processes :                              6
    Max Threads :                                29
    Run time :                                   12115 sec.
    Turnaround time :                            12037 sec.

The output (if any) is above this job summary.



PS:

Read file <./logs/errorLogs/error_23271570.log> for stderr output of this job.

