starting run: CELEBA_283647
Loading 10000 samples from cropped_celeba_bin/data_batch_1
Loading training set
Epoch 0 started
generating samples
file name: epoch0
with samples min: -10.33, samples max: 0.98, avg: -3.01, std: 1.09
file name: resultOwn
with samples min: -10.33, samples max: 0.98, avg: -3.01, std: 1.09
file name: dataset_samples
with samples min: -1.00, samples max: 0.99, avg: 0.03, std: 0.44
Epoch 0, Loss: 0.13753249449862373
Epoch 1 started
generating samples
file name: epoch1
with samples min: -5.51, samples max: 3.46, avg: -0.98, std: 1.29
file name: resultOwn
with samples min: -5.51, samples max: 3.46, avg: -0.98, std: 1.29
file name: dataset_samples
with samples min: -1.00, samples max: 0.99, avg: 0.03, std: 0.44
Epoch 1, Loss: 0.054913924316565194
Epoch 2 started
generating samples
file name: epoch2
with samples min: -2.07, samples max: 1.04, avg: -0.99, std: 0.37
file name: resultOwn
with samples min: -2.07, samples max: 1.04, avg: -0.99, std: 0.37
file name: dataset_samples
with samples min: -1.00, samples max: 0.99, avg: 0.03, std: 0.44
Epoch 2, Loss: 0.043485073841280406
Epoch 3 started
generating samples
file name: epoch3
with samples min: -2.46, samples max: 3.41, avg: 0.62, std: 0.86
file name: resultOwn
with samples min: -2.46, samples max: 3.41, avg: 0.62, std: 0.86
file name: dataset_samples
with samples min: -1.00, samples max: 0.99, avg: 0.03, std: 0.44
Epoch 3, Loss: 0.03751584628224373
Epoch 4 started
generating samples
file name: epoch4
with samples min: -1.12, samples max: 3.15, avg: 1.47, std: 0.54
file name: resultOwn
with samples min: -1.12, samples max: 3.15, avg: 1.47, std: 0.54
file name: dataset_samples
with samples min: -1.00, samples max: 0.99, avg: 0.03, std: 0.44
Epoch 4, Loss: 0.033225383434030746
Epoch 5 started
generating samples
file name: epoch5
with samples min: -1.33, samples max: 1.15, avg: 0.04, std: 0.29
file name: resultOwn
with samples min: -1.33, samples max: 1.15, avg: 0.04, std: 0.29
file name: dataset_samples
with samples min: -1.00, samples max: 0.99, avg: 0.03, std: 0.44
Epoch 5, Loss: 0.030654040502177345
Epoch 6 started
Epoch 6, Loss: 0.027527720876865915
Epoch 7 started
Epoch 7, Loss: 0.026183870731128586
Epoch 8 started
Epoch 8, Loss: 0.024931810602545738
Epoch 9 started
Epoch 9, Loss: 0.02571127404106988
Epoch 10 started
generating samples
file name: epoch10
with samples min: -1.19, samples max: 1.45, avg: 0.40, std: 0.49
file name: resultOwn
with samples min: -1.19, samples max: 1.45, avg: 0.40, std: 0.49
file name: dataset_samples
with samples min: -1.00, samples max: 0.99, avg: 0.03, std: 0.44
Epoch 10, Loss: 0.022751995325088502
Epoch 11 started
Epoch 11, Loss: 0.022123151083787283
Epoch 12 started
Epoch 12, Loss: 0.021740449262989892
Epoch 13 started
Epoch 13, Loss: 0.02161470472150379
Epoch 14 started
Epoch 14, Loss: 0.02098367740213871
Epoch 15 started
generating samples
file name: epoch15
with samples min: -1.09, samples max: 0.96, avg: -0.17, std: 0.32
file name: resultOwn
with samples min: -1.09, samples max: 0.96, avg: -0.17, std: 0.32
file name: dataset_samples
with samples min: -1.00, samples max: 0.99, avg: 0.03, std: 0.44
Epoch 15, Loss: 0.02041245496273041
Epoch 16 started
Epoch 16, Loss: 0.02044423123035166
Epoch 17 started
Epoch 17, Loss: 0.019678722314536573
Epoch 18 started
Epoch 18, Loss: 0.018937843709356254
Epoch 19 started
Epoch 19, Loss: 0.018584182154801156
Epoch 20 started
generating samples
file name: epoch20
with samples min: -1.26, samples max: 1.29, avg: 0.07, std: 0.56
file name: resultOwn
with samples min: -1.26, samples max: 1.29, avg: 0.07, std: 0.56
file name: dataset_samples
with samples min: -1.00, samples max: 0.99, avg: 0.03, std: 0.44
Epoch 20, Loss: 0.019036799628701476
Epoch 21 started
Epoch 21, Loss: 0.0185720756219493
Epoch 22 started
Epoch 22, Loss: 0.01777338501645459
Epoch 23 started
Epoch 23, Loss: 0.018275328871276645
Epoch 24 started
Epoch 24, Loss: 0.01811350530717108
Epoch 25 started
generating samples
file name: epoch25
with samples min: -1.21, samples max: 1.30, avg: -0.06, std: 0.58
file name: resultOwn
with samples min: -1.21, samples max: 1.30, avg: -0.06, std: 0.58
file name: dataset_samples
with samples min: -1.00, samples max: 0.99, avg: 0.03, std: 0.44
Epoch 25, Loss: 0.0174648160263896
Epoch 26 started
Epoch 26, Loss: 0.017498947398530112
Epoch 27 started
Epoch 27, Loss: 0.017053814460833868
Epoch 28 started
Epoch 28, Loss: 0.017617054020365078
Epoch 29 started
Epoch 29, Loss: 0.01664469340443611
Epoch 30 started
generating samples
file name: epoch30
with samples min: -1.21, samples max: 1.25, avg: 0.14, std: 0.49
file name: resultOwn
with samples min: -1.21, samples max: 1.25, avg: 0.14, std: 0.49
file name: dataset_samples
with samples min: -1.00, samples max: 0.99, avg: 0.03, std: 0.44
Epoch 30, Loss: 0.01687978852705823
Epoch 31 started
Epoch 31, Loss: 0.016433642548819384
Epoch 32 started
Epoch 32, Loss: 0.01698637587328752
Epoch 33 started
Epoch 33, Loss: 0.01629717863765028
Epoch 34 started
Epoch 34, Loss: 0.01710071422656377
Epoch 35 started
generating samples
file name: epoch35
with samples min: -1.18, samples max: 1.18, avg: 0.06, std: 0.45
file name: resultOwn
with samples min: -1.18, samples max: 1.18, avg: 0.06, std: 0.45
file name: dataset_samples
with samples min: -1.00, samples max: 0.99, avg: 0.03, std: 0.44
Epoch 35, Loss: 0.017162338410814604
Epoch 36 started
Epoch 36, Loss: 0.016150584869914584
Epoch 37 started
Epoch 37, Loss: 0.01573282700528701
Epoch 38 started
Epoch 38, Loss: 0.015488782273398505
Epoch 39 started
Epoch 39, Loss: 0.01568530421455701
Epoch 40 started
generating samples
file name: epoch40
with samples min: -1.19, samples max: 0.68, avg: -0.90, std: 0.21
file name: resultOwn
with samples min: -1.19, samples max: 0.68, avg: -0.90, std: 0.21
file name: dataset_samples
with samples min: -1.00, samples max: 0.99, avg: 0.03, std: 0.44
Epoch 40, Loss: 0.015560504858692486
Epoch 41 started
Epoch 41, Loss: 0.015213065781527096
Epoch 42 started
Epoch 42, Loss: 0.01495839032365216
Epoch 43 started
Epoch 43, Loss: 0.015230935087634458
Epoch 44 started
Epoch 44, Loss: 0.015468880583842595
Epoch 45 started
generating samples
file name: epoch45
with samples min: -1.08, samples max: 1.32, avg: -0.36, std: 0.36
file name: resultOwn
with samples min: -1.08, samples max: 1.32, avg: -0.36, std: 0.36
file name: dataset_samples
with samples min: -1.00, samples max: 0.99, avg: 0.03, std: 0.44
Epoch 45, Loss: 0.015381167807512813
Epoch 46 started
Epoch 46, Loss: 0.014739993657502863
Epoch 47 started
Epoch 47, Loss: 0.015538543401492966
Epoch 48 started
Epoch 48, Loss: 0.015456868199838531
Epoch 49 started
Epoch 49, Loss: 0.01462908845477634
Epoch 50 started
generating samples
file name: epoch50
with samples min: -1.01, samples max: 1.27, avg: 0.31, std: 0.34
file name: resultOwn
with samples min: -1.01, samples max: 1.27, avg: 0.31, std: 0.34
file name: dataset_samples
with samples min: -1.00, samples max: 0.99, avg: 0.03, std: 0.44
Epoch 50, Loss: 0.014980555595623122
Epoch 51 started
Epoch 51, Loss: 0.014799910441868834
Epoch 52 started
Epoch 52, Loss: 0.015180124870604939
Epoch 53 started
Epoch 53, Loss: 0.014944765268928475
Epoch 54 started
Epoch 54, Loss: 0.015342398608724276
Epoch 55 started
generating samples
file name: epoch55
with samples min: -1.08, samples max: 1.24, avg: 0.31, std: 0.44
file name: resultOwn
with samples min: -1.08, samples max: 1.24, avg: 0.31, std: 0.44
file name: dataset_samples
with samples min: -1.00, samples max: 0.99, avg: 0.03, std: 0.44
Epoch 55, Loss: 0.015417096696794034
Epoch 56 started
Epoch 56, Loss: 0.01475776917570167
Epoch 57 started
Epoch 57, Loss: 0.014482916595207321
Epoch 58 started
Epoch 58, Loss: 0.014523592034975687
Epoch 59 started
Epoch 59, Loss: 0.014221046965983178
Epoch 60 started
generating samples
file name: epoch60
with samples min: -1.08, samples max: 0.92, avg: -0.21, std: 0.41
file name: resultOwn
with samples min: -1.08, samples max: 0.92, avg: -0.21, std: 0.41
file name: dataset_samples
with samples min: -1.00, samples max: 0.99, avg: 0.03, std: 0.44
Epoch 60, Loss: 0.014694725475377507
Epoch 61 started
Epoch 61, Loss: 0.014916126711501016
Epoch 62 started
Epoch 62, Loss: 0.014506508550710149
Epoch 63 started
Epoch 63, Loss: 0.015377487503819995
Epoch 64 started
Epoch 64, Loss: 0.015129421815276146
Epoch 65 started
generating samples
file name: epoch65
with samples min: -0.98, samples max: 1.18, avg: 0.56, std: 0.39
file name: resultOwn
with samples min: -0.98, samples max: 1.18, avg: 0.56, std: 0.39
file name: dataset_samples
with samples min: -1.00, samples max: 0.99, avg: 0.03, std: 0.44
Epoch 65, Loss: 0.014720597118967109
Epoch 66 started
Epoch 66, Loss: 0.014418296857840485
Epoch 67 started
Epoch 67, Loss: 0.015115033007330365
Epoch 68 started
Epoch 68, Loss: 0.014304492650760545
Epoch 69 started
Epoch 69, Loss: 0.014339786051876016
Epoch 70 started
generating samples
file name: epoch70
with samples min: -1.12, samples max: 0.74, avg: -0.52, std: 0.37
file name: resultOwn
with samples min: -1.12, samples max: 0.74, avg: -0.52, std: 0.37
file name: dataset_samples
with samples min: -1.00, samples max: 0.99, avg: 0.03, std: 0.44
Epoch 70, Loss: 0.01459903775817818
Epoch 71 started
Epoch 71, Loss: 0.014701314797831906
Epoch 72 started
Epoch 72, Loss: 0.015056093744933606
Epoch 73 started
Epoch 73, Loss: 0.01406834117240376
Epoch 74 started
Epoch 74, Loss: 0.013412125392920441
Epoch 75 started
generating samples
file name: epoch75
with samples min: -1.22, samples max: 1.10, avg: 0.09, std: 0.57
file name: resultOwn
with samples min: -1.22, samples max: 1.10, avg: 0.09, std: 0.57
file name: dataset_samples
with samples min: -1.00, samples max: 0.99, avg: 0.03, std: 0.44
Epoch 75, Loss: 0.014102786228888565
Epoch 76 started
Epoch 76, Loss: 0.01431704085982508
Epoch 77 started
Epoch 77, Loss: 0.014221163321700361
Epoch 78 started
Epoch 78, Loss: 0.01390569001229273
Epoch 79 started
Epoch 79, Loss: 0.013833833994964758
Epoch 80 started
generating samples
file name: epoch80
with samples min: -0.95, samples max: 1.27, avg: 0.58, std: 0.36
file name: resultOwn
with samples min: -0.95, samples max: 1.27, avg: 0.58, std: 0.36
file name: dataset_samples
with samples min: -1.00, samples max: 0.99, avg: 0.03, std: 0.44
Epoch 80, Loss: 0.013940560695197847
Epoch 81 started
Epoch 81, Loss: 0.013881868559453222
Epoch 82 started
Epoch 82, Loss: 0.014254040073603392
Epoch 83 started
Epoch 83, Loss: 0.014144441773494085
Epoch 84 started
Epoch 84, Loss: 0.013938161166177855
Epoch 85 started
generating samples
file name: epoch85
with samples min: -1.16, samples max: 1.24, avg: 0.50, std: 0.49
file name: resultOwn
with samples min: -1.16, samples max: 1.24, avg: 0.50, std: 0.49
file name: dataset_samples
with samples min: -1.00, samples max: 0.99, avg: 0.03, std: 0.44
Epoch 85, Loss: 0.013866965298851331
Epoch 86 started
Epoch 86, Loss: 0.014185967791411612
Epoch 87 started
Epoch 87, Loss: 0.01458022138931685
Epoch 88 started
Epoch 88, Loss: 0.013721475722061264
Epoch 89 started
Epoch 89, Loss: 0.014001398912734456
Epoch 90 started
generating samples
file name: epoch90
with samples min: -1.05, samples max: 1.34, avg: 0.63, std: 0.45
file name: resultOwn
with samples min: -1.05, samples max: 1.34, avg: 0.63, std: 0.45
file name: dataset_samples
with samples min: -1.00, samples max: 0.99, avg: 0.03, std: 0.44
Epoch 90, Loss: 0.013228746587203608
Epoch 91 started
Epoch 91, Loss: 0.013773469645116065
Epoch 92 started
Epoch 92, Loss: 0.013529009060727225
Epoch 93 started
Epoch 93, Loss: 0.013516041648056773
Epoch 94 started
Epoch 94, Loss: 0.014170230401886834
Epoch 95 started
generating samples
file name: epoch95
with samples min: -1.04, samples max: 1.20, avg: 0.27, std: 0.46
file name: resultOwn
with samples min: -1.04, samples max: 1.20, avg: 0.27, std: 0.46
file name: dataset_samples
with samples min: -1.00, samples max: 0.99, avg: 0.03, std: 0.44
Epoch 95, Loss: 0.013792398639851147
Epoch 96 started
Epoch 96, Loss: 0.01404478529592355
Epoch 97 started
Epoch 97, Loss: 0.0136467238780525
Epoch 98 started
Epoch 98, Loss: 0.013782424891160595
Epoch 99 started
Epoch 99, Loss: 0.013425690620309776
Epoch 100 started
generating samples
file name: epoch100
with samples min: -1.07, samples max: 1.17, avg: -0.00, std: 0.51
file name: resultOwn
with samples min: -1.07, samples max: 1.17, avg: -0.00, std: 0.51
file name: dataset_samples
with samples min: -1.00, samples max: 0.99, avg: 0.03, std: 0.44
Epoch 100, Loss: 0.013758008670475748
Epoch 101 started
Epoch 101, Loss: 0.013332564108901554
Epoch 102 started
Epoch 102, Loss: 0.013921133561266794
Epoch 103 started
Epoch 103, Loss: 0.013179601278983884
Epoch 104 started
Epoch 104, Loss: 0.013794220604002476
Epoch 105 started
generating samples
file name: epoch105
with samples min: -1.11, samples max: 1.12, avg: 0.16, std: 0.48
file name: resultOwn
with samples min: -1.11, samples max: 1.12, avg: 0.16, std: 0.48
file name: dataset_samples
with samples min: -1.00, samples max: 0.99, avg: 0.03, std: 0.44
Epoch 105, Loss: 0.013480652896066507
Epoch 106 started
Epoch 106, Loss: 0.013625667155616814
Epoch 107 started
Epoch 107, Loss: 0.013357876812418302
Epoch 108 started
Epoch 108, Loss: 0.013754011668264865
Epoch 109 started
Epoch 109, Loss: 0.013968867623143725
Epoch 110 started
generating samples
file name: epoch110
with samples min: -1.08, samples max: 1.04, avg: -0.33, std: 0.44
file name: resultOwn
with samples min: -1.08, samples max: 1.04, avg: -0.33, std: 0.44
file name: dataset_samples
with samples min: -1.00, samples max: 0.99, avg: 0.03, std: 0.44
Epoch 110, Loss: 0.013311390449603399
Epoch 111 started
Epoch 111, Loss: 0.013209291211432881
Epoch 112 started
Epoch 112, Loss: 0.013448973356021776
Epoch 113 started
Epoch 113, Loss: 0.01353505538817909
Epoch 114 started
Epoch 114, Loss: 0.013607072377370464
Epoch 115 started
generating samples
file name: epoch115
with samples min: -1.12, samples max: 0.93, avg: -0.64, std: 0.35
file name: resultOwn
with samples min: -1.12, samples max: 0.93, avg: -0.64, std: 0.35
file name: dataset_samples
with samples min: -1.00, samples max: 0.99, avg: 0.03, std: 0.44
Epoch 115, Loss: 0.013457373630669381
Epoch 116 started
Epoch 116, Loss: 0.014090017297201687
Epoch 117 started
Epoch 117, Loss: 0.013656347087687917
Epoch 118 started
Epoch 118, Loss: 0.014004524692893029
Epoch 119 started
Epoch 119, Loss: 0.01343606687254376
Epoch 120 started
generating samples
file name: epoch120
with samples min: -1.11, samples max: 1.07, avg: -0.01, std: 0.45
file name: resultOwn
with samples min: -1.11, samples max: 1.07, avg: -0.01, std: 0.45
file name: dataset_samples
with samples min: -1.00, samples max: 0.99, avg: 0.03, std: 0.44
Epoch 120, Loss: 0.01316046724965175
Epoch 121 started
Epoch 121, Loss: 0.013431215192708705
Epoch 122 started
Epoch 122, Loss: 0.01330361089358727
Epoch 123 started
Epoch 123, Loss: 0.013448692599518431
Epoch 124 started
Epoch 124, Loss: 0.013509107927481334
Epoch 125 started
generating samples
file name: epoch125
with samples min: -1.12, samples max: 1.12, avg: -0.23, std: 0.49
file name: resultOwn
with samples min: -1.12, samples max: 1.12, avg: -0.23, std: 0.49
file name: dataset_samples
with samples min: -1.00, samples max: 0.99, avg: 0.03, std: 0.44
Epoch 125, Loss: 0.013703587716652288
Epoch 126 started
Epoch 126, Loss: 0.013687317339082558
Epoch 127 started
Epoch 127, Loss: 0.013287865703304608
Epoch 128 started
Epoch 128, Loss: 0.013361524793008964
Epoch 129 started
Epoch 129, Loss: 0.013177207039462195
Epoch 130 started
generating samples
file name: epoch130
with samples min: -1.11, samples max: 1.07, avg: -0.07, std: 0.52
file name: resultOwn
with samples min: -1.11, samples max: 1.07, avg: -0.07, std: 0.52
file name: dataset_samples
with samples min: -1.00, samples max: 0.99, avg: 0.03, std: 0.44
Epoch 130, Loss: 0.013411832659608788
Epoch 131 started
Epoch 131, Loss: 0.013449381198320124
Epoch 132 started
Epoch 132, Loss: 0.013645805964867273
Epoch 133 started
Epoch 133, Loss: 0.012733791281779608
Epoch 134 started
Epoch 134, Loss: 0.01285300321297513
Epoch 135 started
generating samples
file name: epoch135
with samples min: -1.08, samples max: 1.07, avg: 0.07, std: 0.46
file name: resultOwn
with samples min: -1.08, samples max: 1.07, avg: 0.07, std: 0.46
file name: dataset_samples
with samples min: -1.00, samples max: 0.99, avg: 0.03, std: 0.44
Epoch 135, Loss: 0.012949777944220437
Epoch 136 started
Epoch 136, Loss: 0.013105796419911914
Epoch 137 started
Epoch 137, Loss: 0.01283798564804925
Epoch 138 started
Epoch 138, Loss: 0.013080511634548505
Epoch 139 started
Epoch 139, Loss: 0.013259922663370768
Epoch 140 started
generating samples
file name: epoch140
with samples min: -1.04, samples max: 1.10, avg: -0.02, std: 0.46
file name: resultOwn
with samples min: -1.04, samples max: 1.10, avg: -0.02, std: 0.46
file name: dataset_samples
with samples min: -1.00, samples max: 0.99, avg: 0.03, std: 0.44
Epoch 140, Loss: 0.012854267430802186
Epoch 141 started
Epoch 141, Loss: 0.01347156005932225
Epoch 142 started
Epoch 142, Loss: 0.013096593353483413
Epoch 143 started
Epoch 143, Loss: 0.012633313283738163
Epoch 144 started
Epoch 144, Loss: 0.013547368851800759
Epoch 145 started
generating samples
file name: epoch145
with samples min: -1.08, samples max: 1.15, avg: 0.24, std: 0.39
file name: resultOwn
with samples min: -1.08, samples max: 1.15, avg: 0.24, std: 0.39
file name: dataset_samples
with samples min: -1.00, samples max: 0.99, avg: 0.03, std: 0.44
Epoch 145, Loss: 0.013360570314857694
Epoch 146 started
Epoch 146, Loss: 0.012985408277147345
Epoch 147 started
Epoch 147, Loss: 0.013482995582123597
Epoch 148 started
Epoch 148, Loss: 0.012857801938222514
Epoch 149 started
Epoch 149, Loss: 0.013410408954653475
Epoch 150 started
generating samples
file name: epoch150
with samples min: -1.08, samples max: 1.11, avg: 0.31, std: 0.49
file name: resultOwn
with samples min: -1.08, samples max: 1.11, avg: 0.31, std: 0.49
file name: dataset_samples
with samples min: -1.00, samples max: 0.99, avg: 0.03, std: 0.44
Epoch 150, Loss: 0.01331646849297815
Epoch 151 started
Epoch 151, Loss: 0.01318593957192368
Epoch 152 started
Epoch 152, Loss: 0.012971492199434175
Epoch 153 started
Epoch 153, Loss: 0.012968007675475544
Epoch 154 started
Epoch 154, Loss: 0.013333177169164021
Epoch 155 started
generating samples
file name: epoch155
with samples min: -1.10, samples max: 1.25, avg: 0.48, std: 0.46
file name: resultOwn
with samples min: -1.10, samples max: 1.25, avg: 0.48, std: 0.46
file name: dataset_samples
with samples min: -1.00, samples max: 0.99, avg: 0.03, std: 0.44
Epoch 155, Loss: 0.012884673581355147
Epoch 156 started
Epoch 156, Loss: 0.013905760603232516
Epoch 157 started
Epoch 157, Loss: 0.013087738436129358
Epoch 158 started
Epoch 158, Loss: 0.013248104686538378
Epoch 159 started
Epoch 159, Loss: 0.01265912523948484
Epoch 160 started
generating samples
file name: epoch160
with samples min: -0.99, samples max: 1.18, avg: 0.44, std: 0.44
file name: resultOwn
with samples min: -0.99, samples max: 1.18, avg: 0.44, std: 0.44
file name: dataset_samples
with samples min: -1.00, samples max: 0.99, avg: 0.03, std: 0.44
Epoch 160, Loss: 0.01355166245996952
Epoch 161 started
Epoch 161, Loss: 0.013312039092183113
Epoch 162 started
Epoch 162, Loss: 0.012570099669198195
Epoch 163 started
Epoch 163, Loss: 0.012557720330854257
Epoch 164 started
Epoch 164, Loss: 0.013134257883661323
Epoch 165 started
generating samples
file name: epoch165
with samples min: -1.08, samples max: 1.06, avg: -0.20, std: 0.47
file name: resultOwn
with samples min: -1.08, samples max: 1.06, avg: -0.20, std: 0.47
file name: dataset_samples
with samples min: -1.00, samples max: 0.99, avg: 0.03, std: 0.44
Epoch 165, Loss: 0.01253672790278991
Epoch 166 started
Epoch 166, Loss: 0.012532044961220689
Epoch 167 started
Epoch 167, Loss: 0.013643887693683306
Epoch 168 started
Epoch 168, Loss: 0.013616538269652262
Epoch 169 started
Epoch 169, Loss: 0.01342331460946136
Epoch 170 started
generating samples
file name: epoch170
with samples min: -1.07, samples max: 1.09, avg: -0.20, std: 0.46
file name: resultOwn
with samples min: -1.07, samples max: 1.09, avg: -0.20, std: 0.46
file name: dataset_samples
with samples min: -1.00, samples max: 0.99, avg: 0.03, std: 0.44
Epoch 170, Loss: 0.01280368250194523
Epoch 171 started
Epoch 171, Loss: 0.012989479172560903
Epoch 172 started
Epoch 172, Loss: 0.012925584198700057
Epoch 173 started
Epoch 173, Loss: 0.01297720955643389
Epoch 174 started
Epoch 174, Loss: 0.013236056160595682
Epoch 175 started
generating samples
file name: epoch175
with samples min: -1.06, samples max: 1.12, avg: 0.03, std: 0.46
file name: resultOwn
with samples min: -1.06, samples max: 1.12, avg: 0.03, std: 0.46
file name: dataset_samples
with samples min: -1.00, samples max: 0.99, avg: 0.03, std: 0.44
Epoch 175, Loss: 0.012540747329592705
Epoch 176 started
Epoch 176, Loss: 0.012669057004153729
Epoch 177 started
Epoch 177, Loss: 0.012119939467973179
Epoch 178 started
Epoch 178, Loss: 0.013064892931116952
Epoch 179 started
Epoch 179, Loss: 0.013027451241181957
Epoch 180 started
generating samples
file name: epoch180
with samples min: -1.07, samples max: 1.07, avg: -0.04, std: 0.49
file name: resultOwn
with samples min: -1.07, samples max: 1.07, avg: -0.04, std: 0.49
file name: dataset_samples
with samples min: -1.00, samples max: 0.99, avg: 0.03, std: 0.44
Epoch 180, Loss: 0.012313416382504834
Epoch 181 started
Epoch 181, Loss: 0.013296074608961742
Epoch 182 started
Epoch 182, Loss: 0.01274869625808464
Epoch 183 started
Epoch 183, Loss: 0.013461916029453277
Epoch 184 started
Epoch 184, Loss: 0.01319712495803833
Epoch 185 started
generating samples
file name: epoch185
with samples min: -1.13, samples max: 1.07, avg: -0.49, std: 0.32
file name: resultOwn
with samples min: -1.13, samples max: 1.07, avg: -0.49, std: 0.32
file name: dataset_samples
with samples min: -1.00, samples max: 0.99, avg: 0.03, std: 0.44
Epoch 185, Loss: 0.012847811831368341
Epoch 186 started
Epoch 186, Loss: 0.012526529614296225
Epoch 187 started
Epoch 187, Loss: 0.012777668277422587
Epoch 188 started
Epoch 188, Loss: 0.012873983898096615
Epoch 189 started
Epoch 189, Loss: 0.013085302956402301
Epoch 190 started
generating samples
file name: epoch190
with samples min: -1.15, samples max: 1.21, avg: 0.35, std: 0.53
file name: resultOwn
with samples min: -1.15, samples max: 1.21, avg: 0.35, std: 0.53
file name: dataset_samples
with samples min: -1.00, samples max: 0.99, avg: 0.03, std: 0.44
Epoch 190, Loss: 0.013334569305181503
Epoch 191 started
Epoch 191, Loss: 0.013242073960602284
Epoch 192 started
Epoch 192, Loss: 0.01284648346238666
Epoch 193 started
Epoch 193, Loss: 0.013286370597779752
Epoch 194 started
Epoch 194, Loss: 0.013232940732604927
Epoch 195 started
generating samples
file name: epoch195
with samples min: -1.11, samples max: 1.02, avg: -0.60, std: 0.40
file name: resultOwn
with samples min: -1.11, samples max: 1.02, avg: -0.60, std: 0.40
file name: dataset_samples
with samples min: -1.00, samples max: 0.99, avg: 0.03, std: 0.44
Epoch 195, Loss: 0.013310889810323715
Epoch 196 started
Epoch 196, Loss: 0.012931315983335178
Epoch 197 started
Epoch 197, Loss: 0.013347199830744002
Epoch 198 started
Epoch 198, Loss: 0.012847612621055708
Epoch 199 started
Epoch 199, Loss: 0.01288528219030963
Epoch 200 started
generating samples
file name: epoch200
with samples min: -1.00, samples max: 1.14, avg: 0.24, std: 0.45
file name: resultOwn
with samples min: -1.00, samples max: 1.14, avg: 0.24, std: 0.45
file name: dataset_samples
with samples min: -1.00, samples max: 0.99, avg: 0.03, std: 0.44
Epoch 200, Loss: 0.012772356643444963
Epoch 201 started
Epoch 201, Loss: 0.012841629858646128
Epoch 202 started
Epoch 202, Loss: 0.012414044992791282
Epoch 203 started
Epoch 203, Loss: 0.013145710843304794
Epoch 204 started
Epoch 204, Loss: 0.012790215397874513
Epoch 205 started
generating samples
file name: epoch205
with samples min: -1.04, samples max: 1.08, avg: 0.38, std: 0.44
file name: resultOwn
with samples min: -1.04, samples max: 1.08, avg: 0.38, std: 0.44
file name: dataset_samples
with samples min: -1.00, samples max: 0.99, avg: 0.03, std: 0.44
Epoch 205, Loss: 0.012363760613732868
Epoch 206 started
Epoch 206, Loss: 0.01295589793804619
Epoch 207 started
Epoch 207, Loss: 0.012825190563996633
Epoch 208 started
Epoch 208, Loss: 0.01346979327665435
Epoch 209 started
Epoch 209, Loss: 0.0130162412987815
Epoch 210 started
generating samples
file name: epoch210
with samples min: -1.03, samples max: 1.00, avg: -0.10, std: 0.37
file name: resultOwn
with samples min: -1.03, samples max: 1.00, avg: -0.10, std: 0.37
file name: dataset_samples
with samples min: -1.00, samples max: 0.99, avg: 0.03, std: 0.44
Epoch 210, Loss: 0.012460549790826109
Epoch 211 started
Epoch 211, Loss: 0.012852964763012197
Epoch 212 started
Epoch 212, Loss: 0.012755467331243886
Epoch 213 started
Epoch 213, Loss: 0.012650176608728038
Epoch 214 started
Epoch 214, Loss: 0.012084195675121413
Epoch 215 started
generating samples
file name: epoch215
with samples min: -1.01, samples max: 1.11, avg: 0.31, std: 0.35
file name: resultOwn
with samples min: -1.01, samples max: 1.11, avg: 0.31, std: 0.35
file name: dataset_samples
with samples min: -1.00, samples max: 0.99, avg: 0.03, std: 0.44
Epoch 215, Loss: 0.012983836619390381
Epoch 216 started
Epoch 216, Loss: 0.012718164191477829
Epoch 217 started
Epoch 217, Loss: 0.012784067238370578
Epoch 218 started
Epoch 218, Loss: 0.012648081081608932
Epoch 219 started
Epoch 219, Loss: 0.012845597467074792
Epoch 220 started
generating samples
file name: epoch220
with samples min: -1.08, samples max: 1.02, avg: -0.35, std: 0.45
file name: resultOwn
with samples min: -1.08, samples max: 1.02, avg: -0.35, std: 0.45
file name: dataset_samples
with samples min: -1.00, samples max: 0.99, avg: 0.03, std: 0.44
Epoch 220, Loss: 0.011999929577112198
Epoch 221 started
Epoch 221, Loss: 0.012386655107140541
Epoch 222 started
Epoch 222, Loss: 0.012470578844348589
Epoch 223 started
Epoch 223, Loss: 0.01270041677272982
Epoch 224 started
Epoch 224, Loss: 0.012286117089291414
Epoch 225 started
generating samples
file name: epoch225
with samples min: -1.07, samples max: 1.10, avg: 0.04, std: 0.46
file name: resultOwn
with samples min: -1.07, samples max: 1.10, avg: 0.04, std: 0.46
file name: dataset_samples
with samples min: -1.00, samples max: 0.99, avg: 0.03, std: 0.44
Epoch 225, Loss: 0.01349869770473904
Epoch 226 started
Epoch 226, Loss: 0.012469476792547438
Epoch 227 started
Epoch 227, Loss: 0.012652950182557106
Epoch 228 started
Epoch 228, Loss: 0.012260595198306773
Epoch 229 started
Epoch 229, Loss: 0.012831847075786856
Epoch 230 started
generating samples
file name: epoch230
with samples min: -1.10, samples max: 1.10, avg: 0.10, std: 0.56
file name: resultOwn
with samples min: -1.10, samples max: 1.10, avg: 0.10, std: 0.56
file name: dataset_samples
with samples min: -1.00, samples max: 0.99, avg: 0.03, std: 0.44
Epoch 230, Loss: 0.013223832931783464
Epoch 231 started
Epoch 231, Loss: 0.012541214144892163
Epoch 232 started
Epoch 232, Loss: 0.012778911002808147
Epoch 233 started
Epoch 233, Loss: 0.011800513488550981
Epoch 234 started
Epoch 234, Loss: 0.012828197580244807
Epoch 235 started
generating samples
file name: epoch235
with samples min: -1.11, samples max: 1.24, avg: 0.37, std: 0.53
file name: resultOwn
with samples min: -1.11, samples max: 1.24, avg: 0.37, std: 0.53
file name: dataset_samples
with samples min: -1.00, samples max: 0.99, avg: 0.03, std: 0.44
Epoch 235, Loss: 0.012656796520782842
Epoch 236 started
Epoch 236, Loss: 0.012367281074325243
Epoch 237 started
Epoch 237, Loss: 0.012813909629980724
Epoch 238 started
Epoch 238, Loss: 0.01296294995976819
Epoch 239 started
Epoch 239, Loss: 0.012224112500747045
Epoch 240 started
generating samples
file name: epoch240
with samples min: -1.08, samples max: 1.06, avg: 0.07, std: 0.38
file name: resultOwn
with samples min: -1.08, samples max: 1.06, avg: 0.07, std: 0.38
file name: dataset_samples
with samples min: -1.00, samples max: 0.99, avg: 0.03, std: 0.44
Epoch 240, Loss: 0.012496552651955022
Epoch 241 started
Epoch 241, Loss: 0.012472416498594813
Epoch 242 started
Epoch 242, Loss: 0.012482899463839
Epoch 243 started
Epoch 243, Loss: 0.01302758604950375
Epoch 244 started
Epoch 244, Loss: 0.012410450468460718
Epoch 245 started
generating samples
file name: epoch245
with samples min: -1.07, samples max: 1.03, avg: -0.41, std: 0.37
file name: resultOwn
with samples min: -1.07, samples max: 1.03, avg: -0.41, std: 0.37
file name: dataset_samples
with samples min: -1.00, samples max: 0.99, avg: 0.03, std: 0.44
Epoch 245, Loss: 0.012574125391327672
Epoch 246 started
Epoch 246, Loss: 0.012841125351687273
Epoch 247 started
Epoch 247, Loss: 0.011837800327274535
Epoch 248 started
Epoch 248, Loss: 0.012832551078663932
Epoch 249 started
Epoch 249, Loss: 0.012170583591692978
Epoch 250 started
generating samples
file name: epoch250
with samples min: -1.09, samples max: 0.98, avg: -0.40, std: 0.50
file name: resultOwn
with samples min: -1.09, samples max: 0.98, avg: -0.40, std: 0.50
file name: dataset_samples
with samples min: -1.00, samples max: 0.99, avg: 0.03, std: 0.44
Epoch 250, Loss: 0.011992488579617606
Epoch 251 started
Epoch 251, Loss: 0.012600697539746762
Epoch 252 started
Epoch 252, Loss: 0.012357630117072
Epoch 253 started
Epoch 253, Loss: 0.01301733325752947
Epoch 254 started
Epoch 254, Loss: 0.012277601046694649
Epoch 255 started
generating samples
file name: epoch255
with samples min: -1.14, samples max: 1.01, avg: -0.27, std: 0.52
file name: resultOwn
with samples min: -1.14, samples max: 1.01, avg: -0.27, std: 0.52
file name: dataset_samples
with samples min: -1.00, samples max: 0.99, avg: 0.03, std: 0.44
Epoch 255, Loss: 0.012376246352990469
Epoch 256 started
Epoch 256, Loss: 0.012576018828484747
Epoch 257 started
Epoch 257, Loss: 0.012435711410310534
Epoch 258 started
Epoch 258, Loss: 0.012772389562593566
Epoch 259 started
Epoch 259, Loss: 0.01281849347634448
Epoch 260 started
generating samples
file name: epoch260
with samples min: -1.08, samples max: 1.08, avg: 0.05, std: 0.47
file name: resultOwn
with samples min: -1.08, samples max: 1.08, avg: 0.05, std: 0.47
file name: dataset_samples
with samples min: -1.00, samples max: 0.99, avg: 0.03, std: 0.44
Epoch 260, Loss: 0.013070302758779791
Epoch 261 started
Epoch 261, Loss: 0.012982974845502112
Epoch 262 started
Epoch 262, Loss: 0.011937148491541545
Epoch 263 started
Epoch 263, Loss: 0.012220185341934362
Epoch 264 started
Epoch 264, Loss: 0.01275767929189735
Epoch 265 started
generating samples
file name: epoch265
with samples min: -1.03, samples max: 1.27, avg: 0.77, std: 0.38
file name: resultOwn
with samples min: -1.03, samples max: 1.27, avg: 0.77, std: 0.38
file name: dataset_samples
with samples min: -1.00, samples max: 0.99, avg: 0.03, std: 0.44
Epoch 265, Loss: 0.0127782498250405
Epoch 266 started
Epoch 266, Loss: 0.012723750462962521
Epoch 267 started
Epoch 267, Loss: 0.012887570629517238
Epoch 268 started
Epoch 268, Loss: 0.012433384434216552
Epoch 269 started
Epoch 269, Loss: 0.01186866047233343
Epoch 270 started
generating samples
file name: epoch270
with samples min: -1.05, samples max: 1.05, avg: -0.22, std: 0.47
file name: resultOwn
with samples min: -1.05, samples max: 1.05, avg: -0.22, std: 0.47
file name: dataset_samples
with samples min: -1.00, samples max: 0.99, avg: 0.03, std: 0.44
Epoch 270, Loss: 0.012505856812000275
Epoch 271 started
Epoch 271, Loss: 0.01267033295167817
Epoch 272 started
Epoch 272, Loss: 0.012415002696216107
Epoch 273 started
Epoch 273, Loss: 0.012835420255859693
Epoch 274 started
Epoch 274, Loss: 0.012752092803517977
Epoch 275 started
generating samples
file name: epoch275
with samples min: -1.13, samples max: 1.08, avg: 0.05, std: 0.50
file name: resultOwn
with samples min: -1.13, samples max: 1.08, avg: 0.05, std: 0.50
file name: dataset_samples
with samples min: -1.00, samples max: 0.99, avg: 0.03, std: 0.44
Epoch 275, Loss: 0.012829861515098148
Epoch 276 started
Epoch 276, Loss: 0.01271485332813528
Epoch 277 started
Epoch 277, Loss: 0.01222497617536121
Epoch 278 started
Epoch 278, Loss: 0.012328484025680356
Epoch 279 started
Epoch 279, Loss: 0.012397452423969904
Epoch 280 started
generating samples
file name: epoch280
with samples min: -1.09, samples max: 1.11, avg: 0.18, std: 0.50
file name: resultOwn
with samples min: -1.09, samples max: 1.11, avg: 0.18, std: 0.50
file name: dataset_samples
with samples min: -1.00, samples max: 0.99, avg: 0.03, std: 0.44
Epoch 280, Loss: 0.012941907063954407
Epoch 281 started
Epoch 281, Loss: 0.012019680419729815
Epoch 282 started
Epoch 282, Loss: 0.012571287137766679
Epoch 283 started
Epoch 283, Loss: 0.012245913966662353
Epoch 284 started
Epoch 284, Loss: 0.01242052867056595
Epoch 285 started
generating samples
file name: epoch285
with samples min: -1.04, samples max: 1.10, avg: -0.10, std: 0.49
file name: resultOwn
with samples min: -1.04, samples max: 1.10, avg: -0.10, std: 0.49
file name: dataset_samples
with samples min: -1.00, samples max: 0.99, avg: 0.03, std: 0.44
Epoch 285, Loss: 0.012746194612648752
Epoch 286 started
Epoch 286, Loss: 0.012099090543058183
Epoch 287 started
Epoch 287, Loss: 0.012472892898652289
Epoch 288 started
Epoch 288, Loss: 0.012655093108614285
Epoch 289 started
Epoch 289, Loss: 0.012211900010704994
Epoch 290 started
generating samples
file name: epoch290
with samples min: -1.04, samples max: 1.14, avg: -0.03, std: 0.46
file name: resultOwn
with samples min: -1.04, samples max: 1.14, avg: -0.03, std: 0.46
file name: dataset_samples
with samples min: -1.00, samples max: 0.99, avg: 0.03, std: 0.44
Epoch 290, Loss: 0.012683221300856935
Epoch 291 started
Epoch 291, Loss: 0.012132679298520088
Epoch 292 started
Epoch 292, Loss: 0.011459164323906104
Epoch 293 started
Epoch 293, Loss: 0.012823585708108213
Epoch 294 started
Epoch 294, Loss: 0.012857572724421819
Epoch 295 started
generating samples
file name: epoch295
with samples min: -1.06, samples max: 1.08, avg: 0.35, std: 0.53
file name: resultOwn
with samples min: -1.06, samples max: 1.08, avg: 0.35, std: 0.53
file name: dataset_samples
with samples min: -1.00, samples max: 0.99, avg: 0.03, std: 0.44
Epoch 295, Loss: 0.011874729068742857
Epoch 296 started
Epoch 296, Loss: 0.012340070413218605
Epoch 297 started
Epoch 297, Loss: 0.012591960993905861
Epoch 298 started
Epoch 298, Loss: 0.01174998009784354
Epoch 299 started
Epoch 299, Loss: 0.012775053381092019
Epoch 300 started
generating samples
file name: epoch300
with samples min: -1.04, samples max: 1.04, avg: -0.01, std: 0.43
file name: resultOwn
with samples min: -1.04, samples max: 1.04, avg: -0.01, std: 0.43
file name: dataset_samples
with samples min: -1.00, samples max: 0.99, avg: 0.03, std: 0.44
Epoch 300, Loss: 0.011955769411391683
Epoch 301 started
Epoch 301, Loss: 0.012742678148051103
Epoch 302 started
Epoch 302, Loss: 0.013008982607887852
Epoch 303 started
Epoch 303, Loss: 0.012797676952348815
Epoch 304 started
Epoch 304, Loss: 0.011881973413543568
Epoch 305 started
generating samples
file name: epoch305
with samples min: -1.09, samples max: 1.14, avg: -0.10, std: 0.48
file name: resultOwn
with samples min: -1.09, samples max: 1.14, avg: -0.10, std: 0.48
file name: dataset_samples
with samples min: -1.00, samples max: 0.99, avg: 0.03, std: 0.44
Epoch 305, Loss: 0.01257758067548275
Epoch 306 started
Epoch 306, Loss: 0.013242062594327662
Epoch 307 started
Epoch 307, Loss: 0.01267224065711101
Epoch 308 started
Epoch 308, Loss: 0.012475227422598335
Epoch 309 started
Epoch 309, Loss: 0.012361611786815855
Epoch 310 started
generating samples
file name: epoch310
with samples min: -1.05, samples max: 1.05, avg: 0.11, std: 0.46
file name: resultOwn
with samples min: -1.05, samples max: 1.05, avg: 0.11, std: 0.46
file name: dataset_samples
with samples min: -1.00, samples max: 0.99, avg: 0.03, std: 0.44
Epoch 310, Loss: 0.012582796935405996
Epoch 311 started
Epoch 311, Loss: 0.012145509294337697
Epoch 312 started
Epoch 312, Loss: 0.012525353098909061
Epoch 313 started
Epoch 313, Loss: 0.012136363832487
Epoch 314 started
Epoch 314, Loss: 0.012518061986400021
Epoch 315 started
generating samples
file name: epoch315
with samples min: -1.09, samples max: 1.07, avg: -0.13, std: 0.45
file name: resultOwn
with samples min: -1.09, samples max: 1.07, avg: -0.13, std: 0.45
file name: dataset_samples
with samples min: -1.00, samples max: 0.99, avg: 0.03, std: 0.44
Epoch 315, Loss: 0.012179452751245764
Epoch 316 started
Epoch 316, Loss: 0.01220893934658832
Epoch 317 started
Epoch 317, Loss: 0.01225860580553611
Epoch 318 started
Epoch 318, Loss: 0.011960605572495196
Epoch 319 started
Epoch 319, Loss: 0.011939153598414527
Epoch 320 started
generating samples
file name: epoch320
with samples min: -1.05, samples max: 1.12, avg: -0.15, std: 0.54
file name: resultOwn
with samples min: -1.05, samples max: 1.12, avg: -0.15, std: 0.54
file name: dataset_samples
with samples min: -1.00, samples max: 0.99, avg: 0.03, std: 0.44
Epoch 320, Loss: 0.012871265144397815
Epoch 321 started
Epoch 321, Loss: 0.011930013540718291
Epoch 322 started
Epoch 322, Loss: 0.012397234997815556
Epoch 323 started
Epoch 323, Loss: 0.012357395348449549
Epoch 324 started
Epoch 324, Loss: 0.012652200053135554
Epoch 325 started
generating samples
file name: epoch325
with samples min: -1.05, samples max: 1.06, avg: 0.05, std: 0.50
file name: resultOwn
with samples min: -1.05, samples max: 1.06, avg: 0.05, std: 0.50
file name: dataset_samples
with samples min: -1.00, samples max: 0.99, avg: 0.03, std: 0.44
Epoch 325, Loss: 0.012334237828850746
Epoch 326 started
Epoch 326, Loss: 0.012543081926802794
Epoch 327 started
Epoch 327, Loss: 0.012823713426374728
Epoch 328 started
Epoch 328, Loss: 0.01256428506804837
Epoch 329 started
Epoch 329, Loss: 0.01267880186272992
Epoch 330 started
generating samples
file name: epoch330
with samples min: -1.06, samples max: 1.05, avg: -0.13, std: 0.54
file name: resultOwn
with samples min: -1.06, samples max: 1.05, avg: -0.13, std: 0.54
file name: dataset_samples
with samples min: -1.00, samples max: 0.99, avg: 0.03, std: 0.44
Epoch 330, Loss: 0.012495049029588699
Epoch 331 started
Epoch 331, Loss: 0.012266794287496142
Epoch 332 started
Epoch 332, Loss: 0.012042186612884203
Epoch 333 started
Epoch 333, Loss: 0.012052504777908325
Epoch 334 started
Epoch 334, Loss: 0.012432677583562004
Epoch 335 started
generating samples
file name: epoch335
with samples min: -1.10, samples max: 1.09, avg: -0.19, std: 0.51
file name: resultOwn
with samples min: -1.10, samples max: 1.09, avg: -0.19, std: 0.51
file name: dataset_samples
with samples min: -1.00, samples max: 0.99, avg: 0.03, std: 0.44
Epoch 335, Loss: 0.013113399808605512
Epoch 336 started
Epoch 336, Loss: 0.012048148413499197
Epoch 337 started
Epoch 337, Loss: 0.012616012019415696
Epoch 338 started
Epoch 338, Loss: 0.011802460888193714
Epoch 339 started
Epoch 339, Loss: 0.012704930548866589
Epoch 340 started
generating samples
file name: epoch340
with samples min: -1.06, samples max: 1.07, avg: 0.08, std: 0.47
file name: resultOwn
with samples min: -1.06, samples max: 1.07, avg: 0.08, std: 0.47
file name: dataset_samples
with samples min: -1.00, samples max: 0.99, avg: 0.03, std: 0.44
Epoch 340, Loss: 0.012298068436483543
Epoch 341 started
Epoch 341, Loss: 0.012155727593435181
Epoch 342 started
Epoch 342, Loss: 0.01250184897498952
Epoch 343 started
Epoch 343, Loss: 0.01230790315485663
Epoch 344 started
Epoch 344, Loss: 0.012036193354262247
Epoch 345 started
generating samples
file name: epoch345
with samples min: -1.03, samples max: 1.18, avg: 0.53, std: 0.44
file name: resultOwn
with samples min: -1.03, samples max: 1.18, avg: 0.53, std: 0.44
file name: dataset_samples
with samples min: -1.00, samples max: 0.99, avg: 0.03, std: 0.44
Epoch 345, Loss: 0.012031487617227766
Epoch 346 started
Epoch 346, Loss: 0.012277135919365618
Epoch 347 started
Epoch 347, Loss: 0.012402886154750983
Epoch 348 started
Epoch 348, Loss: 0.012468637870831622
Epoch 349 started
Epoch 349, Loss: 0.012372149977419112
Epoch 350 started
generating samples
file name: epoch350
with samples min: -1.26, samples max: 1.06, avg: -0.45, std: 0.56
file name: resultOwn
with samples min: -1.26, samples max: 1.06, avg: -0.45, std: 0.56
file name: dataset_samples
with samples min: -1.00, samples max: 0.99, avg: 0.03, std: 0.44
Epoch 350, Loss: 0.011784121384223302
Epoch 351 started
Epoch 351, Loss: 0.011936643774310748
Epoch 352 started
Epoch 352, Loss: 0.01207568829672204
Epoch 353 started
Epoch 353, Loss: 0.012362329421771897
Epoch 354 started
Epoch 354, Loss: 0.01293065198096964
Epoch 355 started
generating samples
file name: epoch355
with samples min: -1.08, samples max: 1.05, avg: -0.13, std: 0.56
file name: resultOwn
with samples min: -1.08, samples max: 1.05, avg: -0.13, std: 0.56
file name: dataset_samples
with samples min: -1.00, samples max: 0.99, avg: 0.03, std: 0.44
Epoch 355, Loss: 0.012119619664632611
Epoch 356 started
Epoch 356, Loss: 0.012218054626550939
Epoch 357 started
Epoch 357, Loss: 0.012041386654807461
Epoch 358 started
Epoch 358, Loss: 0.01228833878868156
Epoch 359 started
Epoch 359, Loss: 0.012458124034934574
Epoch 360 started
generating samples
file name: epoch360
with samples min: -1.06, samples max: 1.12, avg: 0.42, std: 0.42
file name: resultOwn
with samples min: -1.06, samples max: 1.12, avg: 0.42, std: 0.42
file name: dataset_samples
with samples min: -1.00, samples max: 0.99, avg: 0.03, std: 0.44
Epoch 360, Loss: 0.011782940887742573
Epoch 361 started
Epoch 361, Loss: 0.012508910135262542
Epoch 362 started
Epoch 362, Loss: 0.011531320210960176
Epoch 363 started
Epoch 363, Loss: 0.012406132054825623
Epoch 364 started
Epoch 364, Loss: 0.012228445086214278
Epoch 365 started
generating samples
file name: epoch365
with samples min: -1.07, samples max: 1.12, avg: 0.28, std: 0.50
file name: resultOwn
with samples min: -1.07, samples max: 1.12, avg: 0.28, std: 0.50
file name: dataset_samples
with samples min: -1.00, samples max: 0.99, avg: 0.03, std: 0.44
Epoch 365, Loss: 0.011577169328927994
Epoch 366 started
Epoch 366, Loss: 0.012318394961456458
Epoch 367 started
Epoch 367, Loss: 0.012650008446640439
Epoch 368 started
Epoch 368, Loss: 0.012276800894902812
Epoch 369 started
Epoch 369, Loss: 0.012577912371605635
Epoch 370 started
generating samples
file name: epoch370
with samples min: -1.04, samples max: 1.09, avg: 0.07, std: 0.50
file name: resultOwn
with samples min: -1.04, samples max: 1.09, avg: 0.07, std: 0.50
file name: dataset_samples
with samples min: -1.00, samples max: 0.99, avg: 0.03, std: 0.44
Epoch 370, Loss: 0.012852354788117939
Epoch 371 started
Epoch 371, Loss: 0.011963509696225325
Epoch 372 started
Epoch 372, Loss: 0.011773301392793655
Epoch 373 started
Epoch 373, Loss: 0.012644863316582308
Epoch 374 started
Epoch 374, Loss: 0.011290168028324842
Epoch 375 started
generating samples
file name: epoch375
with samples min: -1.10, samples max: 1.04, avg: -0.19, std: 0.50
file name: resultOwn
with samples min: -1.10, samples max: 1.04, avg: -0.19, std: 0.50
file name: dataset_samples
with samples min: -1.00, samples max: 0.99, avg: 0.03, std: 0.44
Epoch 375, Loss: 0.011831333961337804
Epoch 376 started
Epoch 376, Loss: 0.012000998174978628
Epoch 377 started
Epoch 377, Loss: 0.012188045454521974
Epoch 378 started
Epoch 378, Loss: 0.011856499078373115
Epoch 379 started
Epoch 379, Loss: 0.011490548180209266
Epoch 380 started
generating samples
file name: epoch380
with samples min: -1.06, samples max: 1.17, avg: 0.30, std: 0.44
file name: resultOwn
with samples min: -1.06, samples max: 1.17, avg: 0.30, std: 0.44
file name: dataset_samples
with samples min: -1.00, samples max: 0.99, avg: 0.03, std: 0.44
Epoch 380, Loss: 0.011581604151262177
Epoch 381 started
Epoch 381, Loss: 0.012699827083283
Epoch 382 started
Epoch 382, Loss: 0.011469682267970509
Epoch 383 started
Epoch 383, Loss: 0.012580681257777743
Epoch 384 started
Epoch 384, Loss: 0.012612715572946602
Epoch 385 started
generating samples
file name: epoch385
with samples min: -0.99, samples max: 1.15, avg: 0.47, std: 0.38
file name: resultOwn
with samples min: -0.99, samples max: 1.15, avg: 0.47, std: 0.38
file name: dataset_samples
with samples min: -1.00, samples max: 0.99, avg: 0.03, std: 0.44
Epoch 385, Loss: 0.012141946772734323
Epoch 386 started
Epoch 386, Loss: 0.012092327508661483
Epoch 387 started
Epoch 387, Loss: 0.012286166666282548
Epoch 388 started
Epoch 388, Loss: 0.012049383459819688
Epoch 389 started
Epoch 389, Loss: 0.01283052136335108
Epoch 390 started
generating samples
file name: epoch390
with samples min: -1.04, samples max: 1.07, avg: -0.00, std: 0.49
file name: resultOwn
with samples min: -1.04, samples max: 1.07, avg: -0.00, std: 0.49
file name: dataset_samples
with samples min: -1.00, samples max: 0.99, avg: 0.03, std: 0.44
Epoch 390, Loss: 0.012655564989480707
Epoch 391 started
Epoch 391, Loss: 0.012075356598529551
Epoch 392 started
Epoch 392, Loss: 0.011437841778414117
Epoch 393 started
Epoch 393, Loss: 0.012224416355292003
Epoch 394 started
Epoch 394, Loss: 0.012376987469693025
Epoch 395 started
generating samples
file name: epoch395
with samples min: -1.23, samples max: 1.17, avg: 0.29, std: 0.50
file name: resultOwn
with samples min: -1.23, samples max: 1.17, avg: 0.29, std: 0.50
file name: dataset_samples
with samples min: -1.00, samples max: 0.99, avg: 0.03, std: 0.44
Epoch 395, Loss: 0.012469513398077753
Epoch 396 started
Epoch 396, Loss: 0.012547545472780863
Epoch 397 started
Epoch 397, Loss: 0.012073752027418878
Epoch 398 started
Epoch 398, Loss: 0.01197749774158001
Epoch 399 started
Epoch 399, Loss: 0.01172500625004371
Epoch 400 started
generating samples
file name: epoch400
with samples min: -1.02, samples max: 1.11, avg: 0.34, std: 0.39
file name: resultOwn
with samples min: -1.02, samples max: 1.11, avg: 0.34, std: 0.39
file name: dataset_samples
with samples min: -1.00, samples max: 0.99, avg: 0.03, std: 0.44
Epoch 400, Loss: 0.01227975071180198
Epoch 401 started
Epoch 401, Loss: 0.012283626039822896
Epoch 402 started
Epoch 402, Loss: 0.011657180724872483
Epoch 403 started
Epoch 403, Loss: 0.012291121220423116
Epoch 404 started
Epoch 404, Loss: 0.012265413699878587
Epoch 405 started
generating samples
file name: epoch405
with samples min: -1.08, samples max: 1.17, avg: 0.34, std: 0.47
file name: resultOwn
with samples min: -1.08, samples max: 1.17, avg: 0.34, std: 0.47
file name: dataset_samples
with samples min: -1.00, samples max: 0.99, avg: 0.03, std: 0.44
Epoch 405, Loss: 0.012417260266840457
Epoch 406 started
Epoch 406, Loss: 0.011642274970809618
Epoch 407 started
Epoch 407, Loss: 0.012576102866066826
Epoch 408 started
Epoch 408, Loss: 0.01231648013409641
Epoch 409 started
Epoch 409, Loss: 0.011893261068397097
Epoch 410 started
generating samples
file name: epoch410
with samples min: -1.11, samples max: 1.02, avg: -0.07, std: 0.46
file name: resultOwn
with samples min: -1.11, samples max: 1.02, avg: -0.07, std: 0.46
file name: dataset_samples
with samples min: -1.00, samples max: 0.99, avg: 0.03, std: 0.44
Epoch 410, Loss: 0.012227315975560083
Epoch 411 started
Epoch 411, Loss: 0.011989526144746278
Epoch 412 started
Epoch 412, Loss: 0.012277859287129508
Epoch 413 started
Epoch 413, Loss: 0.011832234784960746
Epoch 414 started
Epoch 414, Loss: 0.012169741621447934
Epoch 415 started
generating samples
file name: epoch415
with samples min: -1.06, samples max: 1.08, avg: -0.14, std: 0.55
file name: resultOwn
with samples min: -1.06, samples max: 1.08, avg: -0.14, std: 0.55
file name: dataset_samples
with samples min: -1.00, samples max: 0.99, avg: 0.03, std: 0.44
Epoch 415, Loss: 0.012001820700036156
Epoch 416 started
Epoch 416, Loss: 0.01213446779549122
Epoch 417 started
Epoch 417, Loss: 0.011922660399642255
Epoch 418 started
Epoch 418, Loss: 0.0119253685929709
Epoch 419 started
Epoch 419, Loss: 0.012236625872552394
Epoch 420 started
generating samples
file name: epoch420
with samples min: -1.03, samples max: 1.06, avg: -0.04, std: 0.47
file name: resultOwn
with samples min: -1.03, samples max: 1.06, avg: -0.04, std: 0.47
file name: dataset_samples
with samples min: -1.00, samples max: 0.99, avg: 0.03, std: 0.44
Epoch 420, Loss: 0.012054592649555869
Epoch 421 started
Epoch 421, Loss: 0.011793996726473173
Epoch 422 started
Epoch 422, Loss: 0.01198136126746734
Epoch 423 started
Epoch 423, Loss: 0.01181473257392645
Epoch 424 started
Epoch 424, Loss: 0.01184363119966454
Epoch 425 started
generating samples
file name: epoch425
with samples min: -1.09, samples max: 1.00, avg: -0.37, std: 0.43
file name: resultOwn
with samples min: -1.09, samples max: 1.00, avg: -0.37, std: 0.43
file name: dataset_samples
with samples min: -1.00, samples max: 0.99, avg: 0.03, std: 0.44
Epoch 425, Loss: 0.012512777715921401
Epoch 426 started
Epoch 426, Loss: 0.012393168727556865
Epoch 427 started
Epoch 427, Loss: 0.012181382555928495
Epoch 428 started
Epoch 428, Loss: 0.01219596130732033
Epoch 429 started
Epoch 429, Loss: 0.012314262999428643
Epoch 430 started
generating samples
file name: epoch430
with samples min: -1.03, samples max: 1.07, avg: 0.30, std: 0.45
file name: resultOwn
with samples min: -1.03, samples max: 1.07, avg: 0.30, std: 0.45
file name: dataset_samples
with samples min: -1.00, samples max: 0.99, avg: 0.03, std: 0.44
Epoch 430, Loss: 0.012682933224572075
Epoch 431 started
Epoch 431, Loss: 0.012493869812952148
Epoch 432 started
Epoch 432, Loss: 0.012320023756060335
Epoch 433 started
Epoch 433, Loss: 0.01247375346471866
Epoch 434 started
Epoch 434, Loss: 0.012098403321372138
Epoch 435 started
generating samples
file name: epoch435
with samples min: -1.02, samples max: 1.10, avg: 0.16, std: 0.54
file name: resultOwn
with samples min: -1.02, samples max: 1.10, avg: 0.16, std: 0.54
file name: dataset_samples
with samples min: -1.00, samples max: 0.99, avg: 0.03, std: 0.44
Epoch 435, Loss: 0.01167648307979107
Epoch 436 started
Epoch 436, Loss: 0.012261528136001693
Epoch 437 started
Epoch 437, Loss: 0.011576466989186076
Epoch 438 started
Epoch 438, Loss: 0.011859408266014523
Epoch 439 started
Epoch 439, Loss: 0.012076617014076975
Epoch 440 started
generating samples
file name: epoch440
with samples min: -1.12, samples max: 1.04, avg: -0.19, std: 0.48
file name: resultOwn
with samples min: -1.12, samples max: 1.04, avg: -0.19, std: 0.48
file name: dataset_samples
with samples min: -1.00, samples max: 0.99, avg: 0.03, std: 0.44
Epoch 440, Loss: 0.011699596213797727
Epoch 441 started
Epoch 441, Loss: 0.012366401356955369
Epoch 442 started
Epoch 442, Loss: 0.012540283016860485
Epoch 443 started
Epoch 443, Loss: 0.012170197642511791
Epoch 444 started
Epoch 444, Loss: 0.011482851288798782
Epoch 445 started
generating samples
file name: epoch445
with samples min: -1.01, samples max: 1.05, avg: 0.09, std: 0.43
file name: resultOwn
with samples min: -1.01, samples max: 1.05, avg: 0.09, std: 0.43
file name: dataset_samples
with samples min: -1.00, samples max: 0.99, avg: 0.03, std: 0.44
Epoch 445, Loss: 0.012034807614154286
Epoch 446 started
Epoch 446, Loss: 0.01179555520746443
Epoch 447 started
Epoch 447, Loss: 0.012868670901490582
Epoch 448 started
Epoch 448, Loss: 0.012560238131218487
Epoch 449 started
Epoch 449, Loss: 0.011776057396497992
Epoch 450 started
generating samples
file name: epoch450
with samples min: -1.01, samples max: 1.14, avg: 0.25, std: 0.52
file name: resultOwn
with samples min: -1.01, samples max: 1.14, avg: 0.25, std: 0.52
file name: dataset_samples
with samples min: -1.00, samples max: 0.99, avg: 0.03, std: 0.44
Epoch 450, Loss: 0.012022264083226522
Epoch 451 started
Epoch 451, Loss: 0.01167424846606122
Epoch 452 started
Epoch 452, Loss: 0.012356490410036511
Epoch 453 started
Epoch 453, Loss: 0.012539495165149371
Epoch 454 started
Epoch 454, Loss: 0.01223619229098161
Epoch 455 started
generating samples
file name: epoch455
with samples min: -1.07, samples max: 1.15, avg: 0.32, std: 0.48
file name: resultOwn
with samples min: -1.07, samples max: 1.15, avg: 0.32, std: 0.48
file name: dataset_samples
with samples min: -1.00, samples max: 0.99, avg: 0.03, std: 0.44
Epoch 455, Loss: 0.012408233017557196
Epoch 456 started
Epoch 456, Loss: 0.011578231287499269
Epoch 457 started
Epoch 457, Loss: 0.012136725854542521
Epoch 458 started
Epoch 458, Loss: 0.011966923058032989
Epoch 459 started
Epoch 459, Loss: 0.012126346283488803
Epoch 460 started
generating samples
file name: epoch460
with samples min: -1.04, samples max: 1.19, avg: -0.01, std: 0.50
file name: resultOwn
with samples min: -1.04, samples max: 1.19, avg: -0.01, std: 0.50
file name: dataset_samples
with samples min: -1.00, samples max: 0.99, avg: 0.03, std: 0.44
Epoch 460, Loss: 0.012178287708097034
Epoch 461 started
Epoch 461, Loss: 0.012211719967424869
Epoch 462 started
Epoch 462, Loss: 0.012532947811815473
Epoch 463 started
Epoch 463, Loss: 0.012200529098510743
Epoch 464 started
Epoch 464, Loss: 0.012304790408247047
Epoch 465 started
generating samples
file name: epoch465
with samples min: -1.06, samples max: 1.07, avg: -0.04, std: 0.52
file name: resultOwn
with samples min: -1.06, samples max: 1.07, avg: -0.04, std: 0.52
file name: dataset_samples
with samples min: -1.00, samples max: 0.99, avg: 0.03, std: 0.44
Epoch 465, Loss: 0.012230515441960759
Epoch 466 started
Epoch 466, Loss: 0.011916007380518649
Epoch 467 started
Epoch 467, Loss: 0.012549183309078216
Epoch 468 started
Epoch 468, Loss: 0.01195265850590335
Epoch 469 started
Epoch 469, Loss: 0.011569964733388689
Epoch 470 started
generating samples
file name: epoch470
with samples min: -1.04, samples max: 1.12, avg: 0.32, std: 0.42
file name: resultOwn
with samples min: -1.04, samples max: 1.12, avg: 0.32, std: 0.42
file name: dataset_samples
with samples min: -1.00, samples max: 0.99, avg: 0.03, std: 0.44
Epoch 470, Loss: 0.012451284866366121
Epoch 471 started
Epoch 471, Loss: 0.011923453765196932
Epoch 472 started
Epoch 472, Loss: 0.012251079235639837
Epoch 473 started
Epoch 473, Loss: 0.011689424800790018
Epoch 474 started
Epoch 474, Loss: 0.012485005646116204
Epoch 475 started
generating samples
file name: epoch475
with samples min: -1.06, samples max: 1.22, avg: 0.25, std: 0.55
file name: resultOwn
with samples min: -1.06, samples max: 1.22, avg: 0.25, std: 0.55
file name: dataset_samples
with samples min: -1.00, samples max: 0.99, avg: 0.03, std: 0.44
Epoch 475, Loss: 0.011921670666999288
Epoch 476 started
Epoch 476, Loss: 0.012014323203100098
Epoch 477 started
Epoch 477, Loss: 0.011921532306406232
Epoch 478 started
Epoch 478, Loss: 0.01198117965211471
Epoch 479 started
Epoch 479, Loss: 0.012436951973372036
Epoch 480 started
generating samples
file name: epoch480
with samples min: -1.09, samples max: 1.09, avg: -0.25, std: 0.54
file name: resultOwn
with samples min: -1.09, samples max: 1.09, avg: -0.25, std: 0.54
file name: dataset_samples
with samples min: -1.00, samples max: 0.99, avg: 0.03, std: 0.44
Epoch 480, Loss: 0.012487910877499316
Epoch 481 started
Epoch 481, Loss: 0.01216588019579649
Epoch 482 started
Epoch 482, Loss: 0.012111097137961123
Epoch 483 started
Epoch 483, Loss: 0.01281215597440799
Epoch 484 started
Epoch 484, Loss: 0.011823326826095581
Epoch 485 started
generating samples
file name: epoch485
with samples min: -1.35, samples max: 1.05, avg: -0.03, std: 0.50
file name: resultOwn
with samples min: -1.35, samples max: 1.05, avg: -0.03, std: 0.50
file name: dataset_samples
with samples min: -1.00, samples max: 0.99, avg: 0.03, std: 0.44
Epoch 485, Loss: 0.01203177069955402
Epoch 486 started
Epoch 486, Loss: 0.011913149633755286
Epoch 487 started
Epoch 487, Loss: 0.012209495786163541
Epoch 488 started
Epoch 488, Loss: 0.01199481957240237
Epoch 489 started
Epoch 489, Loss: 0.012224762327141233
Epoch 490 started
generating samples
file name: epoch490
with samples min: -1.06, samples max: 1.03, avg: -0.27, std: 0.50
file name: resultOwn
with samples min: -1.06, samples max: 1.03, avg: -0.27, std: 0.50
file name: dataset_samples
with samples min: -1.00, samples max: 0.99, avg: 0.03, std: 0.44
Epoch 490, Loss: 0.012277779370546341
Epoch 491 started
Epoch 491, Loss: 0.011999221536020437
Epoch 492 started
Epoch 492, Loss: 0.01190323488910993
Epoch 493 started
Epoch 493, Loss: 0.011666270010587242
Epoch 494 started
Epoch 494, Loss: 0.01224151748832729
Epoch 495 started
generating samples
file name: epoch495
with samples min: -1.11, samples max: 1.14, avg: -0.19, std: 0.59
file name: resultOwn
with samples min: -1.11, samples max: 1.14, avg: -0.19, std: 0.59
file name: dataset_samples
with samples min: -1.00, samples max: 0.99, avg: 0.03, std: 0.44
Epoch 495, Loss: 0.012408006068733003
Epoch 496 started
Epoch 496, Loss: 0.011936029257045852
Epoch 497 started
Epoch 497, Loss: 0.011888963063557943
Epoch 498 started
Epoch 498, Loss: 0.011989094710184469
Epoch 499 started
Epoch 499, Loss: 0.012501793012022972
Training complete.
[1;34mwandb[0m:  View run [33mResNetCELEBA_283647[0m at: [34mhttps://wandb.ai/juliuseg-danmarks-tekniske-universitet-dtu/CELEBA_wandb/runs/4r188h7j[0m
[1;34mwandb[0m: Find logs at: [1;35mwandb/run-20241126_175409-4r188h7j/logs[0m

------------------------------------------------------------
Sender: LSF System <lsfadmin@hpc.dtu.dk>
Subject: Job 23266656: <mnist_training> in cluster <dcc> Done

Job <mnist_training> was submitted from host <n-62-12-19> by user <s204427> in cluster <dcc> at Tue Nov 26 14:42:40 2024
Job was executed on host(s) <4*n-62-18-9>, in queue <gpua100>, as user <s204427> in cluster <dcc> at Tue Nov 26 17:53:53 2024
</zhome/1a/a/156609> was used as the home directory.
</zhome/1a/a/156609/project/path> was used as the working directory.
Started at Tue Nov 26 17:53:53 2024
Terminated at Wed Nov 27 01:07:42 2024
Results reported at Wed Nov 27 01:07:42 2024

Your job looked like:

------------------------------------------------------------
# LSBATCH: User input
# mnist_job.sh
#!/bin/bash
#BSUB -J mnist_training           # Job name
#BSUB -q gpua100                   # Queue name for Tesla A10 GPUs
#BSUB -gpu "num=1"                # Request 1 GPU in exclusive mode
#BSUB -n 4                        # Request 4 CPU cores (required)
#BSUB -R "span[hosts=1]"          # Ensure resources are on a single node
#BSUB -W 48:00                    # Walltime (1 hour)
#BSUB -R "rusage[mem=4096]"       # Request 4GB of system memory
#BSUB -o ./logs/outputLogs/output_%J.log            # Output file
#BSUB -e ./logs/errorLogs/error_%J.log             # Error file

# Load necessary modules
module load python3/3.10.12
module load cuda/12.1

# Set W&B API key (replace with your actual key)
export WANDB_API_KEY="6ecda4c80f57815b4ff4780014d596e19617454c"

# Activate virtual environment
source /zhome/1a/a/156609/project/path/.venv/bin/activate

# Run the PyTorch training script
python3 mainUNetResBlock.py

------------------------------------------------------------

Successfully completed.

Resource usage summary:

    CPU time :                                   25166.00 sec.
    Max Memory :                                 1620 MB
    Average Memory :                             1547.49 MB
    Total Requested Memory :                     16384.00 MB
    Delta Memory :                               14764.00 MB
    Max Swap :                                   -
    Max Processes :                              6
    Max Threads :                                29
    Run time :                                   26029 sec.
    Turnaround time :                            37502 sec.

The output (if any) is above this job summary.



PS:

Read file <./logs/errorLogs/error_23266656.log> for stderr output of this job.

