Loading training set
Epoch 0 started
[1;34mwandb[0m: 🚀 View run [33mCIFAR 500 epochs[0m at: [34mhttps://wandb.ai/juliuseg-danmarks-tekniske-universitet-dtu/MNIST_wandb/runs/09hicqhu[0m
[1;34mwandb[0m: Find logs at: [1;35mwandb/run-20241126_025433-09hicqhu/logs[0m

------------------------------------------------------------
Sender: LSF System <lsfadmin@hpc.dtu.dk>
Subject: Job 23259646: <mnist_training> in cluster <dcc> Exited

Job <mnist_training> was submitted from host <n-62-12-19> by user <s204427> in cluster <dcc> at Mon Nov 25 20:49:19 2024
Job was executed on host(s) <4*n-62-18-13>, in queue <gpua100>, as user <s204427> in cluster <dcc> at Tue Nov 26 02:54:14 2024
</zhome/1a/a/156609> was used as the home directory.
</zhome/1a/a/156609/project/path> was used as the working directory.
Started at Tue Nov 26 02:54:14 2024
Terminated at Tue Nov 26 02:54:41 2024
Results reported at Tue Nov 26 02:54:41 2024

Your job looked like:

------------------------------------------------------------
# LSBATCH: User input
# mnist_job.sh
#!/bin/bash
#BSUB -J mnist_training           # Job name
#BSUB -q gpua100                   # Queue name for Tesla A10 GPUs
#BSUB -gpu "num=1"                # Request 1 GPU in exclusive mode
#BSUB -n 4                        # Request 4 CPU cores (required)
#BSUB -R "span[hosts=1]"          # Ensure resources are on a single node
#BSUB -W 48:00                    # Walltime (1 hour)
#BSUB -R "rusage[mem=4096]"       # Request 4GB of system memory
#BSUB -o ./logs/outputLogs/output_%J.log            # Output file
#BSUB -e ./logs/errorLogs/error_%J.log             # Error file

# Load necessary modules
module load python3/3.10.12
module load cuda/12.1

# Set W&B API key (replace with your actual key)
export WANDB_API_KEY="6ecda4c80f57815b4ff4780014d596e19617454c"

# Activate virtual environment
source /zhome/1a/a/156609/project/path/.venv/bin/activate

# Run the PyTorch training script
python3 main.py

------------------------------------------------------------

Exited with exit code 1.

Resource usage summary:

    CPU time :                                   10.00 sec.
    Max Memory :                                 287 MB
    Average Memory :                             286.67 MB
    Total Requested Memory :                     16384.00 MB
    Delta Memory :                               16097.00 MB
    Max Swap :                                   -
    Max Processes :                              4
    Max Threads :                                7
    Run time :                                   28 sec.
    Turnaround time :                            21922 sec.

The output (if any) is above this job summary.



PS:

Read file <./logs/errorLogs/error_23259646.log> for stderr output of this job.

